Log file open, 04/30/22 18:12:54
LogWindows: Failed to load 'aqProf.dll' (GetLastError=126)
LogWindows: File 'aqProf.dll' does not exist
LogWindows: Failed to load 'VtuneApi.dll' (GetLastError=126)
LogWindows: File 'VtuneApi.dll' does not exist
LogWindows: Failed to load 'VtuneApi32e.dll' (GetLastError=126)
LogWindows: File 'VtuneApi32e.dll' does not exist
LogConsoleResponse: Display: Failed to find resolution value strings in scalability ini. Falling back to default.
LogConsoleResponse: Display: Failed to find resolution value strings in scalability ini. Falling back to default.
LogInit: Display: Running engine for game: NewFeatures
LogPlatformFile: Not using cached read wrapper
LogTaskGraph: Started task graph with 5 named threads and 23 total threads with 3 sets of task threads.
LogStats: Stats thread started at 0.350133
LogICUInternationalization: ICU TimeZone Detection - Raw Offset: -5:00, Platform Override: ''
LogInit: Display: Loading text-based GConfig....
LogPluginManager: Mounting plugin MegascansPlugin
LogPluginManager: Mounting plugin MeshPainting
LogPluginManager: Mounting plugin XGEController
LogPluginManager: Mounting plugin Paper2D
LogPluginManager: Mounting plugin AISupport
LogPluginManager: Mounting plugin EnvironmentQueryEditor
LogPluginManager: Mounting plugin LiveLink
LogPluginManager: Mounting plugin LightPropagationVolume
LogPluginManager: Mounting plugin OodleData
LogPluginManager: Mounting plugin OodleNetwork
LogPluginManager: Mounting plugin AnimationSharing
LogPluginManager: Mounting plugin CLionSourceCodeAccess
LogPluginManager: Mounting plugin CodeLiteSourceCodeAccess
LogPluginManager: Mounting plugin NullSourceCodeAccess
LogPluginManager: Mounting plugin GitSourceControl
LogPluginManager: Mounting plugin KDevelopSourceCodeAccess
LogPluginManager: Mounting plugin PerforceSourceControl
LogPluginManager: Mounting plugin PixWinPlugin
LogPluginManager: Mounting plugin PluginUtils
LogPluginManager: Mounting plugin PlasticSourceControl
LogPluginManager: Mounting plugin PropertyAccessNode
LogPluginManager: Mounting plugin RiderLink
LogPluginManager: Mounting plugin RiderSourceCodeAccess
LogPluginManager: Mounting plugin TextureFormatOodle
LogPluginManager: Mounting plugin SubversionSourceControl
LogPluginManager: Mounting plugin UObjectPlugin
LogPluginManager: Mounting plugin VisualStudioCodeSourceCodeAccess
LogPluginManager: Mounting plugin XCodeSourceCodeAccess
LogPluginManager: Mounting plugin VisualStudioSourceCodeAccess
LogPluginManager: Mounting plugin AssetManagerEditor
LogPluginManager: Mounting plugin CryptoKeys
LogPluginManager: Mounting plugin CurveEditorTools
LogPluginManager: Mounting plugin DataValidation
LogPluginManager: Mounting plugin EditorScriptingUtilities
LogPluginManager: Mounting plugin FacialAnimation
LogPluginManager: Mounting plugin GameplayTagsEditor
LogPluginManager: Mounting plugin GeometryMode
LogPluginManager: Mounting plugin MacGraphicsSwitching
LogPluginManager: Mounting plugin MaterialAnalyzer
LogPluginManager: Mounting plugin PluginBrowser
LogPluginManager: Mounting plugin MobileLauncherProfileWizard
LogPluginManager: Mounting plugin SpeedTreeImporter
LogPluginManager: Mounting plugin DatasmithContent
LogPluginManager: Mounting plugin VariantManagerContent
LogPluginManager: Mounting plugin CameraShakePreviewer
LogPluginManager: Mounting plugin AlembicImporter
LogPluginManager: Mounting plugin GameplayCameras
LogPluginManager: Mounting plugin AutomationUtils
LogPluginManager: Mounting plugin BackChannel
LogPluginManager: Mounting plugin Niagara
LogPluginManager: Mounting plugin ChaosCloth
LogPluginManager: Mounting plugin ChaosClothEditor
LogPluginManager: Mounting plugin ChaosEditor
LogPluginManager: Mounting plugin ChaosNiagara
LogPluginManager: Mounting plugin ChaosSolverPlugin
LogPluginManager: Mounting plugin CharacterAI
LogPluginManager: Mounting plugin GeometryCache
LogPluginManager: Mounting plugin GeometryCollectionPlugin
LogPluginManager: Mounting plugin LuminPlatformFeatures
LogPluginManager: Mounting plugin MagicLeap
LogPluginManager: Mounting plugin MagicLeapLightEstimation
LogPluginManager: Mounting plugin MagicLeapMedia
LogPluginManager: Mounting plugin GeometryProcessing
LogPluginManager: Mounting plugin MagicLeapPassableWorld
LogPluginManager: Mounting plugin AndroidMedia
LogPluginManager: Mounting plugin MLSDK
LogPluginManager: Mounting plugin MotoSynth
LogPluginManager: Mounting plugin AvfMedia
LogPluginManager: Mounting plugin OpenImageDenoise
LogPluginManager: Mounting plugin ImgMedia
LogPluginManager: Mounting plugin MediaCompositing
LogPluginManager: Mounting plugin PlanarCut
LogPluginManager: Mounting plugin PlatformCrypto
LogPluginManager: Mounting plugin MediaPlayerEditor
LogPluginManager: Mounting plugin ProxyLODPlugin
LogPluginManager: Mounting plugin PythonScriptPlugin
LogPluginManager: Mounting plugin WebMMedia
LogPluginManager: Mounting plugin WmfMedia
LogPluginManager: Mounting plugin SkeletalReduction
LogPluginManager: Mounting plugin UdpMessaging
LogPluginManager: Mounting plugin TcpMessaging
LogPluginManager: Mounting plugin ActorSequence
LogPluginManager: Mounting plugin MatineeToLevelSequence
LogPluginManager: Mounting plugin LevelSequenceEditor
LogPluginManager: Mounting plugin TemplateSequence
LogPluginManager: Mounting plugin LauncherChunkInstaller
LogPluginManager: Mounting plugin OnlineSubsystem
LogPluginManager: Mounting plugin OnlineSubsystemNull
LogPluginManager: Mounting plugin OnlineSubsystemUtils
LogPluginManager: Mounting plugin ActorLayerUtilities
LogPluginManager: Mounting plugin AndroidDeviceProfileSelector
LogPluginManager: Mounting plugin AndroidMoviePlayer
LogPluginManager: Mounting plugin AndroidPermission
LogPluginManager: Mounting plugin AppleImageUtils
LogPluginManager: Mounting plugin AppleMoviePlayer
LogPluginManager: Mounting plugin ArchVisCharacter
LogPluginManager: Mounting plugin AssetTags
LogPluginManager: Mounting plugin AudioCapture
LogPluginManager: Mounting plugin AudioSynesthesia
LogPluginManager: Mounting plugin CableComponent
LogPluginManager: Mounting plugin CustomMeshComponent
LogPluginManager: Mounting plugin ChunkDownloader
LogPluginManager: Mounting plugin EditableMesh
LogPluginManager: Mounting plugin ExampleDeviceProfileSelector
LogPluginManager: Mounting plugin GoogleCloudMessaging
LogPluginManager: Mounting plugin GooglePAD
LogPluginManager: Mounting plugin IOSDeviceProfileSelector
LogPluginManager: Mounting plugin LinuxDeviceProfileSelector
LogPluginManager: Mounting plugin LocationServicesBPLibrary
LogPluginManager: Mounting plugin MobilePatchingUtils
LogPluginManager: Mounting plugin OpenXR
LogPluginManager: Mounting plugin OpenXREyeTracker
LogPluginManager: Mounting plugin OpenXRHandTracking
LogPluginManager: Mounting plugin PhysXVehicles
LogPluginManager: Mounting plugin PostSplashScreen
LogPluginManager: Mounting plugin ProceduralMeshComponent
LogPluginManager: Mounting plugin PropertyAccessEditor
LogPluginManager: Mounting plugin RuntimePhysXCooking
LogPluginManager: Mounting plugin SignificanceManager
LogPluginManager: Mounting plugin SoundFields
LogPluginManager: Mounting plugin Synthesis
LogPluginManager: Mounting plugin WebMMoviePlayer
LogPluginManager: Mounting plugin WindowsMoviePlayer
LogPluginManager: Mounting plugin ScreenshotTools
LogPluginManager: Mounting plugin Takes
LogPluginManager: Mounting plugin ContentBrowserAssetDataSource
LogPluginManager: Mounting plugin ContentBrowserClassDataSource
LogPluginManager: Mounting plugin ContentBrowserFileDataSource
LogPluginManager: Mounting plugin OnlineSubsystemGooglePlay
LogPluginManager: Mounting plugin OnlineSubsystemIOS
LogPluginManager: Mounting plugin DatabaseSupport
LogPluginManager: Mounting plugin SQLiteSupport
LogPluginManager: Mounting plugin SQLiteCore
LogPluginManager: Mounting plugin OculusVR
LogPluginManager: Mounting plugin SteamVR
LogPluginManager: Mounting plugin QuickUISetup
LogPluginManager: Mounting plugin HoudiniEngine
PixWinPlugin: PIX capture plugin failed to initialize! Check that the process is launched from PIX.
LogInit: Using libcurl 7.55.1-DEV
LogInit:  - built for x86_64-pc-win32
LogInit:  - supports SSL with OpenSSL/1.1.1
LogInit:  - supports HTTP deflate (compression) using libz 1.2.8
LogInit:  - other features:
LogInit:      CURL_VERSION_SSL
LogInit:      CURL_VERSION_LIBZ
LogInit:      CURL_VERSION_IPV6
LogInit:      CURL_VERSION_ASYNCHDNS
LogInit:      CURL_VERSION_LARGEFILE
LogInit:      CURL_VERSION_IDN
LogInit:  CurlRequestOptions (configurable via config and command line):
LogInit:  - bVerifyPeer = true  - Libcurl will verify peer certificate
LogInit:  - bUseHttpProxy = false  - Libcurl will NOT use HTTP proxy
LogInit:  - bDontReuseConnections = false  - Libcurl will reuse connections
LogInit:  - MaxHostConnections = 16  - Libcurl will limit the number of connections to a host
LogInit:  - LocalHostAddr = Default
LogInit:  - BufferSize = 65536
LogOnline: OSS: Creating online subsystem instance for: NULL
LogInit: WinSock: version 1.1 (2.2), MaxSocks=32767, MaxUdp=65467
LogOnline: OSS: TryLoadSubsystemAndSetDefault: Loaded subsystem for module [NULL]
LogOculusPluginWrapper: OculusPlugin initialized successfully
LogHMD: Failed initializing OVRPlugin 1.59.0
LogInit: Build: ++UE4+Release-4.27-CL-18319896
LogInit: Engine Version: 4.27.2-18319896+++UE4+Release-4.27
LogInit: Compatible Engine Version: 4.27.0-17155196+++UE4+Release-4.27
LogInit: Net CL: 17155196
LogInit: OS: Windows 10 (Release 2009) (), CPU: Intel(R) Core(TM) i7-4790K CPU @ 4.00GHz, GPU: Intel(R) HD Graphics 4600
LogInit: Compiled (64-bit): Nov 30 2021 07:12:08
LogInit: Compiled with Visual C++: 19.24.28315.00
LogInit: Build Configuration: Development
LogInit: Branch Name: ++UE4+Release-4.27
LogInit: Command Line:  -skipcompile
LogInit: Base Directory: E:/EpicGames/UE_4.27/Engine/Binaries/Win64/
LogInit: Allocator: TBB
LogInit: Installed Engine Build: 1
LogDevObjectVersion: Number of dev versions registered: 29
LogDevObjectVersion:   Dev-Blueprints (B0D832E4-1F89-4F0D-ACCF-7EB736FD4AA2): 10
LogDevObjectVersion:   Dev-Build (E1C64328-A22C-4D53-A36C-8E866417BD8C): 0
LogDevObjectVersion:   Dev-Core (375EC13C-06E4-48FB-B500-84F0262A717E): 4
LogDevObjectVersion:   Dev-Editor (E4B068ED-F494-42E9-A231-DA0B2E46BB41): 40
LogDevObjectVersion:   Dev-Framework (CFFC743F-43B0-4480-9391-14DF171D2073): 37
LogDevObjectVersion:   Dev-Mobile (B02B49B5-BB20-44E9-A304-32B752E40360): 3
LogDevObjectVersion:   Dev-Networking (A4E4105C-59A1-49B5-A7C5-40C4547EDFEE): 0
LogDevObjectVersion:   Dev-Online (39C831C9-5AE6-47DC-9A44-9C173E1C8E7C): 0
LogDevObjectVersion:   Dev-Physics (78F01B33-EBEA-4F98-B9B4-84EACCB95AA2): 14
LogDevObjectVersion:   Dev-Platform (6631380F-2D4D-43E0-8009-CF276956A95A): 0
LogDevObjectVersion:   Dev-Rendering (12F88B9F-8875-4AFC-A67C-D90C383ABD29): 45
LogDevObjectVersion:   Dev-Sequencer (7B5AE74C-D270-4C10-A958-57980B212A5A): 13
LogDevObjectVersion:   Dev-VR (D7296918-1DD6-4BDD-9DE2-64A83CC13884): 3
LogDevObjectVersion:   Dev-LoadTimes (C2A15278-BFE7-4AFE-6C17-90FF531DF755): 1
LogDevObjectVersion:   Private-Geometry (6EACA3D4-40EC-4CC1-B786-8BED09428FC5): 3
LogDevObjectVersion:   Dev-AnimPhys (29E575DD-E0A3-4627-9D10-D276232CDCEA): 17
LogDevObjectVersion:   Dev-Anim (AF43A65D-7FD3-4947-9873-3E8ED9C1BB05): 15
LogDevObjectVersion:   Dev-ReflectionCapture (6B266CEC-1EC7-4B8F-A30B-E4D90942FC07): 1
LogDevObjectVersion:   Dev-Automation (0DF73D61-A23F-47EA-B727-89E90C41499A): 1
LogDevObjectVersion:   FortniteMain (601D1886-AC64-4F84-AA16-D3DE0DEAC7D6): 47
LogDevObjectVersion:   FortniteRelease (E7086368-6B23-4C58-8439-1B7016265E91): 1
LogDevObjectVersion:   Dev-Enterprise (9DFFBCD6-494F-0158-E221-12823C92A888): 10
LogDevObjectVersion:   Dev-Niagara (F2AED0AC-9AFE-416F-8664-AA7FFA26D6FC): 1
LogDevObjectVersion:   Dev-Destruction (174F1F0B-B4C6-45A5-B13F-2EE8D0FB917D): 10
LogDevObjectVersion:   Dev-Physics-Ext (35F94A83-E258-406C-A318-09F59610247C): 41
LogDevObjectVersion:   Dev-PhysicsMaterial-Chaos (B68FC16E-8B1B-42E2-B453-215C058844FE): 1
LogDevObjectVersion:   Dev-CineCamera (B2E18506-4273-CFC2-A54E-F4BB758BBA07): 1
LogDevObjectVersion:   Dev-VirtualProduction (64F58936-FD1B-42BA-BA96-7289D5D0FA4E): 1
LogDevObjectVersion:   Dev-MediaFramework (6F0ED827-A609-4895-9C91-998D90180EA4): 2
LogInit: Presizing for max 25165824 objects, including 0 objects not considered by GC, pre-allocating 0 bytes for permanent pool.
LogConfig: Applying CVar settings from Section [/Script/Engine.StreamingSettings] File [E:/EpicGames/NewFeatures/Saved/Config/Windows/Engine.ini]
LogConfig: Setting CVar [[s.MinBulkDataSizeForAsyncLoading:131072]]
LogConfig: Setting CVar [[s.AsyncLoadingThreadEnabled:0]]
LogConfig: Setting CVar [[s.EventDrivenLoaderEnabled:1]]
LogConfig: Setting CVar [[s.WarnIfTimeLimitExceeded:0]]
LogConfig: Setting CVar [[s.TimeLimitExceededMultiplier:1.5]]
LogConfig: Setting CVar [[s.TimeLimitExceededMinTime:0.005]]
LogConfig: Setting CVar [[s.UseBackgroundLevelStreaming:1]]
LogConfig: Setting CVar [[s.PriorityAsyncLoadingExtraTime:15.0]]
LogConfig: Setting CVar [[s.LevelStreamingActorsUpdateTimeLimit:5.0]]
LogConfig: Setting CVar [[s.PriorityLevelStreamingActorsUpdateExtraTime:5.0]]
LogConfig: Setting CVar [[s.LevelStreamingComponentsRegistrationGranularity:10]]
LogConfig: Setting CVar [[s.UnregisterComponentsTimeLimit:1.0]]
LogConfig: Setting CVar [[s.LevelStreamingComponentsUnregistrationGranularity:5]]
LogConfig: Setting CVar [[s.FlushStreamingOnExit:1]]
LogInit: Object subsystem initialized
LogConfig: Setting CVar [[con.DebugEarlyDefault:1]]
LogConfig: Setting CVar [[r.setres:1280x720]]
[2022.04.30-22.12.55:684][  0]LogConfig: Setting CVar [[r.VSync:0]]
[2022.04.30-22.12.55:684][  0]LogConfig: Setting CVar [[r.RHICmdBypass:0]]
[2022.04.30-22.12.55:684][  0]LogConfig: Applying CVar settings from Section [/Script/Engine.RendererSettings] File [E:/EpicGames/NewFeatures/Saved/Config/Windows/Engine.ini]
[2022.04.30-22.12.55:684][  0]LogConfig: Setting CVar [[r.GPUCrashDebugging:0]]
[2022.04.30-22.12.55:685][  0]LogConfig: Setting CVar [[r.ForwardShading:0]]
[2022.04.30-22.12.55:685][  0]LogConfig: Applying CVar settings from Section [/Script/Engine.RendererOverrideSettings] File [E:/EpicGames/NewFeatures/Saved/Config/Windows/Engine.ini]
[2022.04.30-22.12.55:685][  0]LogConfig: Applying CVar settings from Section [/Script/Engine.StreamingSettings] File [E:/EpicGames/NewFeatures/Saved/Config/Windows/Engine.ini]
[2022.04.30-22.12.55:685][  0]LogConfig: Setting CVar [[s.MinBulkDataSizeForAsyncLoading:131072]]
[2022.04.30-22.12.55:685][  0]LogConfig: Setting CVar [[s.AsyncLoadingThreadEnabled:0]]
[2022.04.30-22.12.55:685][  0]LogConfig: Setting CVar [[s.EventDrivenLoaderEnabled:1]]
[2022.04.30-22.12.55:685][  0]LogConfig: Setting CVar [[s.WarnIfTimeLimitExceeded:0]]
[2022.04.30-22.12.55:685][  0]LogConfig: Setting CVar [[s.TimeLimitExceededMultiplier:1.5]]
[2022.04.30-22.12.55:685][  0]LogConfig: Setting CVar [[s.TimeLimitExceededMinTime:0.005]]
[2022.04.30-22.12.55:685][  0]LogConfig: Setting CVar [[s.UseBackgroundLevelStreaming:1]]
[2022.04.30-22.12.55:685][  0]LogConfig: Setting CVar [[s.PriorityAsyncLoadingExtraTime:15.0]]
[2022.04.30-22.12.55:685][  0]LogConfig: Setting CVar [[s.LevelStreamingActorsUpdateTimeLimit:5.0]]
[2022.04.30-22.12.55:685][  0]LogConfig: Setting CVar [[s.PriorityLevelStreamingActorsUpdateExtraTime:5.0]]
[2022.04.30-22.12.55:685][  0]LogConfig: Setting CVar [[s.LevelStreamingComponentsRegistrationGranularity:10]]
[2022.04.30-22.12.55:685][  0]LogConfig: Setting CVar [[s.UnregisterComponentsTimeLimit:1.0]]
[2022.04.30-22.12.55:685][  0]LogConfig: Setting CVar [[s.LevelStreamingComponentsUnregistrationGranularity:5]]
[2022.04.30-22.12.55:685][  0]LogConfig: Setting CVar [[s.FlushStreamingOnExit:1]]
[2022.04.30-22.12.55:685][  0]LogConfig: Applying CVar settings from Section [/Script/Engine.GarbageCollectionSettings] File [E:/EpicGames/NewFeatures/Saved/Config/Windows/Engine.ini]
[2022.04.30-22.12.55:685][  0]LogConfig: Setting CVar [[gc.MaxObjectsNotConsideredByGC:1]]
[2022.04.30-22.12.55:685][  0]LogConfig: Setting CVar [[gc.SizeOfPermanentObjectPool:0]]
[2022.04.30-22.12.55:685][  0]LogConfig: Setting CVar [[gc.FlushStreamingOnGC:0]]
[2022.04.30-22.12.55:685][  0]LogConfig: Setting CVar [[gc.NumRetriesBeforeForcingGC:10]]
[2022.04.30-22.12.55:685][  0]LogConfig: Setting CVar [[gc.AllowParallelGC:1]]
[2022.04.30-22.12.55:685][  0]LogConfig: Setting CVar [[gc.TimeBetweenPurgingPendingKillObjects:61.1]]
[2022.04.30-22.12.55:685][  0]LogConfig: Setting CVar [[gc.MaxObjectsInEditor:25165824]]
[2022.04.30-22.12.55:685][  0]LogConfig: Setting CVar [[gc.IncrementalBeginDestroyEnabled:1]]
[2022.04.30-22.12.55:685][  0]LogConfig: Setting CVar [[gc.CreateGCClusters:1]]
[2022.04.30-22.12.55:685][  0]LogConfig: Setting CVar [[gc.MinGCClusterSize:5]]
[2022.04.30-22.12.55:685][  0]LogConfig: Setting CVar [[gc.ActorClusteringEnabled:0]]
[2022.04.30-22.12.55:685][  0]LogConfig: Setting CVar [[gc.BlueprintClusteringEnabled:0]]
[2022.04.30-22.12.55:685][  0]LogConfig: Setting CVar [[gc.UseDisregardForGCOnDedicatedServers:0]]
[2022.04.30-22.12.55:685][  0]LogConfig: Setting CVar [[gc.MultithreadedDestructionEnabled:1]]
[2022.04.30-22.12.55:685][  0]LogConfig: Applying CVar settings from Section [/Script/Engine.NetworkSettings] File [E:/EpicGames/NewFeatures/Saved/Config/Windows/Engine.ini]
[2022.04.30-22.12.55:685][  0]LogConfig: Applying CVar settings from Section [/Script/UnrealEd.CookerSettings] File [E:/EpicGames/NewFeatures/Saved/Config/Windows/Engine.ini]
[2022.04.30-22.12.55:716][  0]LogConfig: Applying CVar settings from Section [ViewDistanceQuality@3] File [E:/EpicGames/NewFeatures/Saved/Config/Windows/Scalability.ini]
[2022.04.30-22.12.55:716][  0]LogConfig: Setting CVar [[r.SkeletalMeshLODBias:0]]
[2022.04.30-22.12.55:716][  0]LogConfig: Setting CVar [[r.ViewDistanceScale:1.0]]
[2022.04.30-22.12.55:716][  0]LogConfig: Applying CVar settings from Section [AntiAliasingQuality@3] File [E:/EpicGames/NewFeatures/Saved/Config/Windows/Scalability.ini]
[2022.04.30-22.12.55:716][  0]LogConfig: Setting CVar [[r.PostProcessAAQuality:4]]
[2022.04.30-22.12.55:716][  0]LogConfig: Applying CVar settings from Section [ShadowQuality@3] File [E:/EpicGames/NewFeatures/Saved/Config/Windows/Scalability.ini]
[2022.04.30-22.12.55:716][  0]LogConfig: Setting CVar [[r.LightFunctionQuality:1]]
[2022.04.30-22.12.55:716][  0]LogConfig: Setting CVar [[r.ShadowQuality:5]]
[2022.04.30-22.12.55:716][  0]LogConfig: Setting CVar [[r.Shadow.CSM.MaxCascades:10]]
[2022.04.30-22.12.55:716][  0]LogConfig: Setting CVar [[r.Shadow.MaxResolution:2048]]
[2022.04.30-22.12.55:716][  0]LogConfig: Setting CVar [[r.Shadow.MaxCSMResolution:2048]]
[2022.04.30-22.12.55:716][  0]LogConfig: Setting CVar [[r.Shadow.RadiusThreshold:0.01]]
[2022.04.30-22.12.55:716][  0]LogConfig: Setting CVar [[r.Shadow.DistanceScale:1.0]]
[2022.04.30-22.12.55:716][  0]LogConfig: Setting CVar [[r.Shadow.CSM.TransitionScale:1.0]]
[2022.04.30-22.12.55:716][  0]LogConfig: Setting CVar [[r.Shadow.PreShadowResolutionFactor:1.0]]
[2022.04.30-22.12.55:716][  0]LogConfig: Setting CVar [[r.DistanceFieldShadowing:1]]
[2022.04.30-22.12.55:716][  0]LogConfig: Setting CVar [[r.DistanceFieldAO:1]]
[2022.04.30-22.12.55:716][  0]LogConfig: Setting CVar [[r.AOQuality:2]]
[2022.04.30-22.12.55:716][  0]LogConfig: Setting CVar [[r.VolumetricFog:1]]
[2022.04.30-22.12.55:716][  0]LogConfig: Setting CVar [[r.VolumetricFog.GridPixelSize:8]]
[2022.04.30-22.12.55:716][  0]LogConfig: Setting CVar [[r.VolumetricFog.GridSizeZ:128]]
[2022.04.30-22.12.55:716][  0]LogConfig: Setting CVar [[r.VolumetricFog.HistoryMissSupersampleCount:4]]
[2022.04.30-22.12.55:716][  0]LogConfig: Setting CVar [[r.LightMaxDrawDistanceScale:1]]
[2022.04.30-22.12.55:716][  0]LogConfig: Setting CVar [[r.CapsuleShadows:1]]
[2022.04.30-22.12.55:716][  0]LogConfig: Applying CVar settings from Section [PostProcessQuality@3] File [E:/EpicGames/NewFeatures/Saved/Config/Windows/Scalability.ini]
[2022.04.30-22.12.55:716][  0]LogConfig: Setting CVar [[r.MotionBlurQuality:4]]
[2022.04.30-22.12.55:716][  0]LogConfig: Setting CVar [[r.AmbientOcclusionMipLevelFactor:0.4]]
[2022.04.30-22.12.55:716][  0]LogConfig: Setting CVar [[r.AmbientOcclusionMaxQuality:100]]
[2022.04.30-22.12.55:716][  0]LogConfig: Setting CVar [[r.AmbientOcclusionLevels:-1]]
[2022.04.30-22.12.55:716][  0]LogConfig: Setting CVar [[r.AmbientOcclusionRadiusScale:1.0]]
[2022.04.30-22.12.55:716][  0]LogConfig: Setting CVar [[r.DepthOfFieldQuality:2]]
[2022.04.30-22.12.55:716][  0]LogConfig: Setting CVar [[r.RenderTargetPoolMin:400]]
[2022.04.30-22.12.55:716][  0]LogConfig: Setting CVar [[r.LensFlareQuality:2]]
[2022.04.30-22.12.55:716][  0]LogConfig: Setting CVar [[r.SceneColorFringeQuality:1]]
[2022.04.30-22.12.55:716][  0]LogConfig: Setting CVar [[r.EyeAdaptationQuality:2]]
[2022.04.30-22.12.55:716][  0]LogConfig: Setting CVar [[r.BloomQuality:5]]
[2022.04.30-22.12.55:716][  0]LogConfig: Setting CVar [[r.FastBlurThreshold:100]]
[2022.04.30-22.12.55:716][  0]LogConfig: Setting CVar [[r.Upscale.Quality:3]]
[2022.04.30-22.12.55:716][  0]LogConfig: Setting CVar [[r.Tonemapper.GrainQuantization:1]]
[2022.04.30-22.12.55:716][  0]LogConfig: Setting CVar [[r.LightShaftQuality:1]]
[2022.04.30-22.12.55:716][  0]LogConfig: Setting CVar [[r.Filter.SizeScale:1]]
[2022.04.30-22.12.55:716][  0]LogConfig: Setting CVar [[r.Tonemapper.Quality:5]]
[2022.04.30-22.12.55:716][  0]LogConfig: Setting CVar [[r.DOF.Gather.AccumulatorQuality:1        ; higher gathering accumulator quality]]
[2022.04.30-22.12.55:716][  0]LogConfig: Setting CVar [[r.DOF.Gather.PostfilterMethod:1          ; Median3x3 postfilering method]]
[2022.04.30-22.12.55:716][  0]LogConfig: Setting CVar [[r.DOF.Gather.EnableBokehSettings:0       ; no bokeh simulation when gathering]]
[2022.04.30-22.12.55:716][  0]LogConfig: Setting CVar [[r.DOF.Gather.RingCount:4                 ; medium number of samples when gathering]]
[2022.04.30-22.12.55:716][  0]LogConfig: Setting CVar [[r.DOF.Scatter.ForegroundCompositing:1    ; additive foreground scattering]]
[2022.04.30-22.12.55:716][  0]LogConfig: Setting CVar [[r.DOF.Scatter.BackgroundCompositing:2    ; additive background scattering]]
[2022.04.30-22.12.55:716][  0]LogConfig: Setting CVar [[r.DOF.Scatter.EnableBokehSettings:1      ; bokeh simulation when scattering]]
[2022.04.30-22.12.55:716][  0]LogConfig: Setting CVar [[r.DOF.Scatter.MaxSpriteRatio:0.1         ; only a maximum of 10% of scattered bokeh]]
[2022.04.30-22.12.55:716][  0]LogConfig: Setting CVar [[r.DOF.Recombine.Quality:1                ; cheap slight out of focus]]
[2022.04.30-22.12.55:716][  0]LogConfig: Setting CVar [[r.DOF.Recombine.EnableBokehSettings:0    ; no bokeh simulation on slight out of focus]]
[2022.04.30-22.12.55:717][  0]LogConfig: Setting CVar [[r.DOF.TemporalAAQuality:1                ; more stable temporal accumulation]]
[2022.04.30-22.12.55:717][  0]LogConfig: Setting CVar [[r.DOF.Kernel.MaxForegroundRadius:0.025]]
[2022.04.30-22.12.55:717][  0]LogConfig: Setting CVar [[r.DOF.Kernel.MaxBackgroundRadius:0.025]]
[2022.04.30-22.12.55:717][  0]LogConfig: Applying CVar settings from Section [TextureQuality@3] File [E:/EpicGames/NewFeatures/Saved/Config/Windows/Scalability.ini]
[2022.04.30-22.12.55:717][  0]LogConfig: Setting CVar [[r.Streaming.MipBias:0]]
[2022.04.30-22.12.55:717][  0]LogConfig: Setting CVar [[r.Streaming.AmortizeCPUToGPUCopy:0]]
[2022.04.30-22.12.55:717][  0]LogConfig: Setting CVar [[r.Streaming.MaxNumTexturesToStreamPerFrame:0]]
[2022.04.30-22.12.55:717][  0]LogConfig: Setting CVar [[r.Streaming.Boost:1]]
[2022.04.30-22.12.55:717][  0]LogConfig: Setting CVar [[r.MaxAnisotropy:8]]
[2022.04.30-22.12.55:717][  0]LogConfig: Setting CVar [[r.VT.MaxAnisotropy:8]]
[2022.04.30-22.12.55:717][  0]LogConfig: Setting CVar [[r.Streaming.LimitPoolSizeToVRAM:0]]
[2022.04.30-22.12.55:717][  0]LogConfig: Setting CVar [[r.Streaming.PoolSize:1000]]
[2022.04.30-22.12.55:717][  0]LogConfig: Setting CVar [[r.Streaming.MaxEffectiveScreenSize:0]]
[2022.04.30-22.12.55:717][  0]LogConfig: Applying CVar settings from Section [EffectsQuality@3] File [E:/EpicGames/NewFeatures/Saved/Config/Windows/Scalability.ini]
[2022.04.30-22.12.55:717][  0]LogConfig: Setting CVar [[r.TranslucencyLightingVolumeDim:64]]
[2022.04.30-22.12.55:717][  0]LogConfig: Setting CVar [[r.RefractionQuality:2]]
[2022.04.30-22.12.55:717][  0]LogConfig: Setting CVar [[r.SSR.Quality:3]]
[2022.04.30-22.12.55:717][  0]LogConfig: Setting CVar [[r.SSR.HalfResSceneColor:0]]
[2022.04.30-22.12.55:717][  0]LogConfig: Setting CVar [[r.SceneColorFormat:4]]
[2022.04.30-22.12.55:717][  0]LogConfig: Setting CVar [[r.DetailMode:2]]
[2022.04.30-22.12.55:717][  0]LogConfig: Setting CVar [[r.TranslucencyVolumeBlur:1]]
[2022.04.30-22.12.55:717][  0]LogConfig: Setting CVar [[r.MaterialQualityLevel:1 ; High quality]]
[2022.04.30-22.12.55:717][  0]LogConfig: Setting CVar [[r.AnisotropicMaterials:1]]
[2022.04.30-22.12.55:717][  0]LogConfig: Setting CVar [[r.SSS.Scale:1]]
[2022.04.30-22.12.55:717][  0]LogConfig: Setting CVar [[r.SSS.SampleSet:2]]
[2022.04.30-22.12.55:717][  0]LogConfig: Setting CVar [[r.SSS.Quality:1]]
[2022.04.30-22.12.55:717][  0]LogConfig: Setting CVar [[r.SSS.HalfRes:0]]
[2022.04.30-22.12.55:717][  0]LogConfig: Setting CVar [[r.SSGI.Quality:3]]
[2022.04.30-22.12.55:717][  0]LogConfig: Setting CVar [[r.EmitterSpawnRateScale:1.0]]
[2022.04.30-22.12.55:717][  0]LogConfig: Setting CVar [[r.ParticleLightQuality:2]]
[2022.04.30-22.12.55:717][  0]LogConfig: Setting CVar [[r.SkyAtmosphere.AerialPerspectiveLUT.FastApplyOnOpaque:1 ; Always have FastSkyLUT 1 in this case to avoid wrong sky]]
[2022.04.30-22.12.55:717][  0]LogConfig: Setting CVar [[r.SkyAtmosphere.AerialPerspectiveLUT.SampleCountMaxPerSlice:4]]
[2022.04.30-22.12.55:717][  0]LogConfig: Setting CVar [[r.SkyAtmosphere.AerialPerspectiveLUT.DepthResolution:16.0]]
[2022.04.30-22.12.55:717][  0]LogConfig: Setting CVar [[r.SkyAtmosphere.FastSkyLUT:1]]
[2022.04.30-22.12.55:717][  0]LogConfig: Setting CVar [[r.SkyAtmosphere.FastSkyLUT.SampleCountMin:4.0]]
[2022.04.30-22.12.55:717][  0]LogConfig: Setting CVar [[r.SkyAtmosphere.FastSkyLUT.SampleCountMax:128.0]]
[2022.04.30-22.12.55:717][  0]LogConfig: Setting CVar [[r.SkyAtmosphere.SampleCountMin:4.0]]
[2022.04.30-22.12.55:717][  0]LogConfig: Setting CVar [[r.SkyAtmosphere.SampleCountMax:128.0]]
[2022.04.30-22.12.55:717][  0]LogConfig: Setting CVar [[r.SkyAtmosphere.TransmittanceLUT.UseSmallFormat:0]]
[2022.04.30-22.12.55:717][  0]LogConfig: Setting CVar [[r.SkyAtmosphere.TransmittanceLUT.SampleCount:10.0]]
[2022.04.30-22.12.55:717][  0]LogConfig: Setting CVar [[r.SkyAtmosphere.MultiScatteringLUT.SampleCount:15.0]]
[2022.04.30-22.12.55:717][  0]LogConfig: Setting CVar [[r.SkyLight.RealTimeReflectionCapture:1]]
[2022.04.30-22.12.55:717][  0]LogConfig: Applying CVar settings from Section [FoliageQuality@3] File [E:/EpicGames/NewFeatures/Saved/Config/Windows/Scalability.ini]
[2022.04.30-22.12.55:717][  0]LogConfig: Setting CVar [[foliage.DensityScale:1.0]]
[2022.04.30-22.12.55:717][  0]LogConfig: Setting CVar [[grass.DensityScale:1.0]]
[2022.04.30-22.12.55:717][  0]LogConfig: Applying CVar settings from Section [ShadingQuality@3] File [E:/EpicGames/NewFeatures/Saved/Config/Windows/Scalability.ini]
[2022.04.30-22.12.55:717][  0]LogConfig: Setting CVar [[r.HairStrands.SkyLighting.IntegrationType:2]]
[2022.04.30-22.12.55:717][  0]LogConfig: Setting CVar [[r.HairStrands.SkyAO.SampleCount:4]]
[2022.04.30-22.12.55:717][  0]LogConfig: Setting CVar [[r.HairStrands.Visibility.MSAA.SamplePerPixel:4]]
[2022.04.30-22.12.55:717][  0]LogInit: Selected Device Profile: [Windows]
[2022.04.30-22.12.55:717][  0]LogInit: Applying CVar settings loaded from the selected device profile: [Windows]
[2022.04.30-22.12.55:717][  0]LogHAL: Display: Platform has ~ 16 GB [17008173056 / 17179869184 / 16], which maps to Larger [LargestMinGB=32, LargerMinGB=12, DefaultMinGB=8, SmallerMinGB=6, SmallestMinGB=0)
[2022.04.30-22.12.55:717][  0]LogInit: Going up to parent DeviceProfile []
[2022.04.30-22.12.55:717][  0]LogConfig: Applying CVar settings from Section [ViewDistanceQuality@Cine] File [E:/EpicGames/NewFeatures/Saved/Config/Windows/Scalability.ini]
[2022.04.30-22.12.55:717][  0]LogConfig: Setting CVar [[r.SkeletalMeshLODBias:0]]
[2022.04.30-22.12.55:717][  0]LogConfig: Setting CVar [[r.ViewDistanceScale:10.0]]
[2022.04.30-22.12.55:717][  0]LogConfig: Applying CVar settings from Section [AntiAliasingQuality@Cine] File [E:/EpicGames/NewFeatures/Saved/Config/Windows/Scalability.ini]
[2022.04.30-22.12.55:717][  0]LogConfig: Setting CVar [[r.PostProcessAAQuality:6]]
[2022.04.30-22.12.55:717][  0]LogConfig: Applying CVar settings from Section [ShadowQuality@Cine] File [E:/EpicGames/NewFeatures/Saved/Config/Windows/Scalability.ini]
[2022.04.30-22.12.55:717][  0]LogConfig: Setting CVar [[r.LightFunctionQuality:1]]
[2022.04.30-22.12.55:717][  0]LogConfig: Setting CVar [[r.ShadowQuality:5]]
[2022.04.30-22.12.55:717][  0]LogConfig: Setting CVar [[r.Shadow.CSM.MaxCascades:10]]
[2022.04.30-22.12.55:717][  0]LogConfig: Setting CVar [[r.Shadow.MaxResolution:4096]]
[2022.04.30-22.12.55:717][  0]LogConfig: Setting CVar [[r.Shadow.MaxCSMResolution:4096]]
[2022.04.30-22.12.55:717][  0]LogConfig: Setting CVar [[r.Shadow.RadiusThreshold:0]]
[2022.04.30-22.12.55:718][  0]LogConfig: Setting CVar [[r.Shadow.DistanceScale:1.0]]
[2022.04.30-22.12.55:718][  0]LogConfig: Setting CVar [[r.Shadow.CSM.TransitionScale:1.0]]
[2022.04.30-22.12.55:718][  0]LogConfig: Setting CVar [[r.Shadow.PreShadowResolutionFactor:1.0]]
[2022.04.30-22.12.55:718][  0]LogConfig: Setting CVar [[r.DistanceFieldShadowing:1]]
[2022.04.30-22.12.55:718][  0]LogConfig: Setting CVar [[r.DistanceFieldAO:1]]
[2022.04.30-22.12.55:718][  0]LogConfig: Setting CVar [[r.AOQuality:2]]
[2022.04.30-22.12.55:718][  0]LogConfig: Setting CVar [[r.VolumetricFog:1]]
[2022.04.30-22.12.55:718][  0]LogConfig: Setting CVar [[r.VolumetricFog.GridPixelSize:4]]
[2022.04.30-22.12.55:718][  0]LogConfig: Setting CVar [[r.VolumetricFog.GridSizeZ:128]]
[2022.04.30-22.12.55:718][  0]LogConfig: Setting CVar [[r.VolumetricFog.HistoryMissSupersampleCount:16]]
[2022.04.30-22.12.55:718][  0]LogConfig: Setting CVar [[r.LightMaxDrawDistanceScale:1]]
[2022.04.30-22.12.55:718][  0]LogConfig: Setting CVar [[r.CapsuleShadows:1]]
[2022.04.30-22.12.55:718][  0]LogConfig: Applying CVar settings from Section [PostProcessQuality@Cine] File [E:/EpicGames/NewFeatures/Saved/Config/Windows/Scalability.ini]
[2022.04.30-22.12.55:718][  0]LogConfig: Setting CVar [[r.MotionBlurQuality:4]]
[2022.04.30-22.12.55:718][  0]LogConfig: Setting CVar [[r.AmbientOcclusionMipLevelFactor:0.4]]
[2022.04.30-22.12.55:718][  0]LogConfig: Setting CVar [[r.AmbientOcclusionMaxQuality:100]]
[2022.04.30-22.12.55:718][  0]LogConfig: Setting CVar [[r.AmbientOcclusionLevels:-1]]
[2022.04.30-22.12.55:718][  0]LogConfig: Setting CVar [[r.AmbientOcclusionRadiusScale:1.0]]
[2022.04.30-22.12.55:718][  0]LogConfig: Setting CVar [[r.GTAO.Numangles:4]]
[2022.04.30-22.12.55:718][  0]LogConfig: Setting CVar [[r.DepthOfFieldQuality:4]]
[2022.04.30-22.12.55:718][  0]LogConfig: Setting CVar [[r.RenderTargetPoolMin:1000]]
[2022.04.30-22.12.55:718][  0]LogConfig: Setting CVar [[r.LensFlareQuality:3]]
[2022.04.30-22.12.55:718][  0]LogConfig: Setting CVar [[r.SceneColorFringeQuality:1]]
[2022.04.30-22.12.55:718][  0]LogConfig: Setting CVar [[r.EyeAdaptationQuality:2]]
[2022.04.30-22.12.55:718][  0]LogConfig: Setting CVar [[r.BloomQuality:5]]
[2022.04.30-22.12.55:718][  0]LogConfig: Setting CVar [[r.FastBlurThreshold:100]]
[2022.04.30-22.12.55:718][  0]LogConfig: Setting CVar [[r.Upscale.Quality:3]]
[2022.04.30-22.12.55:718][  0]LogConfig: Setting CVar [[r.Tonemapper.GrainQuantization:1]]
[2022.04.30-22.12.55:718][  0]LogConfig: Setting CVar [[r.LightShaftQuality:1]]
[2022.04.30-22.12.55:718][  0]LogConfig: Setting CVar [[r.Filter.SizeScale:1]]
[2022.04.30-22.12.55:718][  0]LogConfig: Setting CVar [[r.Tonemapper.Quality:5]]
[2022.04.30-22.12.55:718][  0]LogConfig: Setting CVar [[r.DOF.Gather.AccumulatorQuality:1        ; higher gathering accumulator quality]]
[2022.04.30-22.12.55:718][  0]LogConfig: Setting CVar [[r.DOF.Gather.PostfilterMethod:1          ; Median3x3 postfilering method]]
[2022.04.30-22.12.55:718][  0]LogConfig: Setting CVar [[r.DOF.Gather.EnableBokehSettings:1       ; bokeh simulation when gathering]]
[2022.04.30-22.12.55:718][  0]LogConfig: Setting CVar [[r.DOF.Gather.RingCount:5                 ; high number of samples when gathering]]
[2022.04.30-22.12.55:718][  0]LogConfig: Setting CVar [[r.DOF.Scatter.ForegroundCompositing:1    ; additive foreground scattering]]
[2022.04.30-22.12.55:718][  0]LogConfig: Setting CVar [[r.DOF.Scatter.BackgroundCompositing:2    ; background scattering occlusion]]
[2022.04.30-22.12.55:718][  0]LogConfig: Setting CVar [[r.DOF.Scatter.EnableBokehSettings:1      ; no bokeh simulation when scattering]]
[2022.04.30-22.12.55:718][  0]LogConfig: Setting CVar [[r.DOF.Scatter.MaxSpriteRatio:0.25        ; only a maximum of 10% of scattered bokeh]]
[2022.04.30-22.12.55:718][  0]LogConfig: Setting CVar [[r.DOF.Recombine.Quality:2                ; highest slight out of focus]]
[2022.04.30-22.12.55:718][  0]LogConfig: Setting CVar [[r.DOF.Recombine.EnableBokehSettings:1    ; bokeh simulation on slight out of focus]]
[2022.04.30-22.12.55:718][  0]LogConfig: Setting CVar [[r.DOF.TemporalAAQuality:1                ; more stable temporal accumulation]]
[2022.04.30-22.12.55:718][  0]LogConfig: Setting CVar [[r.DOF.Kernel.MaxForegroundRadius:0.025]]
[2022.04.30-22.12.55:718][  0]LogConfig: Setting CVar [[r.DOF.Kernel.MaxBackgroundRadius:0.025]]
[2022.04.30-22.12.55:718][  0]LogConfig: Applying CVar settings from Section [TextureQuality@Cine] File [E:/EpicGames/NewFeatures/Saved/Config/Windows/Scalability.ini]
[2022.04.30-22.12.55:718][  0]LogConfig: Setting CVar [[r.Streaming.MipBias:0]]
[2022.04.30-22.12.55:718][  0]LogConfig: Setting CVar [[r.Streaming.AmortizeCPUToGPUCopy:0]]
[2022.04.30-22.12.55:718][  0]LogConfig: Setting CVar [[r.Streaming.MaxNumTexturesToStreamPerFrame:0]]
[2022.04.30-22.12.55:718][  0]LogConfig: Setting CVar [[r.Streaming.Boost:1]]
[2022.04.30-22.12.55:718][  0]LogConfig: Setting CVar [[r.MaxAnisotropy:8]]
[2022.04.30-22.12.55:718][  0]LogConfig: Setting CVar [[r.VT.MaxAnisotropy:8]]
[2022.04.30-22.12.55:718][  0]LogConfig: Setting CVar [[r.Streaming.LimitPoolSizeToVRAM:0]]
[2022.04.30-22.12.55:718][  0]LogConfig: Setting CVar [[r.Streaming.PoolSize:3000]]
[2022.04.30-22.12.55:718][  0]LogConfig: Setting CVar [[r.Streaming.MaxEffectiveScreenSize:0]]
[2022.04.30-22.12.55:718][  0]LogConfig: Applying CVar settings from Section [EffectsQuality@Cine] File [E:/EpicGames/NewFeatures/Saved/Config/Windows/Scalability.ini]
[2022.04.30-22.12.55:718][  0]LogConfig: Setting CVar [[r.TranslucencyLightingVolumeDim:64]]
[2022.04.30-22.12.55:718][  0]LogConfig: Setting CVar [[r.RefractionQuality:2]]
[2022.04.30-22.12.55:718][  0]LogConfig: Setting CVar [[r.SSR.Quality:4]]
[2022.04.30-22.12.55:718][  0]LogConfig: Setting CVar [[r.SSR.HalfResSceneColor:0]]
[2022.04.30-22.12.55:718][  0]LogConfig: Setting CVar [[r.SceneColorFormat:4]]
[2022.04.30-22.12.55:718][  0]LogConfig: Setting CVar [[r.DetailMode:2]]
[2022.04.30-22.12.55:718][  0]LogConfig: Setting CVar [[r.TranslucencyVolumeBlur:1]]
[2022.04.30-22.12.55:718][  0]LogConfig: Setting CVar [[r.MaterialQualityLevel:1 ; High quality]]
[2022.04.30-22.12.55:718][  0]LogConfig: Setting CVar [[r.AnisotropicMaterials:1]]
[2022.04.30-22.12.55:718][  0]LogConfig: Setting CVar [[r.SSS.Scale:1]]
[2022.04.30-22.12.55:718][  0]LogConfig: Setting CVar [[r.SSS.SampleSet:2]]
[2022.04.30-22.12.55:718][  0]LogConfig: Setting CVar [[r.SSS.Quality:1]]
[2022.04.30-22.12.55:718][  0]LogConfig: Setting CVar [[r.SSS.HalfRes:0]]
[2022.04.30-22.12.55:718][  0]LogConfig: Setting CVar [[r.SSGI.Quality:4]]
[2022.04.30-22.12.55:718][  0]LogConfig: Setting CVar [[r.EmitterSpawnRateScale:1.0]]
[2022.04.30-22.12.55:718][  0]LogConfig: Setting CVar [[r.ParticleLightQuality:2]]
[2022.04.30-22.12.55:718][  0]LogConfig: Setting CVar [[r.SkyAtmosphere.AerialPerspectiveLUT.FastApplyOnOpaque:0]]
[2022.04.30-22.12.55:718][  0]LogConfig: Setting CVar [[r.SkyAtmosphere.AerialPerspectiveLUT.SampleCountMaxPerSlice:8]]
[2022.04.30-22.12.55:718][  0]LogConfig: Setting CVar [[r.SkyAtmosphere.AerialPerspectiveLUT.DepthResolution:32.0]]
[2022.04.30-22.12.55:718][  0]LogConfig: Setting CVar [[r.SkyAtmosphere.FastSkyLUT:0]]
[2022.04.30-22.12.55:718][  0]LogConfig: Setting CVar [[r.SkyAtmosphere.FastSkyLUT.SampleCountMin:4.0]]
[2022.04.30-22.12.55:718][  0]LogConfig: Setting CVar [[r.SkyAtmosphere.FastSkyLUT.SampleCountMax:256.0]]
[2022.04.30-22.12.55:718][  0]LogConfig: Setting CVar [[r.SkyAtmosphere.SampleCountMin:8.0]]
[2022.04.30-22.12.55:718][  0]LogConfig: Setting CVar [[r.SkyAtmosphere.SampleCountMax:256.0]]
[2022.04.30-22.12.55:718][  0]LogConfig: Setting CVar [[r.SkyAtmosphere.TransmittanceLUT.UseSmallFormat:0]]
[2022.04.30-22.12.55:718][  0]LogConfig: Setting CVar [[r.SkyAtmosphere.TransmittanceLUT.SampleCount:30.0]]
[2022.04.30-22.12.55:719][  0]LogConfig: Setting CVar [[r.SkyAtmosphere.MultiScatteringLUT.SampleCount:20.0]]
[2022.04.30-22.12.55:719][  0]LogConfig: Setting CVar [[r.SkyLight.RealTimeReflectionCapture:1]]
[2022.04.30-22.12.55:719][  0]LogConfig: Applying CVar settings from Section [FoliageQuality@Cine] File [E:/EpicGames/NewFeatures/Saved/Config/Windows/Scalability.ini]
[2022.04.30-22.12.55:719][  0]LogConfig: Setting CVar [[foliage.DensityScale:1.0]]
[2022.04.30-22.12.55:719][  0]LogConfig: Setting CVar [[grass.DensityScale:1.0]]
[2022.04.30-22.12.55:719][  0]LogConfig: Applying CVar settings from Section [ShadingQuality@3] File [E:/EpicGames/NewFeatures/Saved/Config/Windows/Scalability.ini]
[2022.04.30-22.12.55:719][  0]LogConfig: Setting CVar [[r.HairStrands.SkyLighting.IntegrationType:2]]
[2022.04.30-22.12.55:719][  0]LogConfig: Setting CVar [[r.HairStrands.SkyAO.SampleCount:4]]
[2022.04.30-22.12.55:719][  0]LogConfig: Setting CVar [[r.HairStrands.Visibility.MSAA.SamplePerPixel:4]]
[2022.04.30-22.12.55:719][  0]LogConfig: Applying CVar settings from Section [Startup] File [../../../Engine/Config/ConsoleVariables.ini]
[2022.04.30-22.12.55:719][  0]LogConfig: Setting CVar [[net.UseAdaptiveNetUpdateFrequency:0]]
[2022.04.30-22.12.55:719][  0]LogConfig: Setting CVar [[p.chaos.AllowCreatePhysxBodies:1]]
[2022.04.30-22.12.55:719][  0]LogConfig: Setting CVar [[fx.SkipVectorVMBackendOptimizations:1]]
[2022.04.30-22.12.55:719][  0]LogConfig: Applying CVar settings from Section [ConsoleVariables] File [E:/EpicGames/NewFeatures/Saved/Config/Windows/Engine.ini]
[2022.04.30-22.12.55:719][  0]LogConfig: Applying CVar settings from Section [ConsoleVariables] File [E:/EpicGames/NewFeatures/Saved/Config/Windows/Editor.ini]
[2022.04.30-22.12.55:719][  0]LogInit: Computer: JONNY
[2022.04.30-22.12.55:719][  0]LogInit: User: Jonathan
[2022.04.30-22.12.55:719][  0]LogInit: CPU Page size=4096, Cores=4
[2022.04.30-22.12.55:719][  0]LogInit: High frequency timer resolution =10.000000 MHz
[2022.04.30-22.12.55:719][  0]LogMemory: Memory total: Physical=15.8GB (16GB approx)
[2022.04.30-22.12.55:719][  0]LogMemory: Platform Memory Stats for Windows
[2022.04.30-22.12.55:719][  0]LogMemory: Process Physical Memory: 147.52 MB used, 147.52 MB peak
[2022.04.30-22.12.55:719][  0]LogMemory: Process Virtual Memory: 125.06 MB used, 125.06 MB peak
[2022.04.30-22.12.55:719][  0]LogMemory: Physical Memory: 12352.14 MB used,  3868.12 MB free, 16220.26 MB total
[2022.04.30-22.12.55:719][  0]LogMemory: Virtual Memory: 134212376.00 MB used,  5350.29 MB free, 134217728.00 MB total
[2022.04.30-22.12.55:725][  0]LogWindows: WindowsPlatformFeatures enabled
[2022.04.30-22.12.55:807][  0]LogInit: Physics initialised using underlying interface: PhysX
[2022.04.30-22.12.55:808][  0]LogInit: Using OS detected language (en-US).
[2022.04.30-22.12.55:808][  0]LogInit: Using OS detected locale (en-US).
[2022.04.30-22.12.55:812][  0]LogTextLocalizationManager: No specific localization for 'en-US' exists, so the 'en' localization will be used.
[2022.04.30-22.12.56:019][  0]LogInit: Setting process to per monitor DPI aware
[2022.04.30-22.12.56:032][  0]LogWindowsTextInputMethodSystem: Display: IME system deactivated.
[2022.04.30-22.12.56:050][  0]LogSlate: New Slate User Created.  User Index 0, Is Virtual User: 0
[2022.04.30-22.12.56:050][  0]LogSlate: Slate User Registered.  User Index 0, Is Virtual User: 0
[2022.04.30-22.12.56:314][  0]LogD3D11RHI: Loaded GFSDK_Aftermath_Lib.x64.dll
[2022.04.30-22.12.56:317][  0]LogHMD: Failed to initialize OpenVR with code 110
[2022.04.30-22.12.56:317][  0]LogD3D11RHI: D3D11 min allowed feature level: 11_0
[2022.04.30-22.12.56:317][  0]LogD3D11RHI: D3D11 max allowed feature level: 11_0
[2022.04.30-22.12.56:317][  0]LogD3D11RHI: D3D11 adapters:
[2022.04.30-22.12.56:327][  0]LogD3D11RHI:    0. 'Intel(R) HD Graphics 4600' (Feature Level 11_0)
[2022.04.30-22.12.56:328][  0]LogD3D11RHI:       112/0/2048 MB DedicatedVideo/DedicatedSystem/SharedSystem, Outputs:1, VendorId:0x8086
[2022.04.30-22.12.56:330][  0]LogD3D11RHI:    1. 'Microsoft Basic Render Driver' (Feature Level 11_0)
[2022.04.30-22.12.56:330][  0]LogD3D11RHI:       0/0/8110 MB DedicatedVideo/DedicatedSystem/SharedSystem, Outputs:0, VendorId:0x1414
[2022.04.30-22.12.56:330][  0]LogD3D11RHI: Chosen D3D11 Adapter:
[2022.04.30-22.12.56:330][  0]LogD3D11RHI:     Description : Intel(R) HD Graphics 4600
[2022.04.30-22.12.56:330][  0]LogD3D11RHI:     VendorId    : 8086
[2022.04.30-22.12.56:330][  0]LogD3D11RHI:     DeviceId    : 0412
[2022.04.30-22.12.56:330][  0]LogD3D11RHI:     SubSysId    : d0001458
[2022.04.30-22.12.56:330][  0]LogD3D11RHI:     Revision    : 0006
[2022.04.30-22.12.56:330][  0]LogD3D11RHI:     DedicatedVideoMemory : 117964800 bytes
[2022.04.30-22.12.56:330][  0]LogD3D11RHI:     DedicatedSystemMemory : 0 bytes
[2022.04.30-22.12.56:330][  0]LogD3D11RHI:     SharedSystemMemory : 2147483648 bytes
[2022.04.30-22.12.56:330][  0]LogD3D11RHI:     AdapterLuid : 0 58526
[2022.04.30-22.12.56:336][  0]LogD3D11RHI: Creating new Direct3DDevice
[2022.04.30-22.12.56:336][  0]LogD3D11RHI:     GPU DeviceId: 0x412 (for the marketing name, search the web for "GPU Device Id")
[2022.04.30-22.12.56:336][  0]LogWindows: EnumDisplayDevices:
[2022.04.30-22.12.56:336][  0]LogWindows:    0. 'Intel(R) HD Graphics 4600' (P:1 D:1)
[2022.04.30-22.12.56:337][  0]LogWindows:    1. 'Intel(R) HD Graphics 4600' (P:0 D:0)
[2022.04.30-22.12.56:337][  0]LogWindows:    2. 'Intel(R) HD Graphics 4600' (P:0 D:0)
[2022.04.30-22.12.56:337][  0]LogWindows:    3. 'Intel(R) HD Graphics 4600' (P:0 D:0)
[2022.04.30-22.12.56:338][  0]LogWindows:    4. 'Intel(R) HD Graphics 4600' (P:0 D:0)
[2022.04.30-22.12.56:338][  0]LogWindows:    5. 'Intel(R) HD Graphics 4600' (P:0 D:0)
[2022.04.30-22.12.56:339][  0]LogWindows:    6. 'Intel(R) HD Graphics 4600' (P:0 D:0)
[2022.04.30-22.12.56:339][  0]LogWindows:    7. 'Intel(R) HD Graphics 4600' (P:0 D:0)
[2022.04.30-22.12.56:339][  0]LogWindows:    8. 'Intel(R) HD Graphics 4600' (P:0 D:0)
[2022.04.30-22.12.56:340][  0]LogWindows: DebugString: FoundDriverCount:9 
[2022.04.30-22.12.56:340][  0]LogD3D11RHI:     Adapter Name: Intel(R) HD Graphics 4600
[2022.04.30-22.12.56:340][  0]LogD3D11RHI:   Driver Version: 20.19.15.5171 (internal:20.19.15.5171, unified:20.19.15.5171)
[2022.04.30-22.12.56:340][  0]LogD3D11RHI:      Driver Date: 11-4-2020
[2022.04.30-22.12.56:340][  0]LogRHI: Texture pool is 795 MB (70% of 1136 MB)
[2022.04.30-22.12.56:340][  0]LogD3D11RHI: Creating D3DDevice using adapter:
[2022.04.30-22.12.56:340][  0]LogD3D11RHI:     Description : Intel(R) HD Graphics 4600
[2022.04.30-22.12.56:340][  0]LogD3D11RHI:     VendorId    : 8086
[2022.04.30-22.12.56:340][  0]LogD3D11RHI:     DeviceId    : 0412
[2022.04.30-22.12.56:340][  0]LogD3D11RHI:     SubSysId    : d0001458
[2022.04.30-22.12.56:340][  0]LogD3D11RHI:     Revision    : 0006
[2022.04.30-22.12.56:340][  0]LogD3D11RHI:     DedicatedVideoMemory : 117964800 bytes
[2022.04.30-22.12.56:340][  0]LogD3D11RHI:     DedicatedSystemMemory : 0 bytes
[2022.04.30-22.12.56:340][  0]LogD3D11RHI:     SharedSystemMemory : 2147483648 bytes
[2022.04.30-22.12.56:340][  0]LogD3D11RHI:     AdapterLuid : 0 58526
[2022.04.30-22.12.56:347][  0]LogD3D11RHI: RHI does not have support for 64 bit atomics
[2022.04.30-22.12.56:371][  0]LogD3D11RHI: Intel Extensions Framework not found
[2022.04.30-22.12.56:371][  0]LogD3D11RHI: Async texture creation enabled
[2022.04.30-22.12.56:371][  0]LogD3D11RHI: Array index from any shader is supported
[2022.04.30-22.12.56:378][  0]LogD3D11RHI: GPU Timing Frequency: 12.500000 (Debug: 2 0)
[2022.04.30-22.12.56:696][  0]LogTargetPlatformManager: Display: Loaded TargetPlatform 'AllDesktop'
[2022.04.30-22.12.56:717][  0]LogTargetPlatformManager: Display: Loaded TargetPlatform 'Android'
[2022.04.30-22.12.56:718][  0]LogTargetPlatformManager: Display: Loaded TargetPlatform 'Android_ASTC'
[2022.04.30-22.12.56:718][  0]LogTargetPlatformManager: Display: Loaded TargetPlatform 'Android_DXT'
[2022.04.30-22.12.56:718][  0]LogTargetPlatformManager: Display: Loaded TargetPlatform 'Android_ETC2'
[2022.04.30-22.12.56:718][  0]LogTargetPlatformManager: Display: Loaded TargetPlatform 'AndroidClient'
[2022.04.30-22.12.56:718][  0]LogTargetPlatformManager: Display: Loaded TargetPlatform 'Android_ASTCClient'
[2022.04.30-22.12.56:718][  0]LogTargetPlatformManager: Display: Loaded TargetPlatform 'Android_DXTClient'
[2022.04.30-22.12.56:718][  0]LogTargetPlatformManager: Display: Loaded TargetPlatform 'Android_ETC2Client'
[2022.04.30-22.12.56:718][  0]LogTargetPlatformManager: Display: Loaded TargetPlatform 'Android_Multi'
[2022.04.30-22.12.56:718][  0]LogTargetPlatformManager: Display: Loaded TargetPlatform 'Android_MultiClient'
[2022.04.30-22.12.56:735][  0]LogTargetPlatformManager: Display: Loaded TargetPlatform 'IOSClient'
[2022.04.30-22.12.56:735][  0]LogTargetPlatformManager: Display: Loaded TargetPlatform 'IOS'
[2022.04.30-22.12.56:745][  0]LogTargetPlatformManager: Display: Loaded TargetPlatform 'Linux'
[2022.04.30-22.12.56:749][  0]LogTargetPlatformManager: Display: Loaded TargetPlatform 'LinuxNoEditor'
[2022.04.30-22.12.56:754][  0]LogTargetPlatformManager: Display: Loaded TargetPlatform 'LinuxClient'
[2022.04.30-22.12.56:758][  0]LogTargetPlatformManager: Display: Loaded TargetPlatform 'LinuxServer'
[2022.04.30-22.12.56:766][  0]LogTargetPlatformManager: Display: Loaded TargetPlatform 'LinuxAArch64NoEditor'
[2022.04.30-22.12.56:771][  0]LogTargetPlatformManager: Display: Loaded TargetPlatform 'LinuxAArch64Client'
[2022.04.30-22.12.56:775][  0]LogTargetPlatformManager: Display: Loaded TargetPlatform 'LinuxAArch64Server'
[2022.04.30-22.12.56:799][  0]LogTargetPlatformManager: Display: Loaded TargetPlatform 'Lumin'
[2022.04.30-22.12.56:799][  0]LogTargetPlatformManager: Display: Loaded TargetPlatform 'LuminClient'
[2022.04.30-22.12.56:807][  0]LogTargetPlatformManager: Display: Loaded TargetPlatform 'MacNoEditor'
[2022.04.30-22.12.56:811][  0]LogTargetPlatformManager: Display: Loaded TargetPlatform 'Mac'
[2022.04.30-22.12.56:815][  0]LogTargetPlatformManager: Display: Loaded TargetPlatform 'MacClient'
[2022.04.30-22.12.56:819][  0]LogTargetPlatformManager: Display: Loaded TargetPlatform 'MacServer'
[2022.04.30-22.12.56:828][  0]LogTargetPlatformManager: Display: Loaded TargetPlatform 'TVOSClient'
[2022.04.30-22.12.56:829][  0]LogTargetPlatformManager: Display: Loaded TargetPlatform 'TVOS'
[2022.04.30-22.12.56:837][  0]LogTargetPlatformManager: Display: Loaded TargetPlatform 'WindowsNoEditor'
[2022.04.30-22.12.56:842][  0]LogTargetPlatformManager: Display: Loaded TargetPlatform 'Windows'
[2022.04.30-22.12.56:846][  0]LogTargetPlatformManager: Display: Loaded TargetPlatform 'WindowsClient'
[2022.04.30-22.12.56:850][  0]LogTargetPlatformManager: Display: Loaded TargetPlatform 'WindowsServer'
[2022.04.30-22.12.56:850][  0]LogTargetPlatformManager: Display: Building Assets For Windows
[2022.04.30-22.12.56:857][  0]LogAudioDebug: Display: Lib vorbis DLL was dynamically loaded.
[2022.04.30-22.12.56:886][  0]LogTextureFormatOodle: Display: Oodle Texture 2.9.0 init RDO Off
[2022.04.30-22.12.56:915][  0]LogRendererCore: Ray tracing is disabled. Reason: r.RayTracing=0.
[2022.04.30-22.12.56:916][  0]LogShaderCompilers: Guid format shader working directory is 25 characters bigger than the processId version (../../../../NewFeatures/Intermediate/Shaders/WorkingDirectory/20208/).
[2022.04.30-22.12.56:916][  0]LogShaderCompilers: Cleaned the shader compiler working directory 'C:/Users/Jonathan/AppData/Local/Temp/UnrealShaderWorkingDir/3C494312400809C7208BABBF131B2DB5/'.
[2022.04.30-22.12.56:916][  0]LogXGEController: Cannot use XGE Controller as Incredibuild is not installed on this machine.
[2022.04.30-22.12.56:916][  0]LogShaderCompilers: Cannot use XGE Shader Compiler as Incredibuild is not installed on this machine.
[2022.04.30-22.12.56:916][  0]LogShaderCompilers: Display: Using Local Shader Compiler.
[2022.04.30-22.12.57:660][  0]LogDerivedDataCache: Display: Max Cache Size: 512 MB
[2022.04.30-22.12.57:734][  0]LogDerivedDataCache: Loaded boot cache 0.07s 95MB C:/Users/Jonathan/AppData/Local/UnrealEngine/4.27/DerivedDataCache/Boot.ddc.
[2022.04.30-22.12.57:734][  0]LogDerivedDataCache: Display: Loaded Boot cache: C:/Users/Jonathan/AppData/Local/UnrealEngine/4.27/DerivedDataCache/Boot.ddc
[2022.04.30-22.12.57:734][  0]LogDerivedDataCache: FDerivedDataBackendGraph:  Pak pak cache file ../../../../NewFeatures/DerivedDataCache/DDC.ddp not found, will not use a pak cache.
[2022.04.30-22.12.57:734][  0]LogDerivedDataCache: Unable to find inner node Pak for hierarchical cache Hierarchy.
[2022.04.30-22.12.57:734][  0]LogDerivedDataCache: FDerivedDataBackendGraph:  CompressedPak pak cache file ../../../../NewFeatures/DerivedDataCache/Compressed.ddp not found, will not use a pak cache.
[2022.04.30-22.12.57:734][  0]LogDerivedDataCache: Unable to find inner node CompressedPak for hierarchical cache Hierarchy.
[2022.04.30-22.12.57:749][  0]LogDerivedDataCache: Display: Pak cache opened for reading ../../../Engine/DerivedDataCache/Compressed.ddp.
[2022.04.30-22.12.57:749][  0]LogDerivedDataCache: FDerivedDataBackendGraph:  EnterprisePak pak cache file ../../../Enterprise/DerivedDataCache/Compressed.ddp not found, will not use a pak cache.
[2022.04.30-22.12.57:749][  0]LogDerivedDataCache: Unable to find inner node EnterprisePak for hierarchical cache Hierarchy.
[2022.04.30-22.12.57:763][  0]LogDerivedDataCache: Speed tests for C:/Users/Jonathan/AppData/Local/UnrealEngine/Common/DerivedDataCache took 0.01 seconds
[2022.04.30-22.12.57:763][  0]LogDerivedDataCache: Display: Performance to C:/Users/Jonathan/AppData/Local/UnrealEngine/Common/DerivedDataCache: Latency=0.05ms. RandomReadSpeed=1052.52MBs, RandomWriteSpeed=78.72MBs. Assigned SpeedClass 'Local'
[2022.04.30-22.12.57:764][  0]LogDerivedDataCache: Using Local data cache path C:/Users/Jonathan/AppData/Local/UnrealEngine/Common/DerivedDataCache: Writable
[2022.04.30-22.12.57:764][  0]LogDerivedDataCache: Shared data cache path not found in *engine.ini, will not use an Shared cache.
[2022.04.30-22.12.57:765][  0]LogDerivedDataCache: Unable to find inner node Shared for hierarchical cache Hierarchy.
[2022.04.30-22.12.57:810][  0]LogSlate: Using FreeType 2.10.0
[2022.04.30-22.12.57:811][  0]LogSlate: SlateFontServices - WITH_FREETYPE: 1, WITH_HARFBUZZ: 1
[2022.04.30-22.12.57:839][  0]LogAssetRegistry: FAssetRegistry took 0.0025 seconds to start up
[2022.04.30-22.12.58:080][  0]LogInit: Selected Device Profile: [Windows]
[2022.04.30-22.12.58:081][  0]LogInit: Active device profile: [000001725E317300][0000017254A9B4C0 49] Windows
[2022.04.30-22.12.58:081][  0]LogInit: Profiles: [000001725E317300][0000017254A9B4C0 49] Windows, [000001725F2D5200][0000017254D37640 49] WindowsNoEditor, [000001725E315200][000001725DB3B7C0 49] WindowsServer, [000001725F2D7000][000001725DB3F940 49] WindowsClient, [000001725E317000][000001725DB43AC0 49] IOS, [000001725F2D5300][000001725DB460C0 49] iPadAir, [000001725E314400][000001725E2D4240 49] iPadAir2, [000001725F28C600][000001725E2DC500 49] IPadPro, [000001725F28C700][000001725E2D8540 49] iPadAir3, [000001725E316D00][0000017254D32680 49] iPadAir4, [000001725F28EE00][000001725E2E07C0 49] iPadMini2, [000001725E315400][000001725E2E4900 49] iPadMini3, [000001725F28D800][000001725E2ECA80 49] iPadMini4, [000001725E316B00][000001725BA64C00 49] iPadMini5, [000001725F27FE00][000001725BA6CEC0 49] iPhone6, [000001725F27FF00][000001725BA68F00 49] iPodTouch6, [000001725F28C400][000001725BA751C0 49] iPhone7, [000001725F28ED00][000001725BA71200 49] iPodTouch7, [000001725F27D300][000001725BA79380 49] iPhone5S, [000001725F28E100][000001725BA7D500 49] iPhone6Plus, [000001725F27EE00][0000017254915680 49] iPhone6S, [000001725F28C200][0000017254919800 49] iPhone6SPlus, [000001725F27D600][000001725491D980 49] iPhone7Plus, [000001725F28DF00][0000017254921B00 49] iPhoneSE, [000001725F27EB00][0000017254924100 49] iPhone8, [000001725F28D600][0000017254928280 49] iPhone8Plus, [000001725F27DA00][000001725492C400 49] iPhoneX, [000001725F28F600][0000017254930580 49] iPhoneXS, [000001725F27C700][0000017254934700 49] iPhoneXSMax, [000001725F28E500][000001725E2E8840 49] iPhoneXR, [000001725F27F600][0000017254938980 49] iPhone11, [000001725F28DA00][000001725493CAC0 49] iPhone11Pro, [000001725F27E700][0000017254944C40 49] iPhone11ProMax, [000001725F28E900][0000017254948DC0 49] iPhoneSE2, [000001725F27DE00][000001725494CF40 49] iPhone12Mini, [000001725F28C300][00000172549510C0 49] iPhone12, [000001725F27E400][0000017254955240 49] iPhone12Pro, [000001725F28DC00][00000172549593C0 49] iPhone12ProMax, [000001725F27E100][000001725495D540 49] iPadPro105, [000001725F28C900][00000172549616C0 49] iPadPro129, [000001725F27DD00][0000017254965840 49] iPadPro97, [000001725F28CC00][00000172549699C0 49] iPadPro2_129, [000001725F27E900][000001725496DB40 49] iPad5, [000001725F28CE00][0000017254970140 49] iPad6, [000001725F27D500][00000172549742C0 49] iPad7, [000001725F28F700][0000017254978440 49] iPad8, [000001725F27FB00][000001725497C5C0 49] iPadPro11, [000001725F28C500][000001725B6D0740 49] iPadPro2_11, [000001725F27CA00][000001725B6D48C0 49] iPadPro3_129, [000001725F28E800][0000017254940A00 49] iPadPro4_129, [000001725F27E600][000001725B6D8B40 49] AppleTV, [000001725F28FE00][000001725B6DCC80 49] AppleTV4K, [000001725F27DB00][000001725B6E0DC0 49] TVOS, [000001725F28D300][000001725B6E8F40 49] Mac, [000001725F27C400][000001725B6ED0C0 49] MacClient, [000001725F28EC00][000001725B6F1240 49] MacNoEditor, [000001725F27EC00][000001725B6F53C0 49] MacServer, [000001725F28D000][000001725B6F9540 49] Linux, [000001725F27E500][000001725B6FD6C0 49] LinuxAArch64, [000001725F28F200][000001725B701840 49] LinuxNoEditor, [000001725F27CF00][000001725B7059C0 49] LinuxAArch64NoEditor, [000001725F28CA00][000001725B709B40 49] LinuxClient, [000001725F27D900][000001725B70C140 49] LinuxAArch64Client, [000001725F2D7C00][000001725B7102C0 49] LinuxServer, [000001725E35D700][000001725B714440 49] LinuxAArch64Server, [000001725F2D4700][000001725B7185C0 49] Android, [000001725E35CC00][000001725B71C740 49] Android_Low, [000001725F2D5A00][000001725B7208C0 49] Android_Mid, [000001725E35D200][000001725B724A40 49] Android_High, [000001725F2D6400][000001725B6E4B80 49] Android_Default, [000001725E35DD00][000001725B728CC0 49] Android_Adreno4xx, [000001725F2D6E00][000001725B72CE00 49] Android_Adreno5xx_Low, [000001725E35CB00][000001725B730F40 49] Android_Adreno5xx, [000001725F2D7400][000001725B7390C0 49] Android_Adreno6xx, [000001725E35C500][000001725B73D240 49] Android_Adreno6xx_Vulkan, [000001725F2D7800][000001725DBAF3C0 49] Android_Mali_T6xx, [000001725E35CF00][000001725DBB3540 49] Android_Mali_T7xx, [000001725F2D4400][000001725DBB76C0 49] Android_Mali_T8xx, [000001725E35D800][000001725DBBB840 49] Android_Mali_G71, [000001725F2D4C00][000001725DBBF9C0 49] Android_Mali_G72, [000001725E35D400][000001725DBC3B40 49] Android_Mali_G72_Vulkan, [000001725F2D6200][000001725DBC6140 49] Android_Mali_G76, [000001725E35D100][000001725DBCA2C0 49] Android_Mali_G76_Vulkan, [000001725F2D5C00][000001725DBCE440 49] Android_Mali_G77, [000001725E35CD00][000001725DBD25C0 49] Android_Mali_G77_Vulkan, [000001725F27F200][000001725DBD6740 49] Android_Mali_G78, [000001725F28E700][000001725DBDA8C0 49] Android_Mali_G78_Vulkan, [000001725F27FA00][000001725DBDEA40 49] Android_Mali_G710, [000001725F28D200][000001725DBE2BC0 49] Android_Mali_G710_Vulkan, [000001725F27C100][000001725DBE6D40 49] Android_Vulkan_SM5, [000001725F28F400][000001725B734E80 49] Android_PowerVR_G6xxx, [000001725F27E000][000001725DBEAFC0 49] Android_PowerVR_GT7xxx, [000001725F28F000][000001725DBEF100 49] Android_PowerVR_GE8xxx, [000001725F27ED00][000001725DBF7280 49] Android_PowerVR_GM9xxx, [000001725F28E200][000001725DBFB400 49] Android_PowerVR_GM9xxx_Vulkan, [000001725F27F500][000001725DBFF580 49] Android_TegraK1, [000001725F28D500][000001725DC03700 49] Android_Unknown_Vulkan, [000001725F27C800][000001725DC07880 49] Lumin, [000001725F28DE00][000001725DC0BA00 49] Lumin_Desktop, [000001725F27F300][000001725DC0FB80 49] HoloLens, 
[2022.04.30-22.12.58:215][  0]LogMeshReduction: Using QuadricMeshReduction for automatic static mesh reduction
[2022.04.30-22.12.58:215][  0]LogMeshReduction: Using SimplygonMeshReduction for automatic skeletal mesh reduction
[2022.04.30-22.12.58:215][  0]LogMeshReduction: Using ProxyLODMeshReduction for automatic mesh merging
[2022.04.30-22.12.58:215][  0]LogMeshReduction: No distributed automatic mesh merging module available
[2022.04.30-22.12.58:215][  0]LogMeshMerging: No distributed automatic mesh merging module available
[2022.04.30-22.12.58:236][  0]LogNetVersion: NewFeatures 1.0.0, NetCL: 17155196, EngineNetVer: 17, GameNetVer: 0 (Checksum: 1283399340)
[2022.04.30-22.12.58:656][  0]LogTexture: Default maximum texture size for cubemaps generated from long-lat sources has been changed from 512 to unlimited. In order to preserve old behaiour for '/Engine/MapTemplates/Sky/DaylightAmbientCubemap.DaylightAmbientCubemap', its maximum texture size has been explicitly set to 512.
[2022.04.30-22.12.58:711][  0]LogHMD: PokeAHoleMaterial loaded successfully
[2022.04.30-22.12.58:716][  0]LogUObjectArray: 17178 objects as part of root set at end of initial load.
[2022.04.30-22.12.58:716][  0]LogUObjectAllocator: 4302048 out of 0 bytes used by permanent object pool.
[2022.04.30-22.12.58:716][  0]LogUObjectArray: CloseDisregardForGC: 0/0 objects in disregard for GC pool
[2022.04.30-22.12.59:004][  0]LogNiagaraDebuggerClient: Niagara Debugger Client Initialized | Session: FFE698B240B80969468CD8BDB552E585 | Instance: 59C5D4D44D9B55B33068B7B00F1BDA37 (JONNY-20208).
[2022.04.30-22.12.59:118][  0]LogPython: Using Python 3.7.7
[2022.04.30-22.12.59:632][  0]LogPython: Warning: sys:1: DeprecationWarning: the imp module is deprecated in favour of importlib; see the module's documentation for alternative uses

[2022.04.30-22.12.59:645][  0]LogUdpMessaging: Initializing bridge on interface 0.0.0.0:0 to multicast group 230.0.0.1:6666.
[2022.04.30-22.12.59:651][  0]LogTcpMessaging: Initializing TcpMessaging bridge
[2022.04.30-22.12.59:839][  0]SourceControl: Source control is disabled
[2022.04.30-22.12.59:839][  0]SourceControl: Source control is disabled
[2022.04.30-22.12.59:842][  0]SourceControl: Source control is disabled
[2022.04.30-22.12.59:848][  0]SourceControl: Source control is disabled
[2022.04.30-22.12.59:862][  0]SourceControl: Source control is disabled
[2022.04.30-22.12.59:867][  0]LogUProjectInfo: Found projects:
[2022.04.30-22.13.00:104][  0]LogOpenImageDenoise: OIDN starting up
[2022.04.30-22.13.00:132][  0]LogAndroidPermission: UAndroidPermissionCallbackProxy::GetInstance
[2022.04.30-22.13.00:154][  0]LogAudioCaptureCore: Display: No Audio Capture implementations found. Audio input will be silent.
[2022.04.30-22.13.00:154][  0]LogAudioCaptureCore: Display: No Audio Capture implementations found. Audio input will be silent.
[2022.04.30-22.13.00:284][  0]LogCollectionManager: Loaded 0 collections in 0.000711 seconds
[2022.04.30-22.13.00:313][  0]LogFileCache: Scanning file cache for directory 'E:/EpicGames/NewFeatures/Saved/Collections/' took 0.00s
[2022.04.30-22.13.00:313][  0]LogFileCache: Scanning file cache for directory 'E:/EpicGames/NewFeatures/Content/Developers/Jonathan/Collections/' took 0.00s
[2022.04.30-22.13.00:314][  0]LogFileCache: Scanning file cache for directory 'E:/EpicGames/NewFeatures/Content/Collections/' took 0.00s
[2022.04.30-22.13.00:314][  0]LogOcInput: OculusInput pre-init called
[2022.04.30-22.13.00:541][  0]LogTemp: Warning: WE JUST OPEN UHoudiniAssetEditorObject
[2022.04.30-22.13.00:724][  0]LogHoudiniEngine: Starting the Houdini Engine module...
[2022.04.30-22.13.00:725][  0]LogHoudiniEngine: Loaded libHAPIL.dll from Registry path C:/Program Files/SideFX/Houdini 18.5.672/bin
[2022.04.30-22.13.00:726][  0]LogLinker: Warning: Asset '../../../../NewFeatures/Plugins/HoudiniEngine/Content/houdini_default_material.uasset' has been saved with empty engine version. The asset will be loaded but may be incompatible.
[2022.04.30-22.13.01:146][  0]LogClass: Warning: ObjectProperty FHoudiniInstanceComponentInfo::InstanceMesh is not initialized properly. Module:HoudiniEngineRuntime File:Private/HoudiniAssetEditorObject.h
[2022.04.30-22.13.01:146][  0]LogClass: Display: IntProperty FHoudiniInstanceComponentInfo::InstanceCount is not initialized properly. Module:HoudiniEngineRuntime File:Private/HoudiniAssetEditorObject.h
[2022.04.30-22.13.01:147][  0]LogClass: Display: IntProperty FFolderListSetup::ParentID is not initialized properly. Module:QuickUISetup File:Public/HoudiniPythonClass.h
[2022.04.30-22.13.01:147][  0]LogClass: Display: IntProperty FFolderListSetup::TabsCount is not initialized properly. Module:QuickUISetup File:Public/HoudiniPythonClass.h
[2022.04.30-22.13.01:147][  0]LogClass: Display: BoolProperty FFolderListSetup::bIsTab is not initialized properly. Module:QuickUISetup File:Public/HoudiniPythonClass.h
[2022.04.30-22.13.01:147][  0]LogClass: Display: BoolProperty FFolderSetup::FolderVisible is not initialized properly. Module:QuickUISetup File:Public/HoudiniPythonClass.h
[2022.04.30-22.13.01:147][  0]LogClass: Display: BoolProperty FFolderSetup::FolderDisable is not initialized properly. Module:QuickUISetup File:Public/HoudiniPythonClass.h
[2022.04.30-22.13.01:147][  0]LogClass: Display: BoolProperty FFolderSetup::FolderEndGroup is not initialized properly. Module:QuickUISetup File:Public/HoudiniPythonClass.h
[2022.04.30-22.13.01:147][  0]LogClass: Display: IntProperty FFolderSetup::FolderID is not initialized properly. Module:QuickUISetup File:Public/HoudiniPythonClass.h
[2022.04.30-22.13.01:147][  0]LogClass: Display: BoolProperty FParameterSetup::bParameterSettings is not initialized properly. Module:QuickUISetup File:Public/HoudiniPythonClass.h
[2022.04.30-22.13.01:148][  0]LogClass: Display: IntProperty FParameterSetup::ParameterID is not initialized properly. Module:QuickUISetup File:Public/HoudiniPythonClass.h
[2022.04.30-22.13.01:148][  0]LogClass: Display: BoolProperty FParameterSetup::ParameterVisible is not initialized properly. Module:QuickUISetup File:Public/HoudiniPythonClass.h
[2022.04.30-22.13.01:148][  0]LogClass: Display: BoolProperty FParameterSetup::ParameterDisable is not initialized properly. Module:QuickUISetup File:Public/HoudiniPythonClass.h
[2022.04.30-22.13.01:148][  0]LogClass: Display: BoolProperty FParameterSetup::ParameterNeighbour is not initialized properly. Module:QuickUISetup File:Public/HoudiniPythonClass.h
[2022.04.30-22.13.01:148][  0]LogClass: Display: BoolProperty FParameterSettingSetup::hasMin is not initialized properly. Module:QuickUISetup File:Public/HoudiniPythonClass.h
[2022.04.30-22.13.01:148][  0]LogClass: Display: BoolProperty FParameterSettingSetup::hasMax is not initialized properly. Module:QuickUISetup File:Public/HoudiniPythonClass.h
[2022.04.30-22.13.01:148][  0]LogClass: Display: BoolProperty FHoudiniInstancedOutputPartData::bMaterialOverrideNeedsCreateInstance is not initialized properly. Module:HoudiniEngine File:Private/HoudiniInstanceTranslator.h
[2022.04.30-22.13.01:149][  0]LogClass: Display: Int8Property FMTSJson::version is not initialized properly. Module:MegascansPlugin File:Private/Utilities/MTSReader.h
[2022.04.30-22.13.01:149][  0]LogClass: Display: Int16Property FMTSJson::resolutionValue is not initialized properly. Module:MegascansPlugin File:Private/Utilities/MTSReader.h
[2022.04.30-22.13.01:149][  0]LogClass: Display: BoolProperty FMTSJson::isExternal is not initialized properly. Module:MegascansPlugin File:Private/Utilities/MTSReader.h
[2022.04.30-22.13.01:149][  0]LogClass: Display: Int8Property FMTSJson::meshVersion is not initialized properly. Module:MegascansPlugin File:Private/Utilities/MTSReader.h
[2022.04.30-22.13.01:149][  0]LogClass: Display: BoolProperty FMTSJson::isCustom is not initialized properly. Module:MegascansPlugin File:Private/Utilities/MTSReader.h
[2022.04.30-22.13.01:149][  0]LogClass: Display: BoolProperty FMTSJson::isModularAsset is not initialized properly. Module:MegascansPlugin File:Private/Utilities/MTSReader.h
[2022.04.30-22.13.01:150][  0]LogClass: Display: Int8Property FLodList::variation is not initialized properly. Module:MegascansPlugin File:Private/Utilities/MTSReader.h
[2022.04.30-22.13.01:150][  0]LogClass: Display: Int16Property FMeshList::resolution is not initialized properly. Module:MegascansPlugin File:Private/Utilities/MTSReader.h
[2022.04.30-22.13.01:150][  0]LogClass: Display: Int16Property FComponents::resolution is not initialized properly. Module:MegascansPlugin File:Private/Utilities/MTSReader.h
[2022.04.30-22.13.01:150][  0]LogClass: Display: BoolProperty FTextureSets::isUdim is not initialized properly. Module:MegascansPlugin File:Private/Utilities/MTSReader.h
[2022.04.30-22.13.01:150][  0]LogClass: Display: BoolProperty FMeta::value is not initialized properly. Module:MegascansPlugin File:Private/Utilities/MTSReader.h
[2022.04.30-22.13.01:150][  0]LogClass: Display: 28 Uninitialized script struct members found including 1 object properties
[2022.04.30-22.13.01:150][  0]LogAutomationTest: Warning: ObjectProperty FHoudiniInstanceComponentInfo::InstanceMesh is not initialized properly. Module:HoudiniEngineRuntime File:Private/HoudiniAssetEditorObject.h
[2022.04.30-22.13.01:151][  0]LogEngine: Initializing Engine...
[2022.04.30-22.13.01:154][  0]LogHMD: Failed to enumerate extensions. Please check that you have a valid OpenXR runtime installed.
[2022.04.30-22.13.01:154][  0]LogHMD: Failed to initialize OpenVR with code 110
[2022.04.30-22.13.01:154][  0]LogMagicLeap: Warning: VR disabled because ZI is not enabled.  To enable, in the editor, Edit -> Project Settings -> Plugins -> Magic Leap Plugin -> Enable Zero Iteration
[2022.04.30-22.13.01:155][  0]LogStats: UGameplayTagsManager::InitializeManager -  0.000 s
[2022.04.30-22.13.01:289][  0]LogInit: Initializing FReadOnlyCVARCache
[2022.04.30-22.13.01:299][  0]LogAIModule: Creating AISystem for world Untitled
[2022.04.30-22.13.01:300][  0]LogAudio: Display: Initializing Audio Device Manager...
[2022.04.30-22.13.01:304][  0]LogAudio: Display: Loading Default Audio Settings Objects...
[2022.04.30-22.13.01:305][  0]LogAudio: Display: No default SoundConcurrencyObject specified (or failed to load).
[2022.04.30-22.13.01:305][  0]LogAudio: Display: Audio Device Manager Initialized
[2022.04.30-22.13.01:305][  0]LogAudio: Display: Creating Audio Device:                 Id: 1, Scope: Shared, Realtime: True
[2022.04.30-22.13.01:305][  0]LogAudioMixer: Display: Audio Mixer Platform Settings:
[2022.04.30-22.13.01:305][  0]LogAudioMixer: Display: 	Sample Rate:						  48000
[2022.04.30-22.13.01:305][  0]LogAudioMixer: Display: 	Callback Buffer Frame Size Requested: 1024
[2022.04.30-22.13.01:306][  0]LogAudioMixer: Display: 	Callback Buffer Frame Size To Use:	  1024
[2022.04.30-22.13.01:306][  0]LogAudioMixer: Display: 	Number of buffers to queue:			  2
[2022.04.30-22.13.01:306][  0]LogAudioMixer: Display: 	Max Channels (voices):				  32
[2022.04.30-22.13.01:306][  0]LogAudioMixer: Display: 	Number of Async Source Workers:		  0
[2022.04.30-22.13.01:306][  0]LogAudio: Display: AudioDevice MaxSources: 32
[2022.04.30-22.13.01:306][  0]LogAudio: Display: Audio Spatialization Plugin: None (built-in).
[2022.04.30-22.13.01:306][  0]LogAudio: Display: Audio Reverb Plugin: None (built-in).
[2022.04.30-22.13.01:306][  0]LogAudio: Display: Audio Occlusion Plugin: None (built-in).
[2022.04.30-22.13.01:306][  0]LogAudioMixer: Display: Initializing audio mixer.
[2022.04.30-22.13.01:338][  0]LogAudioMixer: Display: 0: FrontLeft
[2022.04.30-22.13.01:338][  0]LogAudioMixer: Display: 1: FrontRight
[2022.04.30-22.13.01:364][  0]LogAudioMixer: Display: Using Audio Device Speakers (GSX 1200 Pro Main Audio)
[2022.04.30-22.13.01:367][  0]LogAudioMixer: Display: Initializing Sound Submixes...
[2022.04.30-22.13.01:371][  0]LogAudioMixer: Display: Creating Master Submix 'MasterSubmixDefault'
[2022.04.30-22.13.01:371][  0]LogAudioMixer: Display: Creating Master Submix 'MasterReverbSubmixDefault'
[2022.04.30-22.13.01:372][  0]LogAudioMixer: Display: Creating Master Submix 'MasterEQSubmixDefault'
[2022.04.30-22.13.01:372][  0]LogAudioMixer: FMixerPlatformXAudio2::StartAudioStream() called
[2022.04.30-22.13.01:372][  0]LogAudioMixer: Display: Output buffers initialized: Frames=1024, Channels=2, Samples=2048
[2022.04.30-22.13.01:373][  0]LogAudioMixer: Display: Starting AudioMixerPlatformInterface::RunInternal()
[2022.04.30-22.13.01:373][  0]LogAudioMixer: Display: FMixerPlatformXAudio2::SubmitBuffer() called for the first time
[2022.04.30-22.13.01:373][  0]LogInit: FAudioDevice initialized.
[2022.04.30-22.13.01:374][  0]LogAudio: Display: Audio Device (ID: 1) registered with world 'Untitled'.
[2022.04.30-22.13.01:374][  0]LogNetVersion: Set ProjectVersion to 1.0.0.0. Version Checksum will be recalculated on next use.
[2022.04.30-22.13.01:466][  0]LogDerivedDataCache: Saved boot cache 0.09s 95MB C:/Users/Jonathan/AppData/Local/UnrealEngine/4.27/DerivedDataCache/Boot.ddc.
[2022.04.30-22.13.01:467][  0]LogInit: Texture streaming: Enabled
[2022.04.30-22.13.01:480][  0]LogAnalytics: Display: [UEEditor.Rocket.Release] APIServer = https://datarouter.ol.epicgames.com/. AppVersion = 4.27.2-18319896+++UE4+Release-4.27
[2022.04.30-22.13.01:485][  0]LogEngineSessionManager: EngineSessionManager initialized
[2022.04.30-22.13.01:485][  0]LogEngineSessionManager: EngineSessionManager sent abnormal shutdown report. Type=AbnormalShutdown, SessionId={ECDB0B70-4909-1B59-F7A4-D2A0B8859421}
[2022.04.30-22.13.01:486][  0]LogEditorSessionSummary: Verbose: Initializing EditorSessionSummaryWriter for editor session tracking
[2022.04.30-22.13.01:489][  0]LogEditorSessionSummary: EditorSessionSummaryWriter initialized
[2022.04.30-22.13.01:516][  0]LogInit: Transaction tracking system initialized
[2022.04.30-22.13.01:535][  0]BlueprintLog: New page: Editor Load
[2022.04.30-22.13.01:595][  0]LocalizationService: Localization service is disabled
[2022.04.30-22.13.01:618][  0]TimingProfiler: Initialize
[2022.04.30-22.13.01:618][  0]TimingProfiler: OnSessionChanged
[2022.04.30-22.13.01:618][  0]LoadingProfiler: Initialize
[2022.04.30-22.13.01:618][  0]LoadingProfiler: OnSessionChanged
[2022.04.30-22.13.01:619][  0]NetworkingProfiler: Initialize
[2022.04.30-22.13.01:619][  0]NetworkingProfiler: OnSessionChanged
[2022.04.30-22.13.01:619][  0]MemoryProfiler: Initialize
[2022.04.30-22.13.01:619][  0]MemoryProfiler: OnSessionChanged
[2022.04.30-22.13.01:906][  0]LogCook: Display: CookSettings for Memory: MemoryMaxUsedVirtual 0MiB, MemoryMaxUsedPhysical 16384MiB, MemoryMinFreeVirtual 0MiB, MemoryMinFreePhysical 1024MiB
[2022.04.30-22.13.01:906][  0]LogCook: Display: Mobile HDR setting 1
[2022.04.30-22.13.02:087][  0]LogFileCache: Scanning file cache for directory 'E:/EpicGames/NewFeatures/Content/' took 0.01s
[2022.04.30-22.13.02:321][  0]LogHoudiniEngineEditor: Starting the Houdini Engine Editor module.
[2022.04.30-22.13.02:326][  0]LogHoudiniEngineEditor: Houdini Spline Component Visualizer Registered!
[2022.04.30-22.13.02:327][  0]LogHoudiniEngineEditor: Houdini Engine Editor module startup complete.
[2022.04.30-22.13.02:339][  0]LogInit: Display: Engine is initialized. Leaving FEngineLoop::Init()
[2022.04.30-22.13.02:343][  0]SourceControl: Source control is disabled
[2022.04.30-22.13.02:343][  0]LogUnrealEdMisc: Loading editor; pre map load, took 8.545
[2022.04.30-22.13.02:343][  0]Cmd: MAP LOAD FILE="../../../../NewFeatures/Content/StarterContent/Maps/Minimal_Default.umap" TEMPLATE=0 SHOWPROGRESS=1 FEATURELEVEL=3
[2022.04.30-22.13.02:343][  0]LightingResults: New page: Lighting Build
[2022.04.30-22.13.02:345][  0]LogWorld: UWorld::CleanupWorld for Untitled, bSessionEnded=true, bCleanupResources=true
[2022.04.30-22.13.02:345][  0]LogSlate: InvalidateAllWidgets triggered.  All widgets were invalidated
[2022.04.30-22.13.02:345][  0]MapCheck: New page: Map Check
[2022.04.30-22.13.02:345][  0]LightingResults: New page: Lighting Build
[2022.04.30-22.13.02:350][  0]LogAudio: Display: Audio Device unregistered from world 'None'.
[2022.04.30-22.13.02:353][  0]LogUObjectHash: Compacting FUObjectHashTables data took   0.85ms
[2022.04.30-22.13.02:470][  0]LogAudio: Display: Audio Device (ID: 1) registered with world 'Minimal_Default'.
[2022.04.30-22.13.02:471][  0]LogAIModule: Creating AISystem for world Minimal_Default
[2022.04.30-22.13.02:476][  0]LogEditorServer: Finished looking for orphan Actors (0.000 secs)
[2022.04.30-22.13.02:513][  0]LogUObjectHash: Compacting FUObjectHashTables data took   1.12ms
[2022.04.30-22.13.02:513][  0]Cmd: MAP CHECKDEP NOCLEARLOG
[2022.04.30-22.13.02:514][  0]MapCheck: Map check complete: 0 Error(s), 0 Warning(s), took 0.187ms to complete.
[2022.04.30-22.13.02:514][  0]LogFileHelpers: Loading map 'Minimal_Default' took 0.171
[2022.04.30-22.13.02:517][  0]LogUnrealEdMisc: Total Editor Startup Time, took 8.719
[2022.04.30-22.13.02:631][  0]LogNativeClassHierarchy: Verbose: Native class hierarchy populated in 0.0094 seconds. Added 3946 classes and 948 folders.
[2022.04.30-22.13.02:651][  0]LogNativeClassHierarchy: Verbose: Native class hierarchy updated for 'WidgetCarousel' in 0.0003 seconds. Added 0 classes and 0 folders.
[2022.04.30-22.13.02:653][  0]LogPakFile: PakFile PrimaryIndexSize=187
[2022.04.30-22.13.02:653][  0]LogPakFile: PakFile PathHashIndexSize=101
[2022.04.30-22.13.02:653][  0]LogPakFile: PakFile FullDirectoryIndexSize=148
[2022.04.30-22.13.02:654][  0]LogShaderLibrary: Display: ShaderCodeLibraryPakFileMountedCallback: PakFile 'E:/EpicGames/UE_4.27/FeaturePacks/FP_FirstPerson.upack' (chunk index -1, root 'root:/') mounted
[2022.04.30-22.13.02:654][  0]LogShaderLibrary: Display: ShaderCodeLibraryPakFileMountedCallback: pending pak file info (ChunkID:-1 Root:root:/ File:E:/EpicGames/UE_4.27/FeaturePacks/FP_FirstPerson.upack)
[2022.04.30-22.13.02:654][  0]LogPakFile: OnPakFileMounted2Time == 0.000282
[2022.04.30-22.13.02:655][  0]LogPakFile: PakFile PrimaryIndexSize=189
[2022.04.30-22.13.02:655][  0]LogPakFile: PakFile PathHashIndexSize=101
[2022.04.30-22.13.02:655][  0]LogPakFile: PakFile FullDirectoryIndexSize=152
[2022.04.30-22.13.02:655][  0]LogShaderLibrary: Display: ShaderCodeLibraryPakFileMountedCallback: PakFile 'E:/EpicGames/UE_4.27/FeaturePacks/FP_FirstPersonBP.upack' (chunk index -1, root 'root:/') mounted
[2022.04.30-22.13.02:655][  0]LogShaderLibrary: Display: ShaderCodeLibraryPakFileMountedCallback: pending pak file info (ChunkID:-1 Root:root:/ File:E:/EpicGames/UE_4.27/FeaturePacks/FP_FirstPersonBP.upack)
[2022.04.30-22.13.02:656][  0]LogPakFile: OnPakFileMounted2Time == 0.000251
[2022.04.30-22.13.02:657][  0]LogPakFile: PakFile PrimaryIndexSize=191
[2022.04.30-22.13.02:657][  0]LogPakFile: PakFile PathHashIndexSize=101
[2022.04.30-22.13.02:657][  0]LogPakFile: PakFile FullDirectoryIndexSize=160
[2022.04.30-22.13.02:657][  0]LogShaderLibrary: Display: ShaderCodeLibraryPakFileMountedCallback: PakFile 'E:/EpicGames/UE_4.27/FeaturePacks/MobileStarterContent.upack' (chunk index -1, root 'root:/') mounted
[2022.04.30-22.13.02:657][  0]LogShaderLibrary: Display: ShaderCodeLibraryPakFileMountedCallback: pending pak file info (ChunkID:-1 Root:root:/ File:E:/EpicGames/UE_4.27/FeaturePacks/MobileStarterContent.upack)
[2022.04.30-22.13.02:657][  0]LogPakFile: OnPakFileMounted2Time == 0.000279
[2022.04.30-22.13.02:658][  0]LogPakFile: PakFile PrimaryIndexSize=185
[2022.04.30-22.13.02:659][  0]LogPakFile: PakFile PathHashIndexSize=101
[2022.04.30-22.13.02:659][  0]LogPakFile: PakFile FullDirectoryIndexSize=148
[2022.04.30-22.13.02:659][  0]LogShaderLibrary: Display: ShaderCodeLibraryPakFileMountedCallback: PakFile 'E:/EpicGames/UE_4.27/FeaturePacks/StarterContent.upack' (chunk index -1, root 'root:/') mounted
[2022.04.30-22.13.02:659][  0]LogShaderLibrary: Display: ShaderCodeLibraryPakFileMountedCallback: pending pak file info (ChunkID:-1 Root:root:/ File:E:/EpicGames/UE_4.27/FeaturePacks/StarterContent.upack)
[2022.04.30-22.13.02:659][  0]LogPakFile: OnPakFileMounted2Time == 0.000242
[2022.04.30-22.13.02:660][  0]LogPakFile: PakFile PrimaryIndexSize=190
[2022.04.30-22.13.02:660][  0]LogPakFile: PakFile PathHashIndexSize=101
[2022.04.30-22.13.02:660][  0]LogPakFile: PakFile FullDirectoryIndexSize=154
[2022.04.30-22.13.02:660][  0]LogShaderLibrary: Display: ShaderCodeLibraryPakFileMountedCallback: PakFile 'E:/EpicGames/UE_4.27/FeaturePacks/TP_2DSideScroller.upack' (chunk index -1, root 'root:/') mounted
[2022.04.30-22.13.02:660][  0]LogShaderLibrary: Display: ShaderCodeLibraryPakFileMountedCallback: pending pak file info (ChunkID:-1 Root:root:/ File:E:/EpicGames/UE_4.27/FeaturePacks/TP_2DSideScroller.upack)
[2022.04.30-22.13.02:661][  0]LogPakFile: OnPakFileMounted2Time == 0.000334
[2022.04.30-22.13.02:662][  0]LogPakFile: PakFile PrimaryIndexSize=192
[2022.04.30-22.13.02:662][  0]LogPakFile: PakFile PathHashIndexSize=101
[2022.04.30-22.13.02:662][  0]LogPakFile: PakFile FullDirectoryIndexSize=158
[2022.04.30-22.13.02:662][  0]LogShaderLibrary: Display: ShaderCodeLibraryPakFileMountedCallback: PakFile 'E:/EpicGames/UE_4.27/FeaturePacks/TP_2DSideScrollerBP.upack' (chunk index -1, root 'root:/') mounted
[2022.04.30-22.13.02:662][  0]LogShaderLibrary: Display: ShaderCodeLibraryPakFileMountedCallback: pending pak file info (ChunkID:-1 Root:root:/ File:E:/EpicGames/UE_4.27/FeaturePacks/TP_2DSideScrollerBP.upack)
[2022.04.30-22.13.02:662][  0]LogPakFile: OnPakFileMounted2Time == 0.000269
[2022.04.30-22.13.02:663][  0]LogPakFile: PakFile PrimaryIndexSize=182
[2022.04.30-22.13.02:663][  0]LogPakFile: PakFile PathHashIndexSize=101
[2022.04.30-22.13.02:663][  0]LogPakFile: PakFile FullDirectoryIndexSize=138
[2022.04.30-22.13.02:663][  0]LogShaderLibrary: Display: ShaderCodeLibraryPakFileMountedCallback: PakFile 'E:/EpicGames/UE_4.27/FeaturePacks/TP_Flying.upack' (chunk index -1, root 'root:/') mounted
[2022.04.30-22.13.02:664][  0]LogShaderLibrary: Display: ShaderCodeLibraryPakFileMountedCallback: pending pak file info (ChunkID:-1 Root:root:/ File:E:/EpicGames/UE_4.27/FeaturePacks/TP_Flying.upack)
[2022.04.30-22.13.02:664][  0]LogPakFile: OnPakFileMounted2Time == 0.000254
[2022.04.30-22.13.02:665][  0]LogPakFile: PakFile PrimaryIndexSize=184
[2022.04.30-22.13.02:665][  0]LogPakFile: PakFile PathHashIndexSize=101
[2022.04.30-22.13.02:665][  0]LogPakFile: PakFile FullDirectoryIndexSize=142
[2022.04.30-22.13.02:665][  0]LogShaderLibrary: Display: ShaderCodeLibraryPakFileMountedCallback: PakFile 'E:/EpicGames/UE_4.27/FeaturePacks/TP_FlyingBP.upack' (chunk index -1, root 'root:/') mounted
[2022.04.30-22.13.02:665][  0]LogShaderLibrary: Display: ShaderCodeLibraryPakFileMountedCallback: pending pak file info (ChunkID:-1 Root:root:/ File:E:/EpicGames/UE_4.27/FeaturePacks/TP_FlyingBP.upack)
[2022.04.30-22.13.02:665][  0]LogPakFile: OnPakFileMounted2Time == 0.000282
[2022.04.30-22.13.02:667][  0]LogPakFile: PakFile PrimaryIndexSize=188
[2022.04.30-22.13.02:667][  0]LogPakFile: PakFile PathHashIndexSize=101
[2022.04.30-22.13.02:667][  0]LogPakFile: PakFile FullDirectoryIndexSize=150
[2022.04.30-22.13.02:667][  0]LogShaderLibrary: Display: ShaderCodeLibraryPakFileMountedCallback: PakFile 'E:/EpicGames/UE_4.27/FeaturePacks/TP_HandheldARBP.upack' (chunk index -1, root 'root:/') mounted
[2022.04.30-22.13.02:667][  0]LogShaderLibrary: Display: ShaderCodeLibraryPakFileMountedCallback: pending pak file info (ChunkID:-1 Root:root:/ File:E:/EpicGames/UE_4.27/FeaturePacks/TP_HandheldARBP.upack)
[2022.04.30-22.13.02:667][  0]LogPakFile: OnPakFileMounted2Time == 0.000277
[2022.04.30-22.13.02:669][  0]LogPakFile: PakFile PrimaryIndexSize=182
[2022.04.30-22.13.02:669][  0]LogPakFile: PakFile PathHashIndexSize=101
[2022.04.30-22.13.02:669][  0]LogPakFile: PakFile FullDirectoryIndexSize=138
[2022.04.30-22.13.02:669][  0]LogShaderLibrary: Display: ShaderCodeLibraryPakFileMountedCallback: PakFile 'E:/EpicGames/UE_4.27/FeaturePacks/TP_Puzzle.upack' (chunk index -1, root 'root:/') mounted
[2022.04.30-22.13.02:669][  0]LogShaderLibrary: Display: ShaderCodeLibraryPakFileMountedCallback: pending pak file info (ChunkID:-1 Root:root:/ File:E:/EpicGames/UE_4.27/FeaturePacks/TP_Puzzle.upack)
[2022.04.30-22.13.02:669][  0]LogPakFile: OnPakFileMounted2Time == 0.000260
[2022.04.30-22.13.02:671][  0]LogPakFile: PakFile PrimaryIndexSize=184
[2022.04.30-22.13.02:671][  0]LogPakFile: PakFile PathHashIndexSize=101
[2022.04.30-22.13.02:671][  0]LogPakFile: PakFile FullDirectoryIndexSize=142
[2022.04.30-22.13.02:671][  0]LogShaderLibrary: Display: ShaderCodeLibraryPakFileMountedCallback: PakFile 'E:/EpicGames/UE_4.27/FeaturePacks/TP_PuzzleBP.upack' (chunk index -1, root 'root:/') mounted
[2022.04.30-22.13.02:671][  0]LogShaderLibrary: Display: ShaderCodeLibraryPakFileMountedCallback: pending pak file info (ChunkID:-1 Root:root:/ File:E:/EpicGames/UE_4.27/FeaturePacks/TP_PuzzleBP.upack)
[2022.04.30-22.13.02:671][  0]LogPakFile: OnPakFileMounted2Time == 0.000347
[2022.04.30-22.13.02:673][  0]LogPakFile: PakFile PrimaryIndexSize=183
[2022.04.30-22.13.02:673][  0]LogPakFile: PakFile PathHashIndexSize=101
[2022.04.30-22.13.02:673][  0]LogPakFile: PakFile FullDirectoryIndexSize=140
[2022.04.30-22.13.02:673][  0]LogShaderLibrary: Display: ShaderCodeLibraryPakFileMountedCallback: PakFile 'E:/EpicGames/UE_4.27/FeaturePacks/TP_Rolling.upack' (chunk index -1, root 'root:/') mounted
[2022.04.30-22.13.02:673][  0]LogShaderLibrary: Display: ShaderCodeLibraryPakFileMountedCallback: pending pak file info (ChunkID:-1 Root:root:/ File:E:/EpicGames/UE_4.27/FeaturePacks/TP_Rolling.upack)
[2022.04.30-22.13.02:673][  0]LogPakFile: OnPakFileMounted2Time == 0.000295
[2022.04.30-22.13.02:675][  0]LogPakFile: PakFile PrimaryIndexSize=185
[2022.04.30-22.13.02:675][  0]LogPakFile: PakFile PathHashIndexSize=101
[2022.04.30-22.13.02:675][  0]LogPakFile: PakFile FullDirectoryIndexSize=144
[2022.04.30-22.13.02:675][  0]LogShaderLibrary: Display: ShaderCodeLibraryPakFileMountedCallback: PakFile 'E:/EpicGames/UE_4.27/FeaturePacks/TP_RollingBP.upack' (chunk index -1, root 'root:/') mounted
[2022.04.30-22.13.02:675][  0]LogShaderLibrary: Display: ShaderCodeLibraryPakFileMountedCallback: pending pak file info (ChunkID:-1 Root:root:/ File:E:/EpicGames/UE_4.27/FeaturePacks/TP_RollingBP.upack)
[2022.04.30-22.13.02:675][  0]LogPakFile: OnPakFileMounted2Time == 0.000289
[2022.04.30-22.13.02:676][  0]LogPakFile: PakFile PrimaryIndexSize=188
[2022.04.30-22.13.02:676][  0]LogPakFile: PakFile PathHashIndexSize=101
[2022.04.30-22.13.02:676][  0]LogPakFile: PakFile FullDirectoryIndexSize=150
[2022.04.30-22.13.02:676][  0]LogShaderLibrary: Display: ShaderCodeLibraryPakFileMountedCallback: PakFile 'E:/EpicGames/UE_4.27/FeaturePacks/TP_SideScroller.upack' (chunk index -1, root 'root:/') mounted
[2022.04.30-22.13.02:677][  0]LogShaderLibrary: Display: ShaderCodeLibraryPakFileMountedCallback: pending pak file info (ChunkID:-1 Root:root:/ File:E:/EpicGames/UE_4.27/FeaturePacks/TP_SideScroller.upack)
[2022.04.30-22.13.02:677][  0]LogPakFile: OnPakFileMounted2Time == 0.000255
[2022.04.30-22.13.02:678][  0]LogPakFile: PakFile PrimaryIndexSize=190
[2022.04.30-22.13.02:678][  0]LogPakFile: PakFile PathHashIndexSize=101
[2022.04.30-22.13.02:678][  0]LogPakFile: PakFile FullDirectoryIndexSize=154
[2022.04.30-22.13.02:678][  0]LogShaderLibrary: Display: ShaderCodeLibraryPakFileMountedCallback: PakFile 'E:/EpicGames/UE_4.27/FeaturePacks/TP_SideScrollerBP.upack' (chunk index -1, root 'root:/') mounted
[2022.04.30-22.13.02:678][  0]LogShaderLibrary: Display: ShaderCodeLibraryPakFileMountedCallback: pending pak file info (ChunkID:-1 Root:root:/ File:E:/EpicGames/UE_4.27/FeaturePacks/TP_SideScrollerBP.upack)
[2022.04.30-22.13.02:678][  0]LogPakFile: OnPakFileMounted2Time == 0.000246
[2022.04.30-22.13.02:680][  0]LogPakFile: PakFile PrimaryIndexSize=187
[2022.04.30-22.13.02:680][  0]LogPakFile: PakFile PathHashIndexSize=101
[2022.04.30-22.13.02:680][  0]LogPakFile: PakFile FullDirectoryIndexSize=148
[2022.04.30-22.13.02:680][  0]LogShaderLibrary: Display: ShaderCodeLibraryPakFileMountedCallback: PakFile 'E:/EpicGames/UE_4.27/FeaturePacks/TP_ThirdPerson.upack' (chunk index -1, root 'root:/') mounted
[2022.04.30-22.13.02:680][  0]LogShaderLibrary: Display: ShaderCodeLibraryPakFileMountedCallback: pending pak file info (ChunkID:-1 Root:root:/ File:E:/EpicGames/UE_4.27/FeaturePacks/TP_ThirdPerson.upack)
[2022.04.30-22.13.02:680][  0]LogPakFile: OnPakFileMounted2Time == 0.000247
[2022.04.30-22.13.02:681][  0]LogPakFile: PakFile PrimaryIndexSize=189
[2022.04.30-22.13.02:681][  0]LogPakFile: PakFile PathHashIndexSize=101
[2022.04.30-22.13.02:681][  0]LogPakFile: PakFile FullDirectoryIndexSize=152
[2022.04.30-22.13.02:681][  0]LogShaderLibrary: Display: ShaderCodeLibraryPakFileMountedCallback: PakFile 'E:/EpicGames/UE_4.27/FeaturePacks/TP_ThirdPersonBP.upack' (chunk index -1, root 'root:/') mounted
[2022.04.30-22.13.02:681][  0]LogShaderLibrary: Display: ShaderCodeLibraryPakFileMountedCallback: pending pak file info (ChunkID:-1 Root:root:/ File:E:/EpicGames/UE_4.27/FeaturePacks/TP_ThirdPersonBP.upack)
[2022.04.30-22.13.02:682][  0]LogPakFile: OnPakFileMounted2Time == 0.000262
[2022.04.30-22.13.02:683][  0]LogPakFile: PakFile PrimaryIndexSize=183
[2022.04.30-22.13.02:683][  0]LogPakFile: PakFile PathHashIndexSize=101
[2022.04.30-22.13.02:683][  0]LogPakFile: PakFile FullDirectoryIndexSize=140
[2022.04.30-22.13.02:683][  0]LogShaderLibrary: Display: ShaderCodeLibraryPakFileMountedCallback: PakFile 'E:/EpicGames/UE_4.27/FeaturePacks/TP_TopDown.upack' (chunk index -1, root 'root:/') mounted
[2022.04.30-22.13.02:683][  0]LogShaderLibrary: Display: ShaderCodeLibraryPakFileMountedCallback: pending pak file info (ChunkID:-1 Root:root:/ File:E:/EpicGames/UE_4.27/FeaturePacks/TP_TopDown.upack)
[2022.04.30-22.13.02:683][  0]LogPakFile: OnPakFileMounted2Time == 0.000351
[2022.04.30-22.13.02:685][  0]LogPakFile: PakFile PrimaryIndexSize=185
[2022.04.30-22.13.02:685][  0]LogPakFile: PakFile PathHashIndexSize=101
[2022.04.30-22.13.02:685][  0]LogPakFile: PakFile FullDirectoryIndexSize=144
[2022.04.30-22.13.02:685][  0]LogShaderLibrary: Display: ShaderCodeLibraryPakFileMountedCallback: PakFile 'E:/EpicGames/UE_4.27/FeaturePacks/TP_TopDownBP.upack' (chunk index -1, root 'root:/') mounted
[2022.04.30-22.13.02:685][  0]LogShaderLibrary: Display: ShaderCodeLibraryPakFileMountedCallback: pending pak file info (ChunkID:-1 Root:root:/ File:E:/EpicGames/UE_4.27/FeaturePacks/TP_TopDownBP.upack)
[2022.04.30-22.13.02:685][  0]LogPakFile: OnPakFileMounted2Time == 0.000447
[2022.04.30-22.13.02:686][  0]LogPakFile: PakFile PrimaryIndexSize=185
[2022.04.30-22.13.02:687][  0]LogPakFile: PakFile PathHashIndexSize=101
[2022.04.30-22.13.02:687][  0]LogPakFile: PakFile FullDirectoryIndexSize=144
[2022.04.30-22.13.02:687][  0]LogShaderLibrary: Display: ShaderCodeLibraryPakFileMountedCallback: PakFile 'E:/EpicGames/UE_4.27/FeaturePacks/TP_TwinStick.upack' (chunk index -1, root 'root:/') mounted
[2022.04.30-22.13.02:687][  0]LogShaderLibrary: Display: ShaderCodeLibraryPakFileMountedCallback: pending pak file info (ChunkID:-1 Root:root:/ File:E:/EpicGames/UE_4.27/FeaturePacks/TP_TwinStick.upack)
[2022.04.30-22.13.02:687][  0]LogPakFile: OnPakFileMounted2Time == 0.000239
[2022.04.30-22.13.02:688][  0]LogPakFile: PakFile PrimaryIndexSize=187
[2022.04.30-22.13.02:688][  0]LogPakFile: PakFile PathHashIndexSize=101
[2022.04.30-22.13.02:688][  0]LogPakFile: PakFile FullDirectoryIndexSize=148
[2022.04.30-22.13.02:689][  0]LogShaderLibrary: Display: ShaderCodeLibraryPakFileMountedCallback: PakFile 'E:/EpicGames/UE_4.27/FeaturePacks/TP_TwinStickBP.upack' (chunk index -1, root 'root:/') mounted
[2022.04.30-22.13.02:689][  0]LogShaderLibrary: Display: ShaderCodeLibraryPakFileMountedCallback: pending pak file info (ChunkID:-1 Root:root:/ File:E:/EpicGames/UE_4.27/FeaturePacks/TP_TwinStickBP.upack)
[2022.04.30-22.13.02:689][  0]LogPakFile: OnPakFileMounted2Time == 0.000382
[2022.04.30-22.13.02:690][  0]LogPakFile: PakFile PrimaryIndexSize=183
[2022.04.30-22.13.02:690][  0]LogPakFile: PakFile PathHashIndexSize=101
[2022.04.30-22.13.02:690][  0]LogPakFile: PakFile FullDirectoryIndexSize=140
[2022.04.30-22.13.02:690][  0]LogShaderLibrary: Display: ShaderCodeLibraryPakFileMountedCallback: PakFile 'E:/EpicGames/UE_4.27/FeaturePacks/TP_Vehicle.upack' (chunk index -1, root 'root:/') mounted
[2022.04.30-22.13.02:690][  0]LogShaderLibrary: Display: ShaderCodeLibraryPakFileMountedCallback: pending pak file info (ChunkID:-1 Root:root:/ File:E:/EpicGames/UE_4.27/FeaturePacks/TP_Vehicle.upack)
[2022.04.30-22.13.02:691][  0]LogPakFile: OnPakFileMounted2Time == 0.000402
[2022.04.30-22.13.02:692][  0]LogPakFile: PakFile PrimaryIndexSize=186
[2022.04.30-22.13.02:692][  0]LogPakFile: PakFile PathHashIndexSize=101
[2022.04.30-22.13.02:692][  0]LogPakFile: PakFile FullDirectoryIndexSize=146
[2022.04.30-22.13.02:692][  0]LogShaderLibrary: Display: ShaderCodeLibraryPakFileMountedCallback: PakFile 'E:/EpicGames/UE_4.27/FeaturePacks/TP_VehicleAdv.upack' (chunk index -1, root 'root:/') mounted
[2022.04.30-22.13.02:692][  0]LogShaderLibrary: Display: ShaderCodeLibraryPakFileMountedCallback: pending pak file info (ChunkID:-1 Root:root:/ File:E:/EpicGames/UE_4.27/FeaturePacks/TP_VehicleAdv.upack)
[2022.04.30-22.13.02:693][  0]LogPakFile: OnPakFileMounted2Time == 0.000329
[2022.04.30-22.13.02:694][  0]LogPakFile: PakFile PrimaryIndexSize=188
[2022.04.30-22.13.02:694][  0]LogPakFile: PakFile PathHashIndexSize=101
[2022.04.30-22.13.02:694][  0]LogPakFile: PakFile FullDirectoryIndexSize=150
[2022.04.30-22.13.02:694][  0]LogShaderLibrary: Display: ShaderCodeLibraryPakFileMountedCallback: PakFile 'E:/EpicGames/UE_4.27/FeaturePacks/TP_VehicleAdvBP.upack' (chunk index -1, root 'root:/') mounted
[2022.04.30-22.13.02:694][  0]LogShaderLibrary: Display: ShaderCodeLibraryPakFileMountedCallback: pending pak file info (ChunkID:-1 Root:root:/ File:E:/EpicGames/UE_4.27/FeaturePacks/TP_VehicleAdvBP.upack)
[2022.04.30-22.13.02:694][  0]LogPakFile: OnPakFileMounted2Time == 0.000342
[2022.04.30-22.13.02:696][  0]LogPakFile: PakFile PrimaryIndexSize=185
[2022.04.30-22.13.02:696][  0]LogPakFile: PakFile PathHashIndexSize=101
[2022.04.30-22.13.02:696][  0]LogPakFile: PakFile FullDirectoryIndexSize=144
[2022.04.30-22.13.02:696][  0]LogShaderLibrary: Display: ShaderCodeLibraryPakFileMountedCallback: PakFile 'E:/EpicGames/UE_4.27/FeaturePacks/TP_VehicleBP.upack' (chunk index -1, root 'root:/') mounted
[2022.04.30-22.13.02:696][  0]LogShaderLibrary: Display: ShaderCodeLibraryPakFileMountedCallback: pending pak file info (ChunkID:-1 Root:root:/ File:E:/EpicGames/UE_4.27/FeaturePacks/TP_VehicleBP.upack)
[2022.04.30-22.13.02:696][  0]LogPakFile: OnPakFileMounted2Time == 0.000301
[2022.04.30-22.13.02:697][  0]LogPakFile: PakFile PrimaryIndexSize=192
[2022.04.30-22.13.02:697][  0]LogPakFile: PakFile PathHashIndexSize=101
[2022.04.30-22.13.02:698][  0]LogPakFile: PakFile FullDirectoryIndexSize=158
[2022.04.30-22.13.02:698][  0]LogShaderLibrary: Display: ShaderCodeLibraryPakFileMountedCallback: PakFile 'E:/EpicGames/UE_4.27/FeaturePacks/TP_VirtualRealityBP.upack' (chunk index -1, root 'root:/') mounted
[2022.04.30-22.13.02:698][  0]LogShaderLibrary: Display: ShaderCodeLibraryPakFileMountedCallback: pending pak file info (ChunkID:-1 Root:root:/ File:E:/EpicGames/UE_4.27/FeaturePacks/TP_VirtualRealityBP.upack)
[2022.04.30-22.13.02:698][  0]LogPakFile: OnPakFileMounted2Time == 0.000287
[2022.04.30-22.13.02:787][  0]LogNativeClassHierarchy: Verbose: Native class hierarchy updated for 'AddContentDialog' in 0.0003 seconds. Added 0 classes and 0 folders.
[2022.04.30-22.13.02:788][  0]LogNativeClassHierarchy: Verbose: Native class hierarchy updated for 'SceneOutliner' in 0.0002 seconds. Added 2 classes and 0 folders.
[2022.04.30-22.13.02:810][  0]LogSlate: Updating window title bar state: overlay mode, drag disabled, window buttons hidden, title bar hidden
[2022.04.30-22.13.02:817][  0]LogSlate: Updating window title bar state: overlay mode, drag disabled, window buttons hidden, title bar hidden
[2022.04.30-22.13.02:824][  0]LogSlate: Updating window title bar state: overlay mode, drag disabled, window buttons hidden, title bar hidden
[2022.04.30-22.13.02:830][  0]LogSlate: Updating window title bar state: overlay mode, drag disabled, window buttons hidden, title bar hidden
[2022.04.30-22.13.02:871][  0]LogSlate: Took 0.000362 seconds to synchronously load lazily loaded font '../../../Engine/Content/Slate/Fonts/Roboto-Regular.ttf' (155K)
[2022.04.30-22.13.02:872][  0]LogSlate: Took 0.000305 seconds to synchronously load lazily loaded font '../../../Engine/Content/Editor/Slate/Fonts/FontAwesome.ttf' (139K)
[2022.04.30-22.13.02:876][  0]LogSlate: Took 0.000308 seconds to synchronously load lazily loaded font '../../../Engine/Content/Slate/Fonts/Roboto-Bold.ttf' (160K)
[2022.04.30-22.13.02:879][  0]LogSlate: Took 0.000247 seconds to synchronously load lazily loaded font '../../../Engine/Content/Slate/Fonts/DroidSansMono.ttf' (77K)
[2022.04.30-22.13.03:038][  0]LogRenderer: Reallocating scene render targets to support 1380x460 Format 10 NumSamples 1 (Frame:1).
[2022.04.30-22.13.03:408][  0]LogNativeClassHierarchy: Verbose: Native class hierarchy updated for 'HierarchicalLODOutliner' in 0.0003 seconds. Added 0 classes and 0 folders.
[2022.04.30-22.13.03:408][  0]LogLoad: (Engine Initialization) Total time: 9.61 seconds
[2022.04.30-22.13.03:408][  0]LogLoad: (Engine Initialization) Total Blueprint compile time: 0.00 seconds
[2022.04.30-22.13.03:455][  0]LogAssetRegistry: Asset discovery search completed in 5.6167 seconds
[2022.04.30-22.13.03:462][  0]LogCollectionManager: Fixed up redirectors for 0 collections in 0.000007 seconds (updated 0 objects)
[2022.04.30-22.13.03:463][  0]LogContentStreaming: Texture pool size now 3000 MB
[2022.04.30-22.13.04:045][  1]LogPython: Error: Traceback (most recent call last):
[2022.04.30-22.13.04:045][  1]LogPython: Error:   File "E:/EpicGames/NewFeatures/Plugins/QuickUISetup/Content/Python/init_unreal.py", line 27, in <module>
[2022.04.30-22.13.04:045][  1]LogPython: Error:     UIModuleInterface.PostInitialize()
[2022.04.30-22.13.04:045][  1]LogPython: Error:   File "E:/EpicGames/NewFeatures/Plugins/QuickUISetup/Content/Python/PySideLayoutTool\UIEditorLib\UIModuleInterface.py", line 42, in PostInitialize
[2022.04.30-22.13.04:045][  1]LogPython: Error:     WindowsManger.restoreState(data)
[2022.04.30-22.13.04:045][  1]LogPython: Error:   File "E:/EpicGames/NewFeatures/Plugins/QuickUISetup/Content/Python\PySideLayoutTool\UIEditorLib\UIWindowManger.py", line 102, in restoreState
[2022.04.30-22.13.04:045][  1]LogPython: Error:     win_instance_editor.restoreUIState(data)
[2022.04.30-22.13.04:046][  1]LogPython: Error:   File "E:/EpicGames/NewFeatures/Plugins/QuickUISetup/Content/Python\PySideLayoutTool\UIEditorWindows\MainEditorWindow.py", line 87, in restoreUIState
[2022.04.30-22.13.04:046][  1]LogPython: Error:     self.mediator.restoreWins(data_passed) #type: ignore
[2022.04.30-22.13.04:046][  1]LogPython: Error:   File "E:/EpicGames/NewFeatures/Plugins/QuickUISetup/Content/Python\PySideLayoutTool\UIEditorLib\UIEditorMediators.py", line 176, in restoreWins
[2022.04.30-22.13.04:046][  1]LogPython: Error:     self._recursive_build(parm_type,'Root', index, data, editor_tree)
[2022.04.30-22.13.04:046][  1]LogPython: Error:   File "E:/EpicGames/NewFeatures/Plugins/QuickUISetup/Content/Python\PySideLayoutTool\UIEditorLib\UIEditorMediators.py", line 214, in _recursive_build
[2022.04.30-22.13.04:046][  1]LogPython: Error:     builder = self._rebuild_state(parm_string ,key_name, index_on, item_on, data, tree)
[2022.04.30-22.13.04:046][  1]LogPython: Error:   File "E:/EpicGames/NewFeatures/Plugins/QuickUISetup/Content/Python\PySideLayoutTool\UIEditorLib\UIEditorMediators.py", line 206, in _rebuild_state
[2022.04.30-22.13.04:046][  1]LogPython: Error:     if not property_data['Default']:
[2022.04.30-22.13.04:046][  1]LogPython: Error: KeyError: 'Default'
[2022.04.30-22.13.05:729][  7]LogPython: Display: Generating Python API stub file...
[2022.04.30-22.13.05:730][  7]LogPython: Display:   ...generating Python API: glue code
[2022.04.30-22.13.05:957][  7]LogPython: Display:   ...generating Python API: additional code
[2022.04.30-22.13.06:065][  7]LogPython: Display:   ...generated: E:/EpicGames/NewFeatures/Intermediate/PythonStub/unreal.py
[2022.04.30-22.14.33:400][268]LogAudioMixer: Display: Audio Buffer Underrun (starvation) detected.
