Log file open, 04/30/22 17:58:56
LogWindows: Failed to load 'aqProf.dll' (GetLastError=126)
LogWindows: File 'aqProf.dll' does not exist
LogWindows: Failed to load 'VtuneApi.dll' (GetLastError=126)
LogWindows: File 'VtuneApi.dll' does not exist
LogWindows: Failed to load 'VtuneApi32e.dll' (GetLastError=126)
LogWindows: File 'VtuneApi32e.dll' does not exist
LogConsoleResponse: Display: Failed to find resolution value strings in scalability ini. Falling back to default.
LogConsoleResponse: Display: Failed to find resolution value strings in scalability ini. Falling back to default.
LogInit: Display: Running engine for game: NewFeatures
LogPlatformFile: Not using cached read wrapper
LogTaskGraph: Started task graph with 5 named threads and 23 total threads with 3 sets of task threads.
LogStats: Stats thread started at 0.510944
LogICUInternationalization: ICU TimeZone Detection - Raw Offset: -5:00, Platform Override: ''
LogInit: Display: Loading text-based GConfig....
LogPluginManager: Mounting plugin MegascansPlugin
LogPluginManager: Mounting plugin MeshPainting
LogPluginManager: Mounting plugin XGEController
LogPluginManager: Mounting plugin Paper2D
LogPluginManager: Mounting plugin AISupport
LogPluginManager: Mounting plugin LiveLink
LogPluginManager: Mounting plugin EnvironmentQueryEditor
LogPluginManager: Mounting plugin GameplayCameras
LogPluginManager: Mounting plugin CameraShakePreviewer
LogPluginManager: Mounting plugin LightPropagationVolume
LogPluginManager: Mounting plugin OodleData
LogPluginManager: Mounting plugin OodleNetwork
LogPluginManager: Mounting plugin DatasmithContent
LogPluginManager: Mounting plugin VariantManagerContent
LogPluginManager: Mounting plugin AssetManagerEditor
LogPluginManager: Mounting plugin CryptoKeys
LogPluginManager: Mounting plugin CurveEditorTools
LogPluginManager: Mounting plugin DataValidation
LogPluginManager: Mounting plugin FacialAnimation
LogPluginManager: Mounting plugin GameplayTagsEditor
LogPluginManager: Mounting plugin EditorScriptingUtilities
LogPluginManager: Mounting plugin GeometryMode
LogPluginManager: Mounting plugin MacGraphicsSwitching
LogPluginManager: Mounting plugin MaterialAnalyzer
LogPluginManager: Mounting plugin MobileLauncherProfileWizard
LogPluginManager: Mounting plugin AnimationSharing
LogPluginManager: Mounting plugin AlembicImporter
LogPluginManager: Mounting plugin SpeedTreeImporter
LogPluginManager: Mounting plugin PluginBrowser
LogPluginManager: Mounting plugin CLionSourceCodeAccess
LogPluginManager: Mounting plugin BackChannel
LogPluginManager: Mounting plugin AutomationUtils
LogPluginManager: Mounting plugin ChaosCloth
LogPluginManager: Mounting plugin ChaosEditor
LogPluginManager: Mounting plugin ChaosClothEditor
LogPluginManager: Mounting plugin ChaosSolverPlugin
LogPluginManager: Mounting plugin ChaosNiagara
LogPluginManager: Mounting plugin CharacterAI
LogPluginManager: Mounting plugin CodeLiteSourceCodeAccess
LogPluginManager: Mounting plugin GitSourceControl
LogPluginManager: Mounting plugin KDevelopSourceCodeAccess
LogPluginManager: Mounting plugin GeometryCache
LogPluginManager: Mounting plugin NullSourceCodeAccess
LogPluginManager: Mounting plugin GeometryCollectionPlugin
LogPluginManager: Mounting plugin PixWinPlugin
LogPluginManager: Mounting plugin PlasticSourceControl
LogPluginManager: Mounting plugin PerforceSourceControl
LogPluginManager: Mounting plugin PluginUtils
LogPluginManager: Mounting plugin PropertyAccessNode
LogPluginManager: Mounting plugin RiderLink
LogPluginManager: Mounting plugin RiderSourceCodeAccess
LogPluginManager: Mounting plugin SubversionSourceControl
LogPluginManager: Mounting plugin UObjectPlugin
LogPluginManager: Mounting plugin TextureFormatOodle
LogPluginManager: Mounting plugin VisualStudioCodeSourceCodeAccess
LogPluginManager: Mounting plugin VisualStudioSourceCodeAccess
LogPluginManager: Mounting plugin GeometryProcessing
LogPluginManager: Mounting plugin XCodeSourceCodeAccess
LogPluginManager: Mounting plugin MotoSynth
LogPluginManager: Mounting plugin OpenImageDenoise
LogPluginManager: Mounting plugin PlatformCrypto
LogPluginManager: Mounting plugin ProxyLODPlugin
LogPluginManager: Mounting plugin PythonScriptPlugin
LogPluginManager: Mounting plugin PlanarCut
LogPluginManager: Mounting plugin SkeletalReduction
LogPluginManager: Mounting plugin Niagara
LogPluginManager: Mounting plugin LuminPlatformFeatures
LogPluginManager: Mounting plugin MagicLeap
LogPluginManager: Mounting plugin MagicLeapLightEstimation
LogPluginManager: Mounting plugin MagicLeapMedia
LogPluginManager: Mounting plugin MagicLeapPassableWorld
LogPluginManager: Mounting plugin MLSDK
LogPluginManager: Mounting plugin AndroidMedia
LogPluginManager: Mounting plugin AvfMedia
LogPluginManager: Mounting plugin ImgMedia
LogPluginManager: Mounting plugin MediaCompositing
LogPluginManager: Mounting plugin MediaPlayerEditor
LogPluginManager: Mounting plugin WmfMedia
LogPluginManager: Mounting plugin WebMMedia
LogPluginManager: Mounting plugin TcpMessaging
LogPluginManager: Mounting plugin UdpMessaging
LogPluginManager: Mounting plugin OnlineSubsystem
LogPluginManager: Mounting plugin OnlineSubsystemNull
LogPluginManager: Mounting plugin OnlineSubsystemUtils
LogPluginManager: Mounting plugin LauncherChunkInstaller
LogPluginManager: Mounting plugin ActorLayerUtilities
LogPluginManager: Mounting plugin AndroidDeviceProfileSelector
LogPluginManager: Mounting plugin AndroidMoviePlayer
LogPluginManager: Mounting plugin AppleImageUtils
LogPluginManager: Mounting plugin AndroidPermission
LogPluginManager: Mounting plugin AppleMoviePlayer
LogPluginManager: Mounting plugin ArchVisCharacter
LogPluginManager: Mounting plugin AssetTags
LogPluginManager: Mounting plugin AudioCapture
LogPluginManager: Mounting plugin AudioSynesthesia
LogPluginManager: Mounting plugin CableComponent
LogPluginManager: Mounting plugin ChunkDownloader
LogPluginManager: Mounting plugin CustomMeshComponent
LogPluginManager: Mounting plugin EditableMesh
LogPluginManager: Mounting plugin GoogleCloudMessaging
LogPluginManager: Mounting plugin ExampleDeviceProfileSelector
LogPluginManager: Mounting plugin GooglePAD
LogPluginManager: Mounting plugin ActorSequence
LogPluginManager: Mounting plugin IOSDeviceProfileSelector
LogPluginManager: Mounting plugin LinuxDeviceProfileSelector
LogPluginManager: Mounting plugin LocationServicesBPLibrary
LogPluginManager: Mounting plugin MobilePatchingUtils
LogPluginManager: Mounting plugin OpenXR
LogPluginManager: Mounting plugin OpenXREyeTracker
LogPluginManager: Mounting plugin OpenXRHandTracking
LogPluginManager: Mounting plugin PostSplashScreen
LogPluginManager: Mounting plugin PhysXVehicles
LogPluginManager: Mounting plugin ProceduralMeshComponent
LogPluginManager: Mounting plugin PropertyAccessEditor
LogPluginManager: Mounting plugin RuntimePhysXCooking
LogPluginManager: Mounting plugin SignificanceManager
LogPluginManager: Mounting plugin SoundFields
LogPluginManager: Mounting plugin Synthesis
LogPluginManager: Mounting plugin WebMMoviePlayer
LogPluginManager: Mounting plugin WindowsMoviePlayer
LogPluginManager: Mounting plugin MatineeToLevelSequence
LogPluginManager: Mounting plugin LevelSequenceEditor
LogPluginManager: Mounting plugin TemplateSequence
LogPluginManager: Mounting plugin ScreenshotTools
LogPluginManager: Mounting plugin Takes
LogPluginManager: Mounting plugin ContentBrowserAssetDataSource
LogPluginManager: Mounting plugin ContentBrowserClassDataSource
LogPluginManager: Mounting plugin ContentBrowserFileDataSource
LogPluginManager: Mounting plugin OnlineSubsystemGooglePlay
LogPluginManager: Mounting plugin OnlineSubsystemIOS
LogPluginManager: Mounting plugin SQLiteCore
LogPluginManager: Mounting plugin DatabaseSupport
LogPluginManager: Mounting plugin SQLiteSupport
LogPluginManager: Mounting plugin OculusVR
LogPluginManager: Mounting plugin SteamVR
LogPluginManager: Mounting plugin HoudiniEngine
LogPluginManager: Mounting plugin QuickUISetup
PixWinPlugin: PIX capture plugin failed to initialize! Check that the process is launched from PIX.
LogInit: Using libcurl 7.55.1-DEV
LogInit:  - built for x86_64-pc-win32
LogInit:  - supports SSL with OpenSSL/1.1.1
LogInit:  - supports HTTP deflate (compression) using libz 1.2.8
LogInit:  - other features:
LogInit:      CURL_VERSION_SSL
LogInit:      CURL_VERSION_LIBZ
LogInit:      CURL_VERSION_IPV6
LogInit:      CURL_VERSION_ASYNCHDNS
LogInit:      CURL_VERSION_LARGEFILE
LogInit:      CURL_VERSION_IDN
LogInit:  CurlRequestOptions (configurable via config and command line):
LogInit:  - bVerifyPeer = true  - Libcurl will verify peer certificate
LogInit:  - bUseHttpProxy = false  - Libcurl will NOT use HTTP proxy
LogInit:  - bDontReuseConnections = false  - Libcurl will reuse connections
LogInit:  - MaxHostConnections = 16  - Libcurl will limit the number of connections to a host
LogInit:  - LocalHostAddr = Default
LogInit:  - BufferSize = 65536
LogOnline: OSS: Creating online subsystem instance for: NULL
LogInit: WinSock: version 1.1 (2.2), MaxSocks=32767, MaxUdp=65467
LogOnline: OSS: TryLoadSubsystemAndSetDefault: Loaded subsystem for module [NULL]
LogOculusPluginWrapper: OculusPlugin initialized successfully
LogHMD: Failed initializing OVRPlugin 1.59.0
LogInit: Build: ++UE4+Release-4.27-CL-18319896
LogInit: Engine Version: 4.27.2-18319896+++UE4+Release-4.27
LogInit: Compatible Engine Version: 4.27.0-17155196+++UE4+Release-4.27
LogInit: Net CL: 17155196
LogInit: OS: Windows 10 (Release 2009) (), CPU: Intel(R) Core(TM) i7-4790K CPU @ 4.00GHz, GPU: Intel(R) HD Graphics 4600
LogInit: Compiled (64-bit): Nov 30 2021 07:12:08
LogInit: Compiled with Visual C++: 19.24.28315.00
LogInit: Build Configuration: Development
LogInit: Branch Name: ++UE4+Release-4.27
LogInit: Command Line:  -skipcompile
LogInit: Base Directory: E:/EpicGames/UE_4.27/Engine/Binaries/Win64/
LogInit: Allocator: TBB
LogInit: Installed Engine Build: 1
LogDevObjectVersion: Number of dev versions registered: 29
LogDevObjectVersion:   Dev-Blueprints (B0D832E4-1F89-4F0D-ACCF-7EB736FD4AA2): 10
LogDevObjectVersion:   Dev-Build (E1C64328-A22C-4D53-A36C-8E866417BD8C): 0
LogDevObjectVersion:   Dev-Core (375EC13C-06E4-48FB-B500-84F0262A717E): 4
LogDevObjectVersion:   Dev-Editor (E4B068ED-F494-42E9-A231-DA0B2E46BB41): 40
LogDevObjectVersion:   Dev-Framework (CFFC743F-43B0-4480-9391-14DF171D2073): 37
LogDevObjectVersion:   Dev-Mobile (B02B49B5-BB20-44E9-A304-32B752E40360): 3
LogDevObjectVersion:   Dev-Networking (A4E4105C-59A1-49B5-A7C5-40C4547EDFEE): 0
LogDevObjectVersion:   Dev-Online (39C831C9-5AE6-47DC-9A44-9C173E1C8E7C): 0
LogDevObjectVersion:   Dev-Physics (78F01B33-EBEA-4F98-B9B4-84EACCB95AA2): 14
LogDevObjectVersion:   Dev-Platform (6631380F-2D4D-43E0-8009-CF276956A95A): 0
LogDevObjectVersion:   Dev-Rendering (12F88B9F-8875-4AFC-A67C-D90C383ABD29): 45
LogDevObjectVersion:   Dev-Sequencer (7B5AE74C-D270-4C10-A958-57980B212A5A): 13
LogDevObjectVersion:   Dev-VR (D7296918-1DD6-4BDD-9DE2-64A83CC13884): 3
LogDevObjectVersion:   Dev-LoadTimes (C2A15278-BFE7-4AFE-6C17-90FF531DF755): 1
LogDevObjectVersion:   Private-Geometry (6EACA3D4-40EC-4CC1-B786-8BED09428FC5): 3
LogDevObjectVersion:   Dev-AnimPhys (29E575DD-E0A3-4627-9D10-D276232CDCEA): 17
LogDevObjectVersion:   Dev-Anim (AF43A65D-7FD3-4947-9873-3E8ED9C1BB05): 15
LogDevObjectVersion:   Dev-ReflectionCapture (6B266CEC-1EC7-4B8F-A30B-E4D90942FC07): 1
LogDevObjectVersion:   Dev-Automation (0DF73D61-A23F-47EA-B727-89E90C41499A): 1
LogDevObjectVersion:   FortniteMain (601D1886-AC64-4F84-AA16-D3DE0DEAC7D6): 47
LogDevObjectVersion:   FortniteRelease (E7086368-6B23-4C58-8439-1B7016265E91): 1
LogDevObjectVersion:   Dev-Enterprise (9DFFBCD6-494F-0158-E221-12823C92A888): 10
LogDevObjectVersion:   Dev-Niagara (F2AED0AC-9AFE-416F-8664-AA7FFA26D6FC): 1
LogDevObjectVersion:   Dev-Destruction (174F1F0B-B4C6-45A5-B13F-2EE8D0FB917D): 10
LogDevObjectVersion:   Dev-Physics-Ext (35F94A83-E258-406C-A318-09F59610247C): 41
LogDevObjectVersion:   Dev-PhysicsMaterial-Chaos (B68FC16E-8B1B-42E2-B453-215C058844FE): 1
LogDevObjectVersion:   Dev-CineCamera (B2E18506-4273-CFC2-A54E-F4BB758BBA07): 1
LogDevObjectVersion:   Dev-VirtualProduction (64F58936-FD1B-42BA-BA96-7289D5D0FA4E): 1
LogDevObjectVersion:   Dev-MediaFramework (6F0ED827-A609-4895-9C91-998D90180EA4): 2
LogInit: Presizing for max 25165824 objects, including 0 objects not considered by GC, pre-allocating 0 bytes for permanent pool.
LogConfig: Applying CVar settings from Section [/Script/Engine.StreamingSettings] File [E:/EpicGames/NewFeatures/Saved/Config/Windows/Engine.ini]
LogConfig: Setting CVar [[s.MinBulkDataSizeForAsyncLoading:131072]]
LogConfig: Setting CVar [[s.AsyncLoadingThreadEnabled:0]]
LogConfig: Setting CVar [[s.EventDrivenLoaderEnabled:1]]
LogConfig: Setting CVar [[s.WarnIfTimeLimitExceeded:0]]
LogConfig: Setting CVar [[s.TimeLimitExceededMultiplier:1.5]]
LogConfig: Setting CVar [[s.TimeLimitExceededMinTime:0.005]]
LogConfig: Setting CVar [[s.UseBackgroundLevelStreaming:1]]
LogConfig: Setting CVar [[s.PriorityAsyncLoadingExtraTime:15.0]]
LogConfig: Setting CVar [[s.LevelStreamingActorsUpdateTimeLimit:5.0]]
LogConfig: Setting CVar [[s.PriorityLevelStreamingActorsUpdateExtraTime:5.0]]
LogConfig: Setting CVar [[s.LevelStreamingComponentsRegistrationGranularity:10]]
LogConfig: Setting CVar [[s.UnregisterComponentsTimeLimit:1.0]]
LogConfig: Setting CVar [[s.LevelStreamingComponentsUnregistrationGranularity:5]]
LogConfig: Setting CVar [[s.FlushStreamingOnExit:1]]
LogInit: Object subsystem initialized
LogConfig: Setting CVar [[con.DebugEarlyDefault:1]]
LogConfig: Setting CVar [[r.setres:1280x720]]
[2022.04.30-21.58.57:671][  0]LogConfig: Setting CVar [[r.VSync:0]]
[2022.04.30-21.58.57:671][  0]LogConfig: Setting CVar [[r.RHICmdBypass:0]]
[2022.04.30-21.58.57:671][  0]LogConfig: Applying CVar settings from Section [/Script/Engine.RendererSettings] File [E:/EpicGames/NewFeatures/Saved/Config/Windows/Engine.ini]
[2022.04.30-21.58.57:671][  0]LogConfig: Setting CVar [[r.GPUCrashDebugging:0]]
[2022.04.30-21.58.57:671][  0]LogConfig: Setting CVar [[r.ForwardShading:0]]
[2022.04.30-21.58.57:671][  0]LogConfig: Applying CVar settings from Section [/Script/Engine.RendererOverrideSettings] File [E:/EpicGames/NewFeatures/Saved/Config/Windows/Engine.ini]
[2022.04.30-21.58.57:671][  0]LogConfig: Applying CVar settings from Section [/Script/Engine.StreamingSettings] File [E:/EpicGames/NewFeatures/Saved/Config/Windows/Engine.ini]
[2022.04.30-21.58.57:671][  0]LogConfig: Setting CVar [[s.MinBulkDataSizeForAsyncLoading:131072]]
[2022.04.30-21.58.57:671][  0]LogConfig: Setting CVar [[s.AsyncLoadingThreadEnabled:0]]
[2022.04.30-21.58.57:671][  0]LogConfig: Setting CVar [[s.EventDrivenLoaderEnabled:1]]
[2022.04.30-21.58.57:671][  0]LogConfig: Setting CVar [[s.WarnIfTimeLimitExceeded:0]]
[2022.04.30-21.58.57:671][  0]LogConfig: Setting CVar [[s.TimeLimitExceededMultiplier:1.5]]
[2022.04.30-21.58.57:671][  0]LogConfig: Setting CVar [[s.TimeLimitExceededMinTime:0.005]]
[2022.04.30-21.58.57:671][  0]LogConfig: Setting CVar [[s.UseBackgroundLevelStreaming:1]]
[2022.04.30-21.58.57:671][  0]LogConfig: Setting CVar [[s.PriorityAsyncLoadingExtraTime:15.0]]
[2022.04.30-21.58.57:671][  0]LogConfig: Setting CVar [[s.LevelStreamingActorsUpdateTimeLimit:5.0]]
[2022.04.30-21.58.57:671][  0]LogConfig: Setting CVar [[s.PriorityLevelStreamingActorsUpdateExtraTime:5.0]]
[2022.04.30-21.58.57:671][  0]LogConfig: Setting CVar [[s.LevelStreamingComponentsRegistrationGranularity:10]]
[2022.04.30-21.58.57:671][  0]LogConfig: Setting CVar [[s.UnregisterComponentsTimeLimit:1.0]]
[2022.04.30-21.58.57:671][  0]LogConfig: Setting CVar [[s.LevelStreamingComponentsUnregistrationGranularity:5]]
[2022.04.30-21.58.57:671][  0]LogConfig: Setting CVar [[s.FlushStreamingOnExit:1]]
[2022.04.30-21.58.57:671][  0]LogConfig: Applying CVar settings from Section [/Script/Engine.GarbageCollectionSettings] File [E:/EpicGames/NewFeatures/Saved/Config/Windows/Engine.ini]
[2022.04.30-21.58.57:671][  0]LogConfig: Setting CVar [[gc.MaxObjectsNotConsideredByGC:1]]
[2022.04.30-21.58.57:671][  0]LogConfig: Setting CVar [[gc.SizeOfPermanentObjectPool:0]]
[2022.04.30-21.58.57:671][  0]LogConfig: Setting CVar [[gc.FlushStreamingOnGC:0]]
[2022.04.30-21.58.57:671][  0]LogConfig: Setting CVar [[gc.NumRetriesBeforeForcingGC:10]]
[2022.04.30-21.58.57:671][  0]LogConfig: Setting CVar [[gc.AllowParallelGC:1]]
[2022.04.30-21.58.57:671][  0]LogConfig: Setting CVar [[gc.TimeBetweenPurgingPendingKillObjects:61.1]]
[2022.04.30-21.58.57:671][  0]LogConfig: Setting CVar [[gc.MaxObjectsInEditor:25165824]]
[2022.04.30-21.58.57:671][  0]LogConfig: Setting CVar [[gc.IncrementalBeginDestroyEnabled:1]]
[2022.04.30-21.58.57:671][  0]LogConfig: Setting CVar [[gc.CreateGCClusters:1]]
[2022.04.30-21.58.57:671][  0]LogConfig: Setting CVar [[gc.MinGCClusterSize:5]]
[2022.04.30-21.58.57:671][  0]LogConfig: Setting CVar [[gc.ActorClusteringEnabled:0]]
[2022.04.30-21.58.57:671][  0]LogConfig: Setting CVar [[gc.BlueprintClusteringEnabled:0]]
[2022.04.30-21.58.57:671][  0]LogConfig: Setting CVar [[gc.UseDisregardForGCOnDedicatedServers:0]]
[2022.04.30-21.58.57:671][  0]LogConfig: Setting CVar [[gc.MultithreadedDestructionEnabled:1]]
[2022.04.30-21.58.57:671][  0]LogConfig: Applying CVar settings from Section [/Script/Engine.NetworkSettings] File [E:/EpicGames/NewFeatures/Saved/Config/Windows/Engine.ini]
[2022.04.30-21.58.57:671][  0]LogConfig: Applying CVar settings from Section [/Script/UnrealEd.CookerSettings] File [E:/EpicGames/NewFeatures/Saved/Config/Windows/Engine.ini]
[2022.04.30-21.58.57:700][  0]LogConfig: Applying CVar settings from Section [ViewDistanceQuality@3] File [E:/EpicGames/NewFeatures/Saved/Config/Windows/Scalability.ini]
[2022.04.30-21.58.57:700][  0]LogConfig: Setting CVar [[r.SkeletalMeshLODBias:0]]
[2022.04.30-21.58.57:700][  0]LogConfig: Setting CVar [[r.ViewDistanceScale:1.0]]
[2022.04.30-21.58.57:700][  0]LogConfig: Applying CVar settings from Section [AntiAliasingQuality@3] File [E:/EpicGames/NewFeatures/Saved/Config/Windows/Scalability.ini]
[2022.04.30-21.58.57:700][  0]LogConfig: Setting CVar [[r.PostProcessAAQuality:4]]
[2022.04.30-21.58.57:700][  0]LogConfig: Applying CVar settings from Section [ShadowQuality@3] File [E:/EpicGames/NewFeatures/Saved/Config/Windows/Scalability.ini]
[2022.04.30-21.58.57:700][  0]LogConfig: Setting CVar [[r.LightFunctionQuality:1]]
[2022.04.30-21.58.57:700][  0]LogConfig: Setting CVar [[r.ShadowQuality:5]]
[2022.04.30-21.58.57:700][  0]LogConfig: Setting CVar [[r.Shadow.CSM.MaxCascades:10]]
[2022.04.30-21.58.57:700][  0]LogConfig: Setting CVar [[r.Shadow.MaxResolution:2048]]
[2022.04.30-21.58.57:700][  0]LogConfig: Setting CVar [[r.Shadow.MaxCSMResolution:2048]]
[2022.04.30-21.58.57:700][  0]LogConfig: Setting CVar [[r.Shadow.RadiusThreshold:0.01]]
[2022.04.30-21.58.57:700][  0]LogConfig: Setting CVar [[r.Shadow.DistanceScale:1.0]]
[2022.04.30-21.58.57:700][  0]LogConfig: Setting CVar [[r.Shadow.CSM.TransitionScale:1.0]]
[2022.04.30-21.58.57:700][  0]LogConfig: Setting CVar [[r.Shadow.PreShadowResolutionFactor:1.0]]
[2022.04.30-21.58.57:700][  0]LogConfig: Setting CVar [[r.DistanceFieldShadowing:1]]
[2022.04.30-21.58.57:700][  0]LogConfig: Setting CVar [[r.DistanceFieldAO:1]]
[2022.04.30-21.58.57:700][  0]LogConfig: Setting CVar [[r.AOQuality:2]]
[2022.04.30-21.58.57:700][  0]LogConfig: Setting CVar [[r.VolumetricFog:1]]
[2022.04.30-21.58.57:700][  0]LogConfig: Setting CVar [[r.VolumetricFog.GridPixelSize:8]]
[2022.04.30-21.58.57:700][  0]LogConfig: Setting CVar [[r.VolumetricFog.GridSizeZ:128]]
[2022.04.30-21.58.57:700][  0]LogConfig: Setting CVar [[r.VolumetricFog.HistoryMissSupersampleCount:4]]
[2022.04.30-21.58.57:700][  0]LogConfig: Setting CVar [[r.LightMaxDrawDistanceScale:1]]
[2022.04.30-21.58.57:700][  0]LogConfig: Setting CVar [[r.CapsuleShadows:1]]
[2022.04.30-21.58.57:700][  0]LogConfig: Applying CVar settings from Section [PostProcessQuality@3] File [E:/EpicGames/NewFeatures/Saved/Config/Windows/Scalability.ini]
[2022.04.30-21.58.57:700][  0]LogConfig: Setting CVar [[r.MotionBlurQuality:4]]
[2022.04.30-21.58.57:700][  0]LogConfig: Setting CVar [[r.AmbientOcclusionMipLevelFactor:0.4]]
[2022.04.30-21.58.57:700][  0]LogConfig: Setting CVar [[r.AmbientOcclusionMaxQuality:100]]
[2022.04.30-21.58.57:700][  0]LogConfig: Setting CVar [[r.AmbientOcclusionLevels:-1]]
[2022.04.30-21.58.57:700][  0]LogConfig: Setting CVar [[r.AmbientOcclusionRadiusScale:1.0]]
[2022.04.30-21.58.57:700][  0]LogConfig: Setting CVar [[r.DepthOfFieldQuality:2]]
[2022.04.30-21.58.57:700][  0]LogConfig: Setting CVar [[r.RenderTargetPoolMin:400]]
[2022.04.30-21.58.57:700][  0]LogConfig: Setting CVar [[r.LensFlareQuality:2]]
[2022.04.30-21.58.57:700][  0]LogConfig: Setting CVar [[r.SceneColorFringeQuality:1]]
[2022.04.30-21.58.57:700][  0]LogConfig: Setting CVar [[r.EyeAdaptationQuality:2]]
[2022.04.30-21.58.57:700][  0]LogConfig: Setting CVar [[r.BloomQuality:5]]
[2022.04.30-21.58.57:700][  0]LogConfig: Setting CVar [[r.FastBlurThreshold:100]]
[2022.04.30-21.58.57:700][  0]LogConfig: Setting CVar [[r.Upscale.Quality:3]]
[2022.04.30-21.58.57:700][  0]LogConfig: Setting CVar [[r.Tonemapper.GrainQuantization:1]]
[2022.04.30-21.58.57:700][  0]LogConfig: Setting CVar [[r.LightShaftQuality:1]]
[2022.04.30-21.58.57:701][  0]LogConfig: Setting CVar [[r.Filter.SizeScale:1]]
[2022.04.30-21.58.57:701][  0]LogConfig: Setting CVar [[r.Tonemapper.Quality:5]]
[2022.04.30-21.58.57:701][  0]LogConfig: Setting CVar [[r.DOF.Gather.AccumulatorQuality:1        ; higher gathering accumulator quality]]
[2022.04.30-21.58.57:701][  0]LogConfig: Setting CVar [[r.DOF.Gather.PostfilterMethod:1          ; Median3x3 postfilering method]]
[2022.04.30-21.58.57:701][  0]LogConfig: Setting CVar [[r.DOF.Gather.EnableBokehSettings:0       ; no bokeh simulation when gathering]]
[2022.04.30-21.58.57:701][  0]LogConfig: Setting CVar [[r.DOF.Gather.RingCount:4                 ; medium number of samples when gathering]]
[2022.04.30-21.58.57:701][  0]LogConfig: Setting CVar [[r.DOF.Scatter.ForegroundCompositing:1    ; additive foreground scattering]]
[2022.04.30-21.58.57:701][  0]LogConfig: Setting CVar [[r.DOF.Scatter.BackgroundCompositing:2    ; additive background scattering]]
[2022.04.30-21.58.57:701][  0]LogConfig: Setting CVar [[r.DOF.Scatter.EnableBokehSettings:1      ; bokeh simulation when scattering]]
[2022.04.30-21.58.57:701][  0]LogConfig: Setting CVar [[r.DOF.Scatter.MaxSpriteRatio:0.1         ; only a maximum of 10% of scattered bokeh]]
[2022.04.30-21.58.57:701][  0]LogConfig: Setting CVar [[r.DOF.Recombine.Quality:1                ; cheap slight out of focus]]
[2022.04.30-21.58.57:701][  0]LogConfig: Setting CVar [[r.DOF.Recombine.EnableBokehSettings:0    ; no bokeh simulation on slight out of focus]]
[2022.04.30-21.58.57:701][  0]LogConfig: Setting CVar [[r.DOF.TemporalAAQuality:1                ; more stable temporal accumulation]]
[2022.04.30-21.58.57:701][  0]LogConfig: Setting CVar [[r.DOF.Kernel.MaxForegroundRadius:0.025]]
[2022.04.30-21.58.57:701][  0]LogConfig: Setting CVar [[r.DOF.Kernel.MaxBackgroundRadius:0.025]]
[2022.04.30-21.58.57:701][  0]LogConfig: Applying CVar settings from Section [TextureQuality@3] File [E:/EpicGames/NewFeatures/Saved/Config/Windows/Scalability.ini]
[2022.04.30-21.58.57:701][  0]LogConfig: Setting CVar [[r.Streaming.MipBias:0]]
[2022.04.30-21.58.57:701][  0]LogConfig: Setting CVar [[r.Streaming.AmortizeCPUToGPUCopy:0]]
[2022.04.30-21.58.57:701][  0]LogConfig: Setting CVar [[r.Streaming.MaxNumTexturesToStreamPerFrame:0]]
[2022.04.30-21.58.57:701][  0]LogConfig: Setting CVar [[r.Streaming.Boost:1]]
[2022.04.30-21.58.57:701][  0]LogConfig: Setting CVar [[r.MaxAnisotropy:8]]
[2022.04.30-21.58.57:701][  0]LogConfig: Setting CVar [[r.VT.MaxAnisotropy:8]]
[2022.04.30-21.58.57:701][  0]LogConfig: Setting CVar [[r.Streaming.LimitPoolSizeToVRAM:0]]
[2022.04.30-21.58.57:701][  0]LogConfig: Setting CVar [[r.Streaming.PoolSize:1000]]
[2022.04.30-21.58.57:701][  0]LogConfig: Setting CVar [[r.Streaming.MaxEffectiveScreenSize:0]]
[2022.04.30-21.58.57:701][  0]LogConfig: Applying CVar settings from Section [EffectsQuality@3] File [E:/EpicGames/NewFeatures/Saved/Config/Windows/Scalability.ini]
[2022.04.30-21.58.57:701][  0]LogConfig: Setting CVar [[r.TranslucencyLightingVolumeDim:64]]
[2022.04.30-21.58.57:701][  0]LogConfig: Setting CVar [[r.RefractionQuality:2]]
[2022.04.30-21.58.57:701][  0]LogConfig: Setting CVar [[r.SSR.Quality:3]]
[2022.04.30-21.58.57:701][  0]LogConfig: Setting CVar [[r.SSR.HalfResSceneColor:0]]
[2022.04.30-21.58.57:701][  0]LogConfig: Setting CVar [[r.SceneColorFormat:4]]
[2022.04.30-21.58.57:701][  0]LogConfig: Setting CVar [[r.DetailMode:2]]
[2022.04.30-21.58.57:701][  0]LogConfig: Setting CVar [[r.TranslucencyVolumeBlur:1]]
[2022.04.30-21.58.57:701][  0]LogConfig: Setting CVar [[r.MaterialQualityLevel:1 ; High quality]]
[2022.04.30-21.58.57:701][  0]LogConfig: Setting CVar [[r.AnisotropicMaterials:1]]
[2022.04.30-21.58.57:701][  0]LogConfig: Setting CVar [[r.SSS.Scale:1]]
[2022.04.30-21.58.57:701][  0]LogConfig: Setting CVar [[r.SSS.SampleSet:2]]
[2022.04.30-21.58.57:701][  0]LogConfig: Setting CVar [[r.SSS.Quality:1]]
[2022.04.30-21.58.57:701][  0]LogConfig: Setting CVar [[r.SSS.HalfRes:0]]
[2022.04.30-21.58.57:701][  0]LogConfig: Setting CVar [[r.SSGI.Quality:3]]
[2022.04.30-21.58.57:701][  0]LogConfig: Setting CVar [[r.EmitterSpawnRateScale:1.0]]
[2022.04.30-21.58.57:701][  0]LogConfig: Setting CVar [[r.ParticleLightQuality:2]]
[2022.04.30-21.58.57:701][  0]LogConfig: Setting CVar [[r.SkyAtmosphere.AerialPerspectiveLUT.FastApplyOnOpaque:1 ; Always have FastSkyLUT 1 in this case to avoid wrong sky]]
[2022.04.30-21.58.57:701][  0]LogConfig: Setting CVar [[r.SkyAtmosphere.AerialPerspectiveLUT.SampleCountMaxPerSlice:4]]
[2022.04.30-21.58.57:701][  0]LogConfig: Setting CVar [[r.SkyAtmosphere.AerialPerspectiveLUT.DepthResolution:16.0]]
[2022.04.30-21.58.57:701][  0]LogConfig: Setting CVar [[r.SkyAtmosphere.FastSkyLUT:1]]
[2022.04.30-21.58.57:701][  0]LogConfig: Setting CVar [[r.SkyAtmosphere.FastSkyLUT.SampleCountMin:4.0]]
[2022.04.30-21.58.57:701][  0]LogConfig: Setting CVar [[r.SkyAtmosphere.FastSkyLUT.SampleCountMax:128.0]]
[2022.04.30-21.58.57:701][  0]LogConfig: Setting CVar [[r.SkyAtmosphere.SampleCountMin:4.0]]
[2022.04.30-21.58.57:701][  0]LogConfig: Setting CVar [[r.SkyAtmosphere.SampleCountMax:128.0]]
[2022.04.30-21.58.57:701][  0]LogConfig: Setting CVar [[r.SkyAtmosphere.TransmittanceLUT.UseSmallFormat:0]]
[2022.04.30-21.58.57:701][  0]LogConfig: Setting CVar [[r.SkyAtmosphere.TransmittanceLUT.SampleCount:10.0]]
[2022.04.30-21.58.57:701][  0]LogConfig: Setting CVar [[r.SkyAtmosphere.MultiScatteringLUT.SampleCount:15.0]]
[2022.04.30-21.58.57:701][  0]LogConfig: Setting CVar [[r.SkyLight.RealTimeReflectionCapture:1]]
[2022.04.30-21.58.57:701][  0]LogConfig: Applying CVar settings from Section [FoliageQuality@3] File [E:/EpicGames/NewFeatures/Saved/Config/Windows/Scalability.ini]
[2022.04.30-21.58.57:701][  0]LogConfig: Setting CVar [[foliage.DensityScale:1.0]]
[2022.04.30-21.58.57:701][  0]LogConfig: Setting CVar [[grass.DensityScale:1.0]]
[2022.04.30-21.58.57:701][  0]LogConfig: Applying CVar settings from Section [ShadingQuality@3] File [E:/EpicGames/NewFeatures/Saved/Config/Windows/Scalability.ini]
[2022.04.30-21.58.57:701][  0]LogConfig: Setting CVar [[r.HairStrands.SkyLighting.IntegrationType:2]]
[2022.04.30-21.58.57:701][  0]LogConfig: Setting CVar [[r.HairStrands.SkyAO.SampleCount:4]]
[2022.04.30-21.58.57:701][  0]LogConfig: Setting CVar [[r.HairStrands.Visibility.MSAA.SamplePerPixel:4]]
[2022.04.30-21.58.57:701][  0]LogInit: Selected Device Profile: [Windows]
[2022.04.30-21.58.57:701][  0]LogInit: Applying CVar settings loaded from the selected device profile: [Windows]
[2022.04.30-21.58.57:701][  0]LogHAL: Display: Platform has ~ 16 GB [17008173056 / 17179869184 / 16], which maps to Larger [LargestMinGB=32, LargerMinGB=12, DefaultMinGB=8, SmallerMinGB=6, SmallestMinGB=0)
[2022.04.30-21.58.57:701][  0]LogInit: Going up to parent DeviceProfile []
[2022.04.30-21.58.57:701][  0]LogConfig: Applying CVar settings from Section [ViewDistanceQuality@Cine] File [E:/EpicGames/NewFeatures/Saved/Config/Windows/Scalability.ini]
[2022.04.30-21.58.57:701][  0]LogConfig: Setting CVar [[r.SkeletalMeshLODBias:0]]
[2022.04.30-21.58.57:701][  0]LogConfig: Setting CVar [[r.ViewDistanceScale:10.0]]
[2022.04.30-21.58.57:701][  0]LogConfig: Applying CVar settings from Section [AntiAliasingQuality@Cine] File [E:/EpicGames/NewFeatures/Saved/Config/Windows/Scalability.ini]
[2022.04.30-21.58.57:701][  0]LogConfig: Setting CVar [[r.PostProcessAAQuality:6]]
[2022.04.30-21.58.57:701][  0]LogConfig: Applying CVar settings from Section [ShadowQuality@Cine] File [E:/EpicGames/NewFeatures/Saved/Config/Windows/Scalability.ini]
[2022.04.30-21.58.57:701][  0]LogConfig: Setting CVar [[r.LightFunctionQuality:1]]
[2022.04.30-21.58.57:701][  0]LogConfig: Setting CVar [[r.ShadowQuality:5]]
[2022.04.30-21.58.57:701][  0]LogConfig: Setting CVar [[r.Shadow.CSM.MaxCascades:10]]
[2022.04.30-21.58.57:701][  0]LogConfig: Setting CVar [[r.Shadow.MaxResolution:4096]]
[2022.04.30-21.58.57:701][  0]LogConfig: Setting CVar [[r.Shadow.MaxCSMResolution:4096]]
[2022.04.30-21.58.57:701][  0]LogConfig: Setting CVar [[r.Shadow.RadiusThreshold:0]]
[2022.04.30-21.58.57:701][  0]LogConfig: Setting CVar [[r.Shadow.DistanceScale:1.0]]
[2022.04.30-21.58.57:701][  0]LogConfig: Setting CVar [[r.Shadow.CSM.TransitionScale:1.0]]
[2022.04.30-21.58.57:701][  0]LogConfig: Setting CVar [[r.Shadow.PreShadowResolutionFactor:1.0]]
[2022.04.30-21.58.57:701][  0]LogConfig: Setting CVar [[r.DistanceFieldShadowing:1]]
[2022.04.30-21.58.57:701][  0]LogConfig: Setting CVar [[r.DistanceFieldAO:1]]
[2022.04.30-21.58.57:701][  0]LogConfig: Setting CVar [[r.AOQuality:2]]
[2022.04.30-21.58.57:701][  0]LogConfig: Setting CVar [[r.VolumetricFog:1]]
[2022.04.30-21.58.57:702][  0]LogConfig: Setting CVar [[r.VolumetricFog.GridPixelSize:4]]
[2022.04.30-21.58.57:702][  0]LogConfig: Setting CVar [[r.VolumetricFog.GridSizeZ:128]]
[2022.04.30-21.58.57:702][  0]LogConfig: Setting CVar [[r.VolumetricFog.HistoryMissSupersampleCount:16]]
[2022.04.30-21.58.57:702][  0]LogConfig: Setting CVar [[r.LightMaxDrawDistanceScale:1]]
[2022.04.30-21.58.57:702][  0]LogConfig: Setting CVar [[r.CapsuleShadows:1]]
[2022.04.30-21.58.57:702][  0]LogConfig: Applying CVar settings from Section [PostProcessQuality@Cine] File [E:/EpicGames/NewFeatures/Saved/Config/Windows/Scalability.ini]
[2022.04.30-21.58.57:702][  0]LogConfig: Setting CVar [[r.MotionBlurQuality:4]]
[2022.04.30-21.58.57:702][  0]LogConfig: Setting CVar [[r.AmbientOcclusionMipLevelFactor:0.4]]
[2022.04.30-21.58.57:702][  0]LogConfig: Setting CVar [[r.AmbientOcclusionMaxQuality:100]]
[2022.04.30-21.58.57:702][  0]LogConfig: Setting CVar [[r.AmbientOcclusionLevels:-1]]
[2022.04.30-21.58.57:702][  0]LogConfig: Setting CVar [[r.AmbientOcclusionRadiusScale:1.0]]
[2022.04.30-21.58.57:702][  0]LogConfig: Setting CVar [[r.GTAO.Numangles:4]]
[2022.04.30-21.58.57:702][  0]LogConfig: Setting CVar [[r.DepthOfFieldQuality:4]]
[2022.04.30-21.58.57:702][  0]LogConfig: Setting CVar [[r.RenderTargetPoolMin:1000]]
[2022.04.30-21.58.57:702][  0]LogConfig: Setting CVar [[r.LensFlareQuality:3]]
[2022.04.30-21.58.57:702][  0]LogConfig: Setting CVar [[r.SceneColorFringeQuality:1]]
[2022.04.30-21.58.57:702][  0]LogConfig: Setting CVar [[r.EyeAdaptationQuality:2]]
[2022.04.30-21.58.57:702][  0]LogConfig: Setting CVar [[r.BloomQuality:5]]
[2022.04.30-21.58.57:702][  0]LogConfig: Setting CVar [[r.FastBlurThreshold:100]]
[2022.04.30-21.58.57:702][  0]LogConfig: Setting CVar [[r.Upscale.Quality:3]]
[2022.04.30-21.58.57:702][  0]LogConfig: Setting CVar [[r.Tonemapper.GrainQuantization:1]]
[2022.04.30-21.58.57:702][  0]LogConfig: Setting CVar [[r.LightShaftQuality:1]]
[2022.04.30-21.58.57:702][  0]LogConfig: Setting CVar [[r.Filter.SizeScale:1]]
[2022.04.30-21.58.57:702][  0]LogConfig: Setting CVar [[r.Tonemapper.Quality:5]]
[2022.04.30-21.58.57:702][  0]LogConfig: Setting CVar [[r.DOF.Gather.AccumulatorQuality:1        ; higher gathering accumulator quality]]
[2022.04.30-21.58.57:702][  0]LogConfig: Setting CVar [[r.DOF.Gather.PostfilterMethod:1          ; Median3x3 postfilering method]]
[2022.04.30-21.58.57:702][  0]LogConfig: Setting CVar [[r.DOF.Gather.EnableBokehSettings:1       ; bokeh simulation when gathering]]
[2022.04.30-21.58.57:702][  0]LogConfig: Setting CVar [[r.DOF.Gather.RingCount:5                 ; high number of samples when gathering]]
[2022.04.30-21.58.57:702][  0]LogConfig: Setting CVar [[r.DOF.Scatter.ForegroundCompositing:1    ; additive foreground scattering]]
[2022.04.30-21.58.57:702][  0]LogConfig: Setting CVar [[r.DOF.Scatter.BackgroundCompositing:2    ; background scattering occlusion]]
[2022.04.30-21.58.57:702][  0]LogConfig: Setting CVar [[r.DOF.Scatter.EnableBokehSettings:1      ; no bokeh simulation when scattering]]
[2022.04.30-21.58.57:702][  0]LogConfig: Setting CVar [[r.DOF.Scatter.MaxSpriteRatio:0.25        ; only a maximum of 10% of scattered bokeh]]
[2022.04.30-21.58.57:702][  0]LogConfig: Setting CVar [[r.DOF.Recombine.Quality:2                ; highest slight out of focus]]
[2022.04.30-21.58.57:702][  0]LogConfig: Setting CVar [[r.DOF.Recombine.EnableBokehSettings:1    ; bokeh simulation on slight out of focus]]
[2022.04.30-21.58.57:702][  0]LogConfig: Setting CVar [[r.DOF.TemporalAAQuality:1                ; more stable temporal accumulation]]
[2022.04.30-21.58.57:702][  0]LogConfig: Setting CVar [[r.DOF.Kernel.MaxForegroundRadius:0.025]]
[2022.04.30-21.58.57:702][  0]LogConfig: Setting CVar [[r.DOF.Kernel.MaxBackgroundRadius:0.025]]
[2022.04.30-21.58.57:702][  0]LogConfig: Applying CVar settings from Section [TextureQuality@Cine] File [E:/EpicGames/NewFeatures/Saved/Config/Windows/Scalability.ini]
[2022.04.30-21.58.57:702][  0]LogConfig: Setting CVar [[r.Streaming.MipBias:0]]
[2022.04.30-21.58.57:702][  0]LogConfig: Setting CVar [[r.Streaming.AmortizeCPUToGPUCopy:0]]
[2022.04.30-21.58.57:702][  0]LogConfig: Setting CVar [[r.Streaming.MaxNumTexturesToStreamPerFrame:0]]
[2022.04.30-21.58.57:702][  0]LogConfig: Setting CVar [[r.Streaming.Boost:1]]
[2022.04.30-21.58.57:702][  0]LogConfig: Setting CVar [[r.MaxAnisotropy:8]]
[2022.04.30-21.58.57:702][  0]LogConfig: Setting CVar [[r.VT.MaxAnisotropy:8]]
[2022.04.30-21.58.57:702][  0]LogConfig: Setting CVar [[r.Streaming.LimitPoolSizeToVRAM:0]]
[2022.04.30-21.58.57:702][  0]LogConfig: Setting CVar [[r.Streaming.PoolSize:3000]]
[2022.04.30-21.58.57:702][  0]LogConfig: Setting CVar [[r.Streaming.MaxEffectiveScreenSize:0]]
[2022.04.30-21.58.57:702][  0]LogConfig: Applying CVar settings from Section [EffectsQuality@Cine] File [E:/EpicGames/NewFeatures/Saved/Config/Windows/Scalability.ini]
[2022.04.30-21.58.57:702][  0]LogConfig: Setting CVar [[r.TranslucencyLightingVolumeDim:64]]
[2022.04.30-21.58.57:702][  0]LogConfig: Setting CVar [[r.RefractionQuality:2]]
[2022.04.30-21.58.57:702][  0]LogConfig: Setting CVar [[r.SSR.Quality:4]]
[2022.04.30-21.58.57:702][  0]LogConfig: Setting CVar [[r.SSR.HalfResSceneColor:0]]
[2022.04.30-21.58.57:702][  0]LogConfig: Setting CVar [[r.SceneColorFormat:4]]
[2022.04.30-21.58.57:702][  0]LogConfig: Setting CVar [[r.DetailMode:2]]
[2022.04.30-21.58.57:702][  0]LogConfig: Setting CVar [[r.TranslucencyVolumeBlur:1]]
[2022.04.30-21.58.57:702][  0]LogConfig: Setting CVar [[r.MaterialQualityLevel:1 ; High quality]]
[2022.04.30-21.58.57:702][  0]LogConfig: Setting CVar [[r.AnisotropicMaterials:1]]
[2022.04.30-21.58.57:702][  0]LogConfig: Setting CVar [[r.SSS.Scale:1]]
[2022.04.30-21.58.57:702][  0]LogConfig: Setting CVar [[r.SSS.SampleSet:2]]
[2022.04.30-21.58.57:702][  0]LogConfig: Setting CVar [[r.SSS.Quality:1]]
[2022.04.30-21.58.57:702][  0]LogConfig: Setting CVar [[r.SSS.HalfRes:0]]
[2022.04.30-21.58.57:702][  0]LogConfig: Setting CVar [[r.SSGI.Quality:4]]
[2022.04.30-21.58.57:702][  0]LogConfig: Setting CVar [[r.EmitterSpawnRateScale:1.0]]
[2022.04.30-21.58.57:702][  0]LogConfig: Setting CVar [[r.ParticleLightQuality:2]]
[2022.04.30-21.58.57:702][  0]LogConfig: Setting CVar [[r.SkyAtmosphere.AerialPerspectiveLUT.FastApplyOnOpaque:0]]
[2022.04.30-21.58.57:702][  0]LogConfig: Setting CVar [[r.SkyAtmosphere.AerialPerspectiveLUT.SampleCountMaxPerSlice:8]]
[2022.04.30-21.58.57:702][  0]LogConfig: Setting CVar [[r.SkyAtmosphere.AerialPerspectiveLUT.DepthResolution:32.0]]
[2022.04.30-21.58.57:702][  0]LogConfig: Setting CVar [[r.SkyAtmosphere.FastSkyLUT:0]]
[2022.04.30-21.58.57:702][  0]LogConfig: Setting CVar [[r.SkyAtmosphere.FastSkyLUT.SampleCountMin:4.0]]
[2022.04.30-21.58.57:702][  0]LogConfig: Setting CVar [[r.SkyAtmosphere.FastSkyLUT.SampleCountMax:256.0]]
[2022.04.30-21.58.57:702][  0]LogConfig: Setting CVar [[r.SkyAtmosphere.SampleCountMin:8.0]]
[2022.04.30-21.58.57:702][  0]LogConfig: Setting CVar [[r.SkyAtmosphere.SampleCountMax:256.0]]
[2022.04.30-21.58.57:702][  0]LogConfig: Setting CVar [[r.SkyAtmosphere.TransmittanceLUT.UseSmallFormat:0]]
[2022.04.30-21.58.57:702][  0]LogConfig: Setting CVar [[r.SkyAtmosphere.TransmittanceLUT.SampleCount:30.0]]
[2022.04.30-21.58.57:702][  0]LogConfig: Setting CVar [[r.SkyAtmosphere.MultiScatteringLUT.SampleCount:20.0]]
[2022.04.30-21.58.57:702][  0]LogConfig: Setting CVar [[r.SkyLight.RealTimeReflectionCapture:1]]
[2022.04.30-21.58.57:702][  0]LogConfig: Applying CVar settings from Section [FoliageQuality@Cine] File [E:/EpicGames/NewFeatures/Saved/Config/Windows/Scalability.ini]
[2022.04.30-21.58.57:702][  0]LogConfig: Setting CVar [[foliage.DensityScale:1.0]]
[2022.04.30-21.58.57:702][  0]LogConfig: Setting CVar [[grass.DensityScale:1.0]]
[2022.04.30-21.58.57:702][  0]LogConfig: Applying CVar settings from Section [ShadingQuality@3] File [E:/EpicGames/NewFeatures/Saved/Config/Windows/Scalability.ini]
[2022.04.30-21.58.57:702][  0]LogConfig: Setting CVar [[r.HairStrands.SkyLighting.IntegrationType:2]]
[2022.04.30-21.58.57:702][  0]LogConfig: Setting CVar [[r.HairStrands.SkyAO.SampleCount:4]]
[2022.04.30-21.58.57:702][  0]LogConfig: Setting CVar [[r.HairStrands.Visibility.MSAA.SamplePerPixel:4]]
[2022.04.30-21.58.57:702][  0]LogConfig: Applying CVar settings from Section [Startup] File [../../../Engine/Config/ConsoleVariables.ini]
[2022.04.30-21.58.57:703][  0]LogConfig: Setting CVar [[net.UseAdaptiveNetUpdateFrequency:0]]
[2022.04.30-21.58.57:703][  0]LogConfig: Setting CVar [[p.chaos.AllowCreatePhysxBodies:1]]
[2022.04.30-21.58.57:703][  0]LogConfig: Setting CVar [[fx.SkipVectorVMBackendOptimizations:1]]
[2022.04.30-21.58.57:703][  0]LogConfig: Applying CVar settings from Section [ConsoleVariables] File [E:/EpicGames/NewFeatures/Saved/Config/Windows/Engine.ini]
[2022.04.30-21.58.57:703][  0]LogConfig: Applying CVar settings from Section [ConsoleVariables] File [E:/EpicGames/NewFeatures/Saved/Config/Windows/Editor.ini]
[2022.04.30-21.58.57:703][  0]LogInit: Computer: JONNY
[2022.04.30-21.58.57:703][  0]LogInit: User: Jonathan
[2022.04.30-21.58.57:703][  0]LogInit: CPU Page size=4096, Cores=4
[2022.04.30-21.58.57:703][  0]LogInit: High frequency timer resolution =10.000000 MHz
[2022.04.30-21.58.57:703][  0]LogMemory: Memory total: Physical=15.8GB (16GB approx)
[2022.04.30-21.58.57:703][  0]LogMemory: Platform Memory Stats for Windows
[2022.04.30-21.58.57:703][  0]LogMemory: Process Physical Memory: 147.37 MB used, 147.38 MB peak
[2022.04.30-21.58.57:703][  0]LogMemory: Process Virtual Memory: 121.95 MB used, 121.95 MB peak
[2022.04.30-21.58.57:703][  0]LogMemory: Physical Memory: 12578.41 MB used,  3641.84 MB free, 16220.26 MB total
[2022.04.30-21.58.57:703][  0]LogMemory: Virtual Memory: 134212504.00 MB used,  5221.02 MB free, 134217728.00 MB total
[2022.04.30-21.58.57:708][  0]LogWindows: WindowsPlatformFeatures enabled
[2022.04.30-21.58.57:787][  0]LogInit: Physics initialised using underlying interface: PhysX
[2022.04.30-21.58.57:788][  0]LogInit: Using OS detected language (en-US).
[2022.04.30-21.58.57:788][  0]LogInit: Using OS detected locale (en-US).
[2022.04.30-21.58.57:791][  0]LogTextLocalizationManager: No specific localization for 'en-US' exists, so the 'en' localization will be used.
[2022.04.30-21.58.57:998][  0]LogInit: Setting process to per monitor DPI aware
[2022.04.30-21.58.58:015][  0]LogWindowsTextInputMethodSystem: Display: IME system deactivated.
[2022.04.30-21.58.58:036][  0]LogSlate: New Slate User Created.  User Index 0, Is Virtual User: 0
[2022.04.30-21.58.58:036][  0]LogSlate: Slate User Registered.  User Index 0, Is Virtual User: 0
[2022.04.30-21.58.58:305][  0]LogD3D11RHI: Loaded GFSDK_Aftermath_Lib.x64.dll
[2022.04.30-21.58.58:309][  0]LogHMD: Failed to initialize OpenVR with code 110
[2022.04.30-21.58.58:309][  0]LogD3D11RHI: D3D11 min allowed feature level: 11_0
[2022.04.30-21.58.58:309][  0]LogD3D11RHI: D3D11 max allowed feature level: 11_0
[2022.04.30-21.58.58:309][  0]LogD3D11RHI: D3D11 adapters:
[2022.04.30-21.58.58:319][  0]LogD3D11RHI:    0. 'Intel(R) HD Graphics 4600' (Feature Level 11_0)
[2022.04.30-21.58.58:319][  0]LogD3D11RHI:       112/0/2048 MB DedicatedVideo/DedicatedSystem/SharedSystem, Outputs:1, VendorId:0x8086
[2022.04.30-21.58.58:321][  0]LogD3D11RHI:    1. 'Microsoft Basic Render Driver' (Feature Level 11_0)
[2022.04.30-21.58.58:321][  0]LogD3D11RHI:       0/0/8110 MB DedicatedVideo/DedicatedSystem/SharedSystem, Outputs:0, VendorId:0x1414
[2022.04.30-21.58.58:321][  0]LogD3D11RHI: Chosen D3D11 Adapter:
[2022.04.30-21.58.58:321][  0]LogD3D11RHI:     Description : Intel(R) HD Graphics 4600
[2022.04.30-21.58.58:321][  0]LogD3D11RHI:     VendorId    : 8086
[2022.04.30-21.58.58:321][  0]LogD3D11RHI:     DeviceId    : 0412
[2022.04.30-21.58.58:321][  0]LogD3D11RHI:     SubSysId    : d0001458
[2022.04.30-21.58.58:321][  0]LogD3D11RHI:     Revision    : 0006
[2022.04.30-21.58.58:321][  0]LogD3D11RHI:     DedicatedVideoMemory : 117964800 bytes
[2022.04.30-21.58.58:321][  0]LogD3D11RHI:     DedicatedSystemMemory : 0 bytes
[2022.04.30-21.58.58:321][  0]LogD3D11RHI:     SharedSystemMemory : 2147483648 bytes
[2022.04.30-21.58.58:321][  0]LogD3D11RHI:     AdapterLuid : 0 58526
[2022.04.30-21.58.58:328][  0]LogD3D11RHI: Creating new Direct3DDevice
[2022.04.30-21.58.58:328][  0]LogD3D11RHI:     GPU DeviceId: 0x412 (for the marketing name, search the web for "GPU Device Id")
[2022.04.30-21.58.58:328][  0]LogWindows: EnumDisplayDevices:
[2022.04.30-21.58.58:328][  0]LogWindows:    0. 'Intel(R) HD Graphics 4600' (P:1 D:1)
[2022.04.30-21.58.58:329][  0]LogWindows:    1. 'Intel(R) HD Graphics 4600' (P:0 D:0)
[2022.04.30-21.58.58:329][  0]LogWindows:    2. 'Intel(R) HD Graphics 4600' (P:0 D:0)
[2022.04.30-21.58.58:329][  0]LogWindows:    3. 'Intel(R) HD Graphics 4600' (P:0 D:0)
[2022.04.30-21.58.58:330][  0]LogWindows:    4. 'Intel(R) HD Graphics 4600' (P:0 D:0)
[2022.04.30-21.58.58:330][  0]LogWindows:    5. 'Intel(R) HD Graphics 4600' (P:0 D:0)
[2022.04.30-21.58.58:331][  0]LogWindows:    6. 'Intel(R) HD Graphics 4600' (P:0 D:0)
[2022.04.30-21.58.58:331][  0]LogWindows:    7. 'Intel(R) HD Graphics 4600' (P:0 D:0)
[2022.04.30-21.58.58:331][  0]LogWindows:    8. 'Intel(R) HD Graphics 4600' (P:0 D:0)
[2022.04.30-21.58.58:332][  0]LogWindows: DebugString: FoundDriverCount:9 
[2022.04.30-21.58.58:332][  0]LogD3D11RHI:     Adapter Name: Intel(R) HD Graphics 4600
[2022.04.30-21.58.58:332][  0]LogD3D11RHI:   Driver Version: 20.19.15.5171 (internal:20.19.15.5171, unified:20.19.15.5171)
[2022.04.30-21.58.58:332][  0]LogD3D11RHI:      Driver Date: 11-4-2020
[2022.04.30-21.58.58:332][  0]LogRHI: Texture pool is 795 MB (70% of 1136 MB)
[2022.04.30-21.58.58:332][  0]LogD3D11RHI: Creating D3DDevice using adapter:
[2022.04.30-21.58.58:332][  0]LogD3D11RHI:     Description : Intel(R) HD Graphics 4600
[2022.04.30-21.58.58:332][  0]LogD3D11RHI:     VendorId    : 8086
[2022.04.30-21.58.58:332][  0]LogD3D11RHI:     DeviceId    : 0412
[2022.04.30-21.58.58:332][  0]LogD3D11RHI:     SubSysId    : d0001458
[2022.04.30-21.58.58:332][  0]LogD3D11RHI:     Revision    : 0006
[2022.04.30-21.58.58:332][  0]LogD3D11RHI:     DedicatedVideoMemory : 117964800 bytes
[2022.04.30-21.58.58:332][  0]LogD3D11RHI:     DedicatedSystemMemory : 0 bytes
[2022.04.30-21.58.58:332][  0]LogD3D11RHI:     SharedSystemMemory : 2147483648 bytes
[2022.04.30-21.58.58:332][  0]LogD3D11RHI:     AdapterLuid : 0 58526
[2022.04.30-21.58.58:339][  0]LogD3D11RHI: RHI does not have support for 64 bit atomics
[2022.04.30-21.58.58:366][  0]LogD3D11RHI: Intel Extensions Framework not found
[2022.04.30-21.58.58:366][  0]LogD3D11RHI: Async texture creation enabled
[2022.04.30-21.58.58:366][  0]LogD3D11RHI: Array index from any shader is supported
[2022.04.30-21.58.58:373][  0]LogD3D11RHI: GPU Timing Frequency: 12.500000 (Debug: 2 0)
[2022.04.30-21.58.58:659][  0]LogTargetPlatformManager: Display: Loaded TargetPlatform 'AllDesktop'
[2022.04.30-21.58.58:680][  0]LogTargetPlatformManager: Display: Loaded TargetPlatform 'Android'
[2022.04.30-21.58.58:680][  0]LogTargetPlatformManager: Display: Loaded TargetPlatform 'Android_ASTC'
[2022.04.30-21.58.58:680][  0]LogTargetPlatformManager: Display: Loaded TargetPlatform 'Android_DXT'
[2022.04.30-21.58.58:680][  0]LogTargetPlatformManager: Display: Loaded TargetPlatform 'Android_ETC2'
[2022.04.30-21.58.58:680][  0]LogTargetPlatformManager: Display: Loaded TargetPlatform 'AndroidClient'
[2022.04.30-21.58.58:680][  0]LogTargetPlatformManager: Display: Loaded TargetPlatform 'Android_ASTCClient'
[2022.04.30-21.58.58:680][  0]LogTargetPlatformManager: Display: Loaded TargetPlatform 'Android_DXTClient'
[2022.04.30-21.58.58:680][  0]LogTargetPlatformManager: Display: Loaded TargetPlatform 'Android_ETC2Client'
[2022.04.30-21.58.58:680][  0]LogTargetPlatformManager: Display: Loaded TargetPlatform 'Android_Multi'
[2022.04.30-21.58.58:680][  0]LogTargetPlatformManager: Display: Loaded TargetPlatform 'Android_MultiClient'
[2022.04.30-21.58.58:697][  0]LogTargetPlatformManager: Display: Loaded TargetPlatform 'IOSClient'
[2022.04.30-21.58.58:697][  0]LogTargetPlatformManager: Display: Loaded TargetPlatform 'IOS'
[2022.04.30-21.58.58:706][  0]LogTargetPlatformManager: Display: Loaded TargetPlatform 'Linux'
[2022.04.30-21.58.58:711][  0]LogTargetPlatformManager: Display: Loaded TargetPlatform 'LinuxNoEditor'
[2022.04.30-21.58.58:715][  0]LogTargetPlatformManager: Display: Loaded TargetPlatform 'LinuxClient'
[2022.04.30-21.58.58:719][  0]LogTargetPlatformManager: Display: Loaded TargetPlatform 'LinuxServer'
[2022.04.30-21.58.58:728][  0]LogTargetPlatformManager: Display: Loaded TargetPlatform 'LinuxAArch64NoEditor'
[2022.04.30-21.58.58:732][  0]LogTargetPlatformManager: Display: Loaded TargetPlatform 'LinuxAArch64Client'
[2022.04.30-21.58.58:736][  0]LogTargetPlatformManager: Display: Loaded TargetPlatform 'LinuxAArch64Server'
[2022.04.30-21.58.58:758][  0]LogTargetPlatformManager: Display: Loaded TargetPlatform 'Lumin'
[2022.04.30-21.58.58:758][  0]LogTargetPlatformManager: Display: Loaded TargetPlatform 'LuminClient'
[2022.04.30-21.58.58:766][  0]LogTargetPlatformManager: Display: Loaded TargetPlatform 'MacNoEditor'
[2022.04.30-21.58.58:770][  0]LogTargetPlatformManager: Display: Loaded TargetPlatform 'Mac'
[2022.04.30-21.58.58:774][  0]LogTargetPlatformManager: Display: Loaded TargetPlatform 'MacClient'
[2022.04.30-21.58.58:777][  0]LogTargetPlatformManager: Display: Loaded TargetPlatform 'MacServer'
[2022.04.30-21.58.58:787][  0]LogTargetPlatformManager: Display: Loaded TargetPlatform 'TVOSClient'
[2022.04.30-21.58.58:788][  0]LogTargetPlatformManager: Display: Loaded TargetPlatform 'TVOS'
[2022.04.30-21.58.58:796][  0]LogTargetPlatformManager: Display: Loaded TargetPlatform 'WindowsNoEditor'
[2022.04.30-21.58.58:800][  0]LogTargetPlatformManager: Display: Loaded TargetPlatform 'Windows'
[2022.04.30-21.58.58:805][  0]LogTargetPlatformManager: Display: Loaded TargetPlatform 'WindowsClient'
[2022.04.30-21.58.58:808][  0]LogTargetPlatformManager: Display: Loaded TargetPlatform 'WindowsServer'
[2022.04.30-21.58.58:809][  0]LogTargetPlatformManager: Display: Building Assets For Windows
[2022.04.30-21.58.58:816][  0]LogAudioDebug: Display: Lib vorbis DLL was dynamically loaded.
[2022.04.30-21.58.58:845][  0]LogTextureFormatOodle: Display: Oodle Texture 2.9.0 init RDO Off
[2022.04.30-21.58.58:874][  0]LogRendererCore: Ray tracing is disabled. Reason: r.RayTracing=0.
[2022.04.30-21.58.58:874][  0]LogShaderCompilers: Guid format shader working directory is 26 characters bigger than the processId version (../../../../NewFeatures/Intermediate/Shaders/WorkingDirectory/5068/).
[2022.04.30-21.58.58:874][  0]LogShaderCompilers: Cleaned the shader compiler working directory 'C:/Users/Jonathan/AppData/Local/Temp/UnrealShaderWorkingDir/E285DD1845B7EC2D126AA9B52169D70C/'.
[2022.04.30-21.58.58:874][  0]LogXGEController: Cannot use XGE Controller as Incredibuild is not installed on this machine.
[2022.04.30-21.58.58:875][  0]LogShaderCompilers: Cannot use XGE Shader Compiler as Incredibuild is not installed on this machine.
[2022.04.30-21.58.58:875][  0]LogShaderCompilers: Display: Using Local Shader Compiler.
[2022.04.30-21.58.59:607][  0]LogDerivedDataCache: Display: Max Cache Size: 512 MB
[2022.04.30-21.58.59:679][  0]LogDerivedDataCache: Loaded boot cache 0.07s 95MB C:/Users/Jonathan/AppData/Local/UnrealEngine/4.27/DerivedDataCache/Boot.ddc.
[2022.04.30-21.58.59:680][  0]LogDerivedDataCache: Display: Loaded Boot cache: C:/Users/Jonathan/AppData/Local/UnrealEngine/4.27/DerivedDataCache/Boot.ddc
[2022.04.30-21.58.59:680][  0]LogDerivedDataCache: FDerivedDataBackendGraph:  Pak pak cache file ../../../../NewFeatures/DerivedDataCache/DDC.ddp not found, will not use a pak cache.
[2022.04.30-21.58.59:680][  0]LogDerivedDataCache: Unable to find inner node Pak for hierarchical cache Hierarchy.
[2022.04.30-21.58.59:680][  0]LogDerivedDataCache: FDerivedDataBackendGraph:  CompressedPak pak cache file ../../../../NewFeatures/DerivedDataCache/Compressed.ddp not found, will not use a pak cache.
[2022.04.30-21.58.59:680][  0]LogDerivedDataCache: Unable to find inner node CompressedPak for hierarchical cache Hierarchy.
[2022.04.30-21.58.59:695][  0]LogDerivedDataCache: Display: Pak cache opened for reading ../../../Engine/DerivedDataCache/Compressed.ddp.
[2022.04.30-21.58.59:695][  0]LogDerivedDataCache: FDerivedDataBackendGraph:  EnterprisePak pak cache file ../../../Enterprise/DerivedDataCache/Compressed.ddp not found, will not use a pak cache.
[2022.04.30-21.58.59:695][  0]LogDerivedDataCache: Unable to find inner node EnterprisePak for hierarchical cache Hierarchy.
[2022.04.30-21.58.59:707][  0]LogDerivedDataCache: Speed tests for C:/Users/Jonathan/AppData/Local/UnrealEngine/Common/DerivedDataCache took 0.01 seconds
[2022.04.30-21.58.59:707][  0]LogDerivedDataCache: Display: Performance to C:/Users/Jonathan/AppData/Local/UnrealEngine/Common/DerivedDataCache: Latency=0.04ms. RandomReadSpeed=1030.81MBs, RandomWriteSpeed=88.95MBs. Assigned SpeedClass 'Local'
[2022.04.30-21.58.59:708][  0]LogDerivedDataCache: Using Local data cache path C:/Users/Jonathan/AppData/Local/UnrealEngine/Common/DerivedDataCache: Writable
[2022.04.30-21.58.59:708][  0]LogDerivedDataCache: Shared data cache path not found in *engine.ini, will not use an Shared cache.
[2022.04.30-21.58.59:708][  0]LogDerivedDataCache: Unable to find inner node Shared for hierarchical cache Hierarchy.
[2022.04.30-21.58.59:756][  0]LogSlate: Using FreeType 2.10.0
[2022.04.30-21.58.59:756][  0]LogSlate: SlateFontServices - WITH_FREETYPE: 1, WITH_HARFBUZZ: 1
[2022.04.30-21.58.59:786][  0]LogAssetRegistry: FAssetRegistry took 0.0028 seconds to start up
[2022.04.30-21.59.00:001][  0]LogInit: Selected Device Profile: [Windows]
[2022.04.30-21.59.00:001][  0]LogInit: Active device profile: [0000018FFBC67300][0000018FF6D15400 49] Windows
[2022.04.30-21.59.00:001][  0]LogInit: Profiles: [0000018FFBC67300][0000018FF6D15400 49] Windows, [0000018FFBBED200][0000018FF0FCD580 49] WindowsNoEditor, [0000018FFBC65200][0000018FF0FD1700 49] WindowsServer, [0000018FFBBEF000][0000018FF0FD5880 49] WindowsClient, [0000018FFBC67000][0000018FF0FD9A00 49] IOS, [0000018FFBBED300][0000018FF0FDDB80 49] iPadAir, [0000018FFBC64400][0000018FF0FE0180 49] iPadAir2, [0000018FFBA88600][0000018FF0FE8440 49] IPadPro, [0000018FFBA88700][0000018FF0FE4480 49] iPadAir3, [0000018FFBC66D00][0000018FF11965C0 49] iPadAir4, [0000018FFBA8AE00][0000018FF0FEC700 49] iPadMini2, [0000018FFBC65400][0000018FF0FF0840 49] iPadMini3, [0000018FFBA89800][0000018FF0FF4980 49] iPadMini4, [0000018FFBC66B00][0000018FF98C4B00 49] iPadMini5, [0000018FFBA73E00][0000018FF98CCDC0 49] iPhone6, [0000018FFBA73F00][0000018FF98C8E00 49] iPodTouch6, [0000018FFBA88400][0000018FF98D50C0 49] iPhone7, [0000018FFBA8AD00][0000018FF98D1100 49] iPodTouch7, [0000018FFBA71300][0000018FF98D9280 49] iPhone5S, [0000018FFBA8A100][0000018FF98DD400 49] iPhone6Plus, [0000018FFBA72E00][0000018FF98E1580 49] iPhone6S, [0000018FFBA88200][0000018FF98E5700 49] iPhone6SPlus, [0000018FFBA71600][0000018FF98E9880 49] iPhone7Plus, [0000018FFBA89F00][0000018FF98EDA00 49] iPhoneSE, [0000018FFBA72B00][0000018FF98F1B80 49] iPhone8, [0000018FFBA89600][0000018FF98F4180 49] iPhone8Plus, [0000018FFBA71A00][0000018FF98F8300 49] iPhoneX, [0000018FFBA8B600][0000018FF98FC480 49] iPhoneXS, [0000018FFBA70700][0000018FF9900600 49] iPhoneXSMax, [0000018FFBA8A500][0000018FF98C0740 49] iPhoneXR, [0000018FFBA73600][0000018FF9904880 49] iPhone11, [0000018FFBA89A00][0000018FF99089C0 49] iPhone11Pro, [0000018FFBA72700][0000018FF990CB00 49] iPhone11ProMax, [0000018FFBA8A900][0000018FF9AE2C80 49] iPhoneSE2, [0000018FFBA71E00][0000018FF9AE6E00 49] iPhone12Mini, [0000018FFBA88300][0000018FF9AEAF80 49] iPhone12, [0000018FFBA72400][0000018FF9AEF100 49] iPhone12Pro, [0000018FFBA89C00][0000018FF9AF3280 49] iPhone12ProMax, [0000018FFBA72100][0000018FF9AF7400 49] iPadPro105, [0000018FFBA88900][0000018FF9AFB580 49] iPadPro129, [0000018FFBA71D00][0000018FF9AFF700 49] iPadPro97, [0000018FFBA88C00][0000018FF9B03880 49] iPadPro2_129, [0000018FFBA72900][0000018FF9B07A00 49] iPad5, [0000018FFBA88E00][0000018FF9B0BB80 49] iPad6, [0000018FFBA71500][0000018FF9B0E180 49] iPad7, [0000018FFBA8B700][0000018FF9B12300 49] iPad8, [0000018FFBA73B00][0000018FF9B16480 49] iPadPro11, [0000018FFBA88500][0000018FF9B1A600 49] iPadPro2_11, [0000018FFBA70A00][0000018FF9B1E780 49] iPadPro3_129, [0000018FFBA8A800][0000018FF9B22900 49] iPadPro4_129, [0000018FFBA72600][0000018FF9ADEA40 49] AppleTV, [0000018FFBA8BE00][0000018FF9B26B80 49] AppleTV4K, [0000018FFBA71B00][0000018FF9B2ACC0 49] TVOS, [0000018FFBA89300][0000018FF9B96E40 49] Mac, [0000018FFBA70400][0000018FF9B9AFC0 49] MacClient, [0000018FFBA8AC00][0000018FF9B9F140 49] MacNoEditor, [0000018FFBA72C00][0000018FF9BA32C0 49] MacServer, [0000018FFBA89000][0000018FF9BA7440 49] Linux, [0000018FFBA72500][0000018FF9BAB5C0 49] LinuxAArch64, [0000018FFBA8B200][0000018FF9BAF740 49] LinuxNoEditor, [0000018FFBA70F00][0000018FF9BB38C0 49] LinuxAArch64NoEditor, [0000018FFBA88A00][0000018FF9BB7A40 49] LinuxClient, [0000018FFBA71900][0000018FF9BBBBC0 49] LinuxAArch64Client, [0000018FFBBEFC00][0000018FF9BBE1C0 49] LinuxServer, [0000018FFAE41700][0000018FF9BC2340 49] LinuxAArch64Server, [0000018FFBBEC700][0000018FF9BC64C0 49] Android, [0000018FFAE40C00][0000018FF9BCA640 49] Android_Low, [0000018FFBBEDA00][0000018FF9BCE7C0 49] Android_Mid, [0000018FFAE41200][0000018FF9BD2940 49] Android_High, [0000018FFBBEE400][0000018FF9BD6AC0 49] Android_Default, [0000018FFAE41D00][0000018FF9B2EC00 49] Android_Adreno4xx, [0000018FFBBEEE00][0000018FF9BDAD40 49] Android_Adreno5xx_Low, [0000018FFAE40B00][0000018FF9BDEE80 49] Android_Adreno5xx, [0000018FFBBEF400][0000018FF9BE2FC0 49] Android_Adreno6xx, [0000018FFAE40500][0000018FF9BEB140 49] Android_Adreno6xx_Vulkan, [0000018FFBBEF800][0000018FF9BEF2C0 49] Android_Mali_T6xx, [0000018FFAE40F00][0000018FF9BF3440 49] Android_Mali_T7xx, [0000018FFBBEC400][0000018FF9BF75C0 49] Android_Mali_T8xx, [0000018FFAE41800][0000018FF9BFB740 49] Android_Mali_G71, [0000018FFBBECC00][0000018FF9BFF8C0 49] Android_Mali_G72, [0000018FFAE41400][0000018FF9C03A40 49] Android_Mali_G72_Vulkan, [0000018FFBBEE200][0000018FF9C07BC0 49] Android_Mali_G76, [0000018FFAE41100][0000018FF11001C0 49] Android_Mali_G76_Vulkan, [0000018FFBBEDC00][0000018FF1104340 49] Android_Mali_G77, [0000018FFAE40D00][0000018FF11084C0 49] Android_Mali_G77_Vulkan, [0000018FFBA73200][0000018FF110C640 49] Android_Mali_G78, [0000018FFBA8A700][0000018FF11107C0 49] Android_Mali_G78_Vulkan, [0000018FFBA73A00][0000018FF1114940 49] Android_Mali_G710, [0000018FFBA89200][0000018FF1118AC0 49] Android_Mali_G710_Vulkan, [0000018FFBA70100][0000018FF111CC40 49] Android_Vulkan_SM5, [0000018FFBA8B400][0000018FF9BE6D80 49] Android_PowerVR_G6xxx, [0000018FFBA72000][0000018FF1120EC0 49] Android_PowerVR_GT7xxx, [0000018FFBA8B000][0000018FF1125000 49] Android_PowerVR_GE8xxx, [0000018FFBA72D00][0000018FF1129140 49] Android_PowerVR_GM9xxx, [0000018FFBA8A200][0000018FF11312C0 49] Android_PowerVR_GM9xxx_Vulkan, [0000018FFBA73500][0000018FF1135440 49] Android_TegraK1, [0000018FFBA89500][0000018FF11395C0 49] Android_Unknown_Vulkan, [0000018FFBA70800][0000018FF113D740 49] Lumin, [0000018FFBA89E00][0000018FF11418C0 49] Lumin_Desktop, [0000018FFBA73300][0000018FF1145A40 49] HoloLens, 
[2022.04.30-21.59.00:126][  0]LogMeshReduction: Using QuadricMeshReduction for automatic static mesh reduction
[2022.04.30-21.59.00:126][  0]LogMeshReduction: Using SimplygonMeshReduction for automatic skeletal mesh reduction
[2022.04.30-21.59.00:126][  0]LogMeshReduction: Using ProxyLODMeshReduction for automatic mesh merging
[2022.04.30-21.59.00:126][  0]LogMeshReduction: No distributed automatic mesh merging module available
[2022.04.30-21.59.00:126][  0]LogMeshMerging: No distributed automatic mesh merging module available
[2022.04.30-21.59.00:146][  0]LogNetVersion: NewFeatures 1.0.0, NetCL: 17155196, EngineNetVer: 17, GameNetVer: 0 (Checksum: 1283399340)
[2022.04.30-21.59.00:566][  0]LogTexture: Default maximum texture size for cubemaps generated from long-lat sources has been changed from 512 to unlimited. In order to preserve old behaiour for '/Engine/MapTemplates/Sky/DaylightAmbientCubemap.DaylightAmbientCubemap', its maximum texture size has been explicitly set to 512.
[2022.04.30-21.59.00:623][  0]LogHMD: PokeAHoleMaterial loaded successfully
[2022.04.30-21.59.00:629][  0]LogUObjectArray: 17178 objects as part of root set at end of initial load.
[2022.04.30-21.59.00:629][  0]LogUObjectAllocator: 4302048 out of 0 bytes used by permanent object pool.
[2022.04.30-21.59.00:629][  0]LogUObjectArray: CloseDisregardForGC: 0/0 objects in disregard for GC pool
[2022.04.30-21.59.00:894][  0]LogPython: Using Python 3.7.7
[2022.04.30-21.59.01:378][  0]LogPython: Warning: sys:1: DeprecationWarning: the imp module is deprecated in favour of importlib; see the module's documentation for alternative uses

[2022.04.30-21.59.01:400][  0]LogNiagaraDebuggerClient: Niagara Debugger Client Initialized | Session: DF7EF2994A3A830AFB497295EB7ED018 | Instance: 27050B7A41219FE6EFD5ED819737AAE6 (JONNY-5068).
[2022.04.30-21.59.01:543][  0]LogTcpMessaging: Initializing TcpMessaging bridge
[2022.04.30-21.59.01:548][  0]LogUdpMessaging: Initializing bridge on interface 0.0.0.0:0 to multicast group 230.0.0.1:6666.
[2022.04.30-21.59.01:898][  0]SourceControl: Source control is disabled
[2022.04.30-21.59.01:899][  0]SourceControl: Source control is disabled
[2022.04.30-21.59.01:918][  0]SourceControl: Source control is disabled
[2022.04.30-21.59.01:921][  0]SourceControl: Source control is disabled
[2022.04.30-21.59.01:934][  0]SourceControl: Source control is disabled
[2022.04.30-21.59.01:940][  0]LogUProjectInfo: Found projects:
[2022.04.30-21.59.01:962][  0]LogOpenImageDenoise: OIDN starting up
[2022.04.30-21.59.02:015][  0]LogAndroidPermission: UAndroidPermissionCallbackProxy::GetInstance
[2022.04.30-21.59.02:029][  0]LogAudioCaptureCore: Display: No Audio Capture implementations found. Audio input will be silent.
[2022.04.30-21.59.02:029][  0]LogAudioCaptureCore: Display: No Audio Capture implementations found. Audio input will be silent.
[2022.04.30-21.59.02:153][  0]LogCollectionManager: Loaded 0 collections in 0.000688 seconds
[2022.04.30-21.59.02:185][  0]LogFileCache: Scanning file cache for directory 'E:/EpicGames/NewFeatures/Saved/Collections/' took 0.00s
[2022.04.30-21.59.02:185][  0]LogFileCache: Scanning file cache for directory 'E:/EpicGames/NewFeatures/Content/Developers/Jonathan/Collections/' took 0.00s
[2022.04.30-21.59.02:185][  0]LogFileCache: Scanning file cache for directory 'E:/EpicGames/NewFeatures/Content/Collections/' took 0.00s
[2022.04.30-21.59.02:185][  0]LogOcInput: OculusInput pre-init called
[2022.04.30-21.59.02:416][  0]LogTemp: Warning: WE JUST OPEN UHoudiniAssetEditorObject
[2022.04.30-21.59.02:418][  0]LogHoudiniEngine: Starting the Houdini Engine module...
[2022.04.30-21.59.02:419][  0]LogHoudiniEngine: Loaded libHAPIL.dll from Registry path C:/Program Files/SideFX/Houdini 18.5.672/bin
[2022.04.30-21.59.02:420][  0]LogLinker: Warning: Asset '../../../../NewFeatures/Plugins/HoudiniEngine/Content/houdini_default_material.uasset' has been saved with empty engine version. The asset will be loaded but may be incompatible.
[2022.04.30-21.59.03:013][  0]LogClass: Warning: ObjectProperty FHoudiniInstanceComponentInfo::InstanceMesh is not initialized properly. Module:HoudiniEngineRuntime File:Private/HoudiniAssetEditorObject.h
[2022.04.30-21.59.03:013][  0]LogClass: Display: IntProperty FHoudiniInstanceComponentInfo::InstanceCount is not initialized properly. Module:HoudiniEngineRuntime File:Private/HoudiniAssetEditorObject.h
[2022.04.30-21.59.03:013][  0]LogClass: Display: BoolProperty FHoudiniInstancedOutputPartData::bMaterialOverrideNeedsCreateInstance is not initialized properly. Module:HoudiniEngine File:Private/HoudiniInstanceTranslator.h
[2022.04.30-21.59.03:014][  0]LogClass: Display: IntProperty FFolderListSetup::ParentID is not initialized properly. Module:QuickUISetup File:Public/HoudiniPythonClass.h
[2022.04.30-21.59.03:014][  0]LogClass: Display: IntProperty FFolderListSetup::TabsCount is not initialized properly. Module:QuickUISetup File:Public/HoudiniPythonClass.h
[2022.04.30-21.59.03:014][  0]LogClass: Display: BoolProperty FFolderListSetup::bIsTab is not initialized properly. Module:QuickUISetup File:Public/HoudiniPythonClass.h
[2022.04.30-21.59.03:014][  0]LogClass: Display: BoolProperty FFolderSetup::FolderVisible is not initialized properly. Module:QuickUISetup File:Public/HoudiniPythonClass.h
[2022.04.30-21.59.03:014][  0]LogClass: Display: BoolProperty FFolderSetup::FolderDisable is not initialized properly. Module:QuickUISetup File:Public/HoudiniPythonClass.h
[2022.04.30-21.59.03:014][  0]LogClass: Display: BoolProperty FFolderSetup::FolderEndGroup is not initialized properly. Module:QuickUISetup File:Public/HoudiniPythonClass.h
[2022.04.30-21.59.03:014][  0]LogClass: Display: IntProperty FFolderSetup::FolderID is not initialized properly. Module:QuickUISetup File:Public/HoudiniPythonClass.h
[2022.04.30-21.59.03:014][  0]LogClass: Display: BoolProperty FParameterSetup::bParameterSettings is not initialized properly. Module:QuickUISetup File:Public/HoudiniPythonClass.h
[2022.04.30-21.59.03:014][  0]LogClass: Display: IntProperty FParameterSetup::ParameterID is not initialized properly. Module:QuickUISetup File:Public/HoudiniPythonClass.h
[2022.04.30-21.59.03:015][  0]LogClass: Display: BoolProperty FParameterSetup::ParameterVisible is not initialized properly. Module:QuickUISetup File:Public/HoudiniPythonClass.h
[2022.04.30-21.59.03:015][  0]LogClass: Display: BoolProperty FParameterSetup::ParameterDisable is not initialized properly. Module:QuickUISetup File:Public/HoudiniPythonClass.h
[2022.04.30-21.59.03:015][  0]LogClass: Display: BoolProperty FParameterSetup::ParameterNeighbour is not initialized properly. Module:QuickUISetup File:Public/HoudiniPythonClass.h
[2022.04.30-21.59.03:015][  0]LogClass: Display: BoolProperty FParameterSettingSetup::hasMin is not initialized properly. Module:QuickUISetup File:Public/HoudiniPythonClass.h
[2022.04.30-21.59.03:015][  0]LogClass: Display: BoolProperty FParameterSettingSetup::hasMax is not initialized properly. Module:QuickUISetup File:Public/HoudiniPythonClass.h
[2022.04.30-21.59.03:015][  0]LogClass: Display: Int8Property FMTSJson::version is not initialized properly. Module:MegascansPlugin File:Private/Utilities/MTSReader.h
[2022.04.30-21.59.03:015][  0]LogClass: Display: Int16Property FMTSJson::resolutionValue is not initialized properly. Module:MegascansPlugin File:Private/Utilities/MTSReader.h
[2022.04.30-21.59.03:015][  0]LogClass: Display: BoolProperty FMTSJson::isExternal is not initialized properly. Module:MegascansPlugin File:Private/Utilities/MTSReader.h
[2022.04.30-21.59.03:015][  0]LogClass: Display: Int8Property FMTSJson::meshVersion is not initialized properly. Module:MegascansPlugin File:Private/Utilities/MTSReader.h
[2022.04.30-21.59.03:016][  0]LogClass: Display: BoolProperty FMTSJson::isCustom is not initialized properly. Module:MegascansPlugin File:Private/Utilities/MTSReader.h
[2022.04.30-21.59.03:016][  0]LogClass: Display: BoolProperty FMTSJson::isModularAsset is not initialized properly. Module:MegascansPlugin File:Private/Utilities/MTSReader.h
[2022.04.30-21.59.03:016][  0]LogClass: Display: Int8Property FLodList::variation is not initialized properly. Module:MegascansPlugin File:Private/Utilities/MTSReader.h
[2022.04.30-21.59.03:016][  0]LogClass: Display: Int16Property FMeshList::resolution is not initialized properly. Module:MegascansPlugin File:Private/Utilities/MTSReader.h
[2022.04.30-21.59.03:016][  0]LogClass: Display: Int16Property FComponents::resolution is not initialized properly. Module:MegascansPlugin File:Private/Utilities/MTSReader.h
[2022.04.30-21.59.03:016][  0]LogClass: Display: BoolProperty FTextureSets::isUdim is not initialized properly. Module:MegascansPlugin File:Private/Utilities/MTSReader.h
[2022.04.30-21.59.03:016][  0]LogClass: Display: BoolProperty FMeta::value is not initialized properly. Module:MegascansPlugin File:Private/Utilities/MTSReader.h
[2022.04.30-21.59.03:016][  0]LogClass: Display: 28 Uninitialized script struct members found including 1 object properties
[2022.04.30-21.59.03:017][  0]LogAutomationTest: Warning: ObjectProperty FHoudiniInstanceComponentInfo::InstanceMesh is not initialized properly. Module:HoudiniEngineRuntime File:Private/HoudiniAssetEditorObject.h
[2022.04.30-21.59.03:018][  0]LogEngine: Initializing Engine...
[2022.04.30-21.59.03:020][  0]LogHMD: Failed to enumerate extensions. Please check that you have a valid OpenXR runtime installed.
[2022.04.30-21.59.03:021][  0]LogHMD: Failed to initialize OpenVR with code 110
[2022.04.30-21.59.03:021][  0]LogMagicLeap: Warning: VR disabled because ZI is not enabled.  To enable, in the editor, Edit -> Project Settings -> Plugins -> Magic Leap Plugin -> Enable Zero Iteration
[2022.04.30-21.59.03:022][  0]LogStats: UGameplayTagsManager::InitializeManager -  0.000 s
[2022.04.30-21.59.03:143][  0]LogInit: Initializing FReadOnlyCVARCache
[2022.04.30-21.59.03:153][  0]LogAIModule: Creating AISystem for world Untitled
[2022.04.30-21.59.03:161][  0]LogAudio: Display: Initializing Audio Device Manager...
[2022.04.30-21.59.03:165][  0]LogAudio: Display: Loading Default Audio Settings Objects...
[2022.04.30-21.59.03:166][  0]LogAudio: Display: No default SoundConcurrencyObject specified (or failed to load).
[2022.04.30-21.59.03:167][  0]LogAudio: Display: Audio Device Manager Initialized
[2022.04.30-21.59.03:167][  0]LogAudio: Display: Creating Audio Device:                 Id: 1, Scope: Shared, Realtime: True
[2022.04.30-21.59.03:167][  0]LogAudioMixer: Display: Audio Mixer Platform Settings:
[2022.04.30-21.59.03:167][  0]LogAudioMixer: Display: 	Sample Rate:						  48000
[2022.04.30-21.59.03:167][  0]LogAudioMixer: Display: 	Callback Buffer Frame Size Requested: 1024
[2022.04.30-21.59.03:167][  0]LogAudioMixer: Display: 	Callback Buffer Frame Size To Use:	  1024
[2022.04.30-21.59.03:167][  0]LogAudioMixer: Display: 	Number of buffers to queue:			  2
[2022.04.30-21.59.03:167][  0]LogAudioMixer: Display: 	Max Channels (voices):				  32
[2022.04.30-21.59.03:167][  0]LogAudioMixer: Display: 	Number of Async Source Workers:		  0
[2022.04.30-21.59.03:167][  0]LogAudio: Display: AudioDevice MaxSources: 32
[2022.04.30-21.59.03:168][  0]LogAudio: Display: Audio Spatialization Plugin: None (built-in).
[2022.04.30-21.59.03:168][  0]LogAudio: Display: Audio Reverb Plugin: None (built-in).
[2022.04.30-21.59.03:168][  0]LogAudio: Display: Audio Occlusion Plugin: None (built-in).
[2022.04.30-21.59.03:168][  0]LogAudioMixer: Display: Initializing audio mixer.
[2022.04.30-21.59.03:199][  0]LogAudioMixer: Display: 0: FrontLeft
[2022.04.30-21.59.03:199][  0]LogAudioMixer: Display: 1: FrontRight
[2022.04.30-21.59.03:225][  0]LogAudioMixer: Display: Using Audio Device Speakers (GSX 1200 Pro Main Audio)
[2022.04.30-21.59.03:229][  0]LogAudioMixer: Display: Initializing Sound Submixes...
[2022.04.30-21.59.03:234][  0]LogAudioMixer: Display: Creating Master Submix 'MasterSubmixDefault'
[2022.04.30-21.59.03:234][  0]LogAudioMixer: Display: Creating Master Submix 'MasterReverbSubmixDefault'
[2022.04.30-21.59.03:235][  0]LogAudioMixer: Display: Creating Master Submix 'MasterEQSubmixDefault'
[2022.04.30-21.59.03:235][  0]LogAudioMixer: FMixerPlatformXAudio2::StartAudioStream() called
[2022.04.30-21.59.03:235][  0]LogAudioMixer: Display: Output buffers initialized: Frames=1024, Channels=2, Samples=2048
[2022.04.30-21.59.03:236][  0]LogAudioMixer: Display: Starting AudioMixerPlatformInterface::RunInternal()
[2022.04.30-21.59.03:236][  0]LogAudioMixer: Display: FMixerPlatformXAudio2::SubmitBuffer() called for the first time
[2022.04.30-21.59.03:237][  0]LogInit: FAudioDevice initialized.
[2022.04.30-21.59.03:237][  0]LogAudio: Display: Audio Device (ID: 1) registered with world 'Untitled'.
[2022.04.30-21.59.03:237][  0]LogNetVersion: Set ProjectVersion to 1.0.0.0. Version Checksum will be recalculated on next use.
[2022.04.30-21.59.03:340][  0]LogDerivedDataCache: Saved boot cache 0.10s 95MB C:/Users/Jonathan/AppData/Local/UnrealEngine/4.27/DerivedDataCache/Boot.ddc.
[2022.04.30-21.59.03:344][  0]LogInit: Texture streaming: Enabled
[2022.04.30-21.59.03:355][  0]LogAnalytics: Display: [UEEditor.Rocket.Release] APIServer = https://datarouter.ol.epicgames.com/. AppVersion = 4.27.2-18319896+++UE4+Release-4.27
[2022.04.30-21.59.03:530][  0]LogEngineSessionManager: EngineSessionManager initialized
[2022.04.30-21.59.03:532][  0]LogEngineSessionManager: EngineSessionManager sent abnormal shutdown report. Type=Crashed, SessionId={73B2BD8B-4EDA-2081-94D7-94A36D48CB5F}
[2022.04.30-21.59.03:532][  0]LogEditorSessionSummary: Verbose: Initializing EditorSessionSummaryWriter for editor session tracking
[2022.04.30-21.59.03:544][  0]LogEditorSessionSummary: EditorSessionSummaryWriter initialized
[2022.04.30-21.59.03:570][  0]LogInit: Transaction tracking system initialized
[2022.04.30-21.59.03:589][  0]BlueprintLog: New page: Editor Load
[2022.04.30-21.59.03:646][  0]LocalizationService: Localization service is disabled
[2022.04.30-21.59.03:668][  0]TimingProfiler: Initialize
[2022.04.30-21.59.03:668][  0]TimingProfiler: OnSessionChanged
[2022.04.30-21.59.03:669][  0]LoadingProfiler: Initialize
[2022.04.30-21.59.03:669][  0]LoadingProfiler: OnSessionChanged
[2022.04.30-21.59.03:669][  0]NetworkingProfiler: Initialize
[2022.04.30-21.59.03:669][  0]NetworkingProfiler: OnSessionChanged
[2022.04.30-21.59.03:669][  0]MemoryProfiler: Initialize
[2022.04.30-21.59.03:669][  0]MemoryProfiler: OnSessionChanged
[2022.04.30-21.59.03:826][  0]LogCook: Display: CookSettings for Memory: MemoryMaxUsedVirtual 0MiB, MemoryMaxUsedPhysical 16384MiB, MemoryMinFreeVirtual 0MiB, MemoryMinFreePhysical 1024MiB
[2022.04.30-21.59.03:826][  0]LogCook: Display: Mobile HDR setting 1
[2022.04.30-21.59.04:011][  0]LogFileCache: Scanning file cache for directory 'E:/EpicGames/NewFeatures/Content/' took 0.01s
[2022.04.30-21.59.04:237][  0]LogHoudiniEngineEditor: Starting the Houdini Engine Editor module.
[2022.04.30-21.59.04:243][  0]LogHoudiniEngineEditor: Houdini Spline Component Visualizer Registered!
[2022.04.30-21.59.04:243][  0]LogHoudiniEngineEditor: Houdini Engine Editor module startup complete.
[2022.04.30-21.59.04:256][  0]LogInit: Display: Engine is initialized. Leaving FEngineLoop::Init()
[2022.04.30-21.59.04:259][  0]SourceControl: Source control is disabled
[2022.04.30-21.59.04:260][  0]LogUnrealEdMisc: Loading editor; pre map load, took 9.051
[2022.04.30-21.59.04:260][  0]Cmd: MAP LOAD FILE="../../../../NewFeatures/Content/StarterContent/Maps/Minimal_Default.umap" TEMPLATE=0 SHOWPROGRESS=1 FEATURELEVEL=3
[2022.04.30-21.59.04:260][  0]LightingResults: New page: Lighting Build
[2022.04.30-21.59.04:262][  0]LogWorld: UWorld::CleanupWorld for Untitled, bSessionEnded=true, bCleanupResources=true
[2022.04.30-21.59.04:262][  0]LogSlate: InvalidateAllWidgets triggered.  All widgets were invalidated
[2022.04.30-21.59.04:262][  0]MapCheck: New page: Map Check
[2022.04.30-21.59.04:262][  0]LightingResults: New page: Lighting Build
[2022.04.30-21.59.04:267][  0]LogAudio: Display: Audio Device unregistered from world 'None'.
[2022.04.30-21.59.04:270][  0]LogUObjectHash: Compacting FUObjectHashTables data took   0.91ms
[2022.04.30-21.59.04:386][  0]LogAudio: Display: Audio Device (ID: 1) registered with world 'Minimal_Default'.
[2022.04.30-21.59.04:387][  0]LogAIModule: Creating AISystem for world Minimal_Default
[2022.04.30-21.59.04:393][  0]LogEditorServer: Finished looking for orphan Actors (0.000 secs)
[2022.04.30-21.59.04:426][  0]LogUObjectHash: Compacting FUObjectHashTables data took   1.26ms
[2022.04.30-21.59.04:427][  0]Cmd: MAP CHECKDEP NOCLEARLOG
[2022.04.30-21.59.04:427][  0]MapCheck: Map check complete: 0 Error(s), 0 Warning(s), took 0.121ms to complete.
[2022.04.30-21.59.04:427][  0]LogFileHelpers: Loading map 'Minimal_Default' took 0.167
[2022.04.30-21.59.04:431][  0]LogUnrealEdMisc: Total Editor Startup Time, took 9.222
[2022.04.30-21.59.04:549][  0]LogNativeClassHierarchy: Verbose: Native class hierarchy populated in 0.0097 seconds. Added 3946 classes and 948 folders.
[2022.04.30-21.59.04:570][  0]LogNativeClassHierarchy: Verbose: Native class hierarchy updated for 'WidgetCarousel' in 0.0004 seconds. Added 0 classes and 0 folders.
[2022.04.30-21.59.04:573][  0]LogPakFile: PakFile PrimaryIndexSize=187
[2022.04.30-21.59.04:573][  0]LogPakFile: PakFile PathHashIndexSize=101
[2022.04.30-21.59.04:573][  0]LogPakFile: PakFile FullDirectoryIndexSize=148
[2022.04.30-21.59.04:573][  0]LogShaderLibrary: Display: ShaderCodeLibraryPakFileMountedCallback: PakFile 'E:/EpicGames/UE_4.27/FeaturePacks/FP_FirstPerson.upack' (chunk index -1, root 'root:/') mounted
[2022.04.30-21.59.04:573][  0]LogShaderLibrary: Display: ShaderCodeLibraryPakFileMountedCallback: pending pak file info (ChunkID:-1 Root:root:/ File:E:/EpicGames/UE_4.27/FeaturePacks/FP_FirstPerson.upack)
[2022.04.30-21.59.04:573][  0]LogPakFile: OnPakFileMounted2Time == 0.000320
[2022.04.30-21.59.04:575][  0]LogPakFile: PakFile PrimaryIndexSize=189
[2022.04.30-21.59.04:575][  0]LogPakFile: PakFile PathHashIndexSize=101
[2022.04.30-21.59.04:575][  0]LogPakFile: PakFile FullDirectoryIndexSize=152
[2022.04.30-21.59.04:575][  0]LogShaderLibrary: Display: ShaderCodeLibraryPakFileMountedCallback: PakFile 'E:/EpicGames/UE_4.27/FeaturePacks/FP_FirstPersonBP.upack' (chunk index -1, root 'root:/') mounted
[2022.04.30-21.59.04:575][  0]LogShaderLibrary: Display: ShaderCodeLibraryPakFileMountedCallback: pending pak file info (ChunkID:-1 Root:root:/ File:E:/EpicGames/UE_4.27/FeaturePacks/FP_FirstPersonBP.upack)
[2022.04.30-21.59.04:575][  0]LogPakFile: OnPakFileMounted2Time == 0.000246
[2022.04.30-21.59.04:576][  0]LogPakFile: PakFile PrimaryIndexSize=191
[2022.04.30-21.59.04:577][  0]LogPakFile: PakFile PathHashIndexSize=101
[2022.04.30-21.59.04:577][  0]LogPakFile: PakFile FullDirectoryIndexSize=160
[2022.04.30-21.59.04:577][  0]LogShaderLibrary: Display: ShaderCodeLibraryPakFileMountedCallback: PakFile 'E:/EpicGames/UE_4.27/FeaturePacks/MobileStarterContent.upack' (chunk index -1, root 'root:/') mounted
[2022.04.30-21.59.04:577][  0]LogShaderLibrary: Display: ShaderCodeLibraryPakFileMountedCallback: pending pak file info (ChunkID:-1 Root:root:/ File:E:/EpicGames/UE_4.27/FeaturePacks/MobileStarterContent.upack)
[2022.04.30-21.59.04:577][  0]LogPakFile: OnPakFileMounted2Time == 0.000292
[2022.04.30-21.59.04:578][  0]LogPakFile: PakFile PrimaryIndexSize=185
[2022.04.30-21.59.04:578][  0]LogPakFile: PakFile PathHashIndexSize=101
[2022.04.30-21.59.04:578][  0]LogPakFile: PakFile FullDirectoryIndexSize=148
[2022.04.30-21.59.04:578][  0]LogShaderLibrary: Display: ShaderCodeLibraryPakFileMountedCallback: PakFile 'E:/EpicGames/UE_4.27/FeaturePacks/StarterContent.upack' (chunk index -1, root 'root:/') mounted
[2022.04.30-21.59.04:579][  0]LogShaderLibrary: Display: ShaderCodeLibraryPakFileMountedCallback: pending pak file info (ChunkID:-1 Root:root:/ File:E:/EpicGames/UE_4.27/FeaturePacks/StarterContent.upack)
[2022.04.30-21.59.04:579][  0]LogPakFile: OnPakFileMounted2Time == 0.000235
[2022.04.30-21.59.04:580][  0]LogPakFile: PakFile PrimaryIndexSize=190
[2022.04.30-21.59.04:580][  0]LogPakFile: PakFile PathHashIndexSize=101
[2022.04.30-21.59.04:580][  0]LogPakFile: PakFile FullDirectoryIndexSize=154
[2022.04.30-21.59.04:580][  0]LogShaderLibrary: Display: ShaderCodeLibraryPakFileMountedCallback: PakFile 'E:/EpicGames/UE_4.27/FeaturePacks/TP_2DSideScroller.upack' (chunk index -1, root 'root:/') mounted
[2022.04.30-21.59.04:580][  0]LogShaderLibrary: Display: ShaderCodeLibraryPakFileMountedCallback: pending pak file info (ChunkID:-1 Root:root:/ File:E:/EpicGames/UE_4.27/FeaturePacks/TP_2DSideScroller.upack)
[2022.04.30-21.59.04:580][  0]LogPakFile: OnPakFileMounted2Time == 0.000267
[2022.04.30-21.59.04:582][  0]LogPakFile: PakFile PrimaryIndexSize=192
[2022.04.30-21.59.04:582][  0]LogPakFile: PakFile PathHashIndexSize=101
[2022.04.30-21.59.04:582][  0]LogPakFile: PakFile FullDirectoryIndexSize=158
[2022.04.30-21.59.04:582][  0]LogShaderLibrary: Display: ShaderCodeLibraryPakFileMountedCallback: PakFile 'E:/EpicGames/UE_4.27/FeaturePacks/TP_2DSideScrollerBP.upack' (chunk index -1, root 'root:/') mounted
[2022.04.30-21.59.04:582][  0]LogShaderLibrary: Display: ShaderCodeLibraryPakFileMountedCallback: pending pak file info (ChunkID:-1 Root:root:/ File:E:/EpicGames/UE_4.27/FeaturePacks/TP_2DSideScrollerBP.upack)
[2022.04.30-21.59.04:582][  0]LogPakFile: OnPakFileMounted2Time == 0.000244
[2022.04.30-21.59.04:583][  0]LogPakFile: PakFile PrimaryIndexSize=182
[2022.04.30-21.59.04:583][  0]LogPakFile: PakFile PathHashIndexSize=101
[2022.04.30-21.59.04:583][  0]LogPakFile: PakFile FullDirectoryIndexSize=138
[2022.04.30-21.59.04:583][  0]LogShaderLibrary: Display: ShaderCodeLibraryPakFileMountedCallback: PakFile 'E:/EpicGames/UE_4.27/FeaturePacks/TP_Flying.upack' (chunk index -1, root 'root:/') mounted
[2022.04.30-21.59.04:584][  0]LogShaderLibrary: Display: ShaderCodeLibraryPakFileMountedCallback: pending pak file info (ChunkID:-1 Root:root:/ File:E:/EpicGames/UE_4.27/FeaturePacks/TP_Flying.upack)
[2022.04.30-21.59.04:584][  0]LogPakFile: OnPakFileMounted2Time == 0.000262
[2022.04.30-21.59.04:585][  0]LogPakFile: PakFile PrimaryIndexSize=184
[2022.04.30-21.59.04:585][  0]LogPakFile: PakFile PathHashIndexSize=101
[2022.04.30-21.59.04:585][  0]LogPakFile: PakFile FullDirectoryIndexSize=142
[2022.04.30-21.59.04:585][  0]LogShaderLibrary: Display: ShaderCodeLibraryPakFileMountedCallback: PakFile 'E:/EpicGames/UE_4.27/FeaturePacks/TP_FlyingBP.upack' (chunk index -1, root 'root:/') mounted
[2022.04.30-21.59.04:585][  0]LogShaderLibrary: Display: ShaderCodeLibraryPakFileMountedCallback: pending pak file info (ChunkID:-1 Root:root:/ File:E:/EpicGames/UE_4.27/FeaturePacks/TP_FlyingBP.upack)
[2022.04.30-21.59.04:586][  0]LogPakFile: OnPakFileMounted2Time == 0.000371
[2022.04.30-21.59.04:587][  0]LogPakFile: PakFile PrimaryIndexSize=188
[2022.04.30-21.59.04:587][  0]LogPakFile: PakFile PathHashIndexSize=101
[2022.04.30-21.59.04:587][  0]LogPakFile: PakFile FullDirectoryIndexSize=150
[2022.04.30-21.59.04:587][  0]LogShaderLibrary: Display: ShaderCodeLibraryPakFileMountedCallback: PakFile 'E:/EpicGames/UE_4.27/FeaturePacks/TP_HandheldARBP.upack' (chunk index -1, root 'root:/') mounted
[2022.04.30-21.59.04:587][  0]LogShaderLibrary: Display: ShaderCodeLibraryPakFileMountedCallback: pending pak file info (ChunkID:-1 Root:root:/ File:E:/EpicGames/UE_4.27/FeaturePacks/TP_HandheldARBP.upack)
[2022.04.30-21.59.04:587][  0]LogPakFile: OnPakFileMounted2Time == 0.000252
[2022.04.30-21.59.04:589][  0]LogPakFile: PakFile PrimaryIndexSize=182
[2022.04.30-21.59.04:589][  0]LogPakFile: PakFile PathHashIndexSize=101
[2022.04.30-21.59.04:589][  0]LogPakFile: PakFile FullDirectoryIndexSize=138
[2022.04.30-21.59.04:589][  0]LogShaderLibrary: Display: ShaderCodeLibraryPakFileMountedCallback: PakFile 'E:/EpicGames/UE_4.27/FeaturePacks/TP_Puzzle.upack' (chunk index -1, root 'root:/') mounted
[2022.04.30-21.59.04:589][  0]LogShaderLibrary: Display: ShaderCodeLibraryPakFileMountedCallback: pending pak file info (ChunkID:-1 Root:root:/ File:E:/EpicGames/UE_4.27/FeaturePacks/TP_Puzzle.upack)
[2022.04.30-21.59.04:590][  0]LogPakFile: OnPakFileMounted2Time == 0.000281
[2022.04.30-21.59.04:591][  0]LogPakFile: PakFile PrimaryIndexSize=184
[2022.04.30-21.59.04:591][  0]LogPakFile: PakFile PathHashIndexSize=101
[2022.04.30-21.59.04:591][  0]LogPakFile: PakFile FullDirectoryIndexSize=142
[2022.04.30-21.59.04:591][  0]LogShaderLibrary: Display: ShaderCodeLibraryPakFileMountedCallback: PakFile 'E:/EpicGames/UE_4.27/FeaturePacks/TP_PuzzleBP.upack' (chunk index -1, root 'root:/') mounted
[2022.04.30-21.59.04:591][  0]LogShaderLibrary: Display: ShaderCodeLibraryPakFileMountedCallback: pending pak file info (ChunkID:-1 Root:root:/ File:E:/EpicGames/UE_4.27/FeaturePacks/TP_PuzzleBP.upack)
[2022.04.30-21.59.04:591][  0]LogPakFile: OnPakFileMounted2Time == 0.000259
[2022.04.30-21.59.04:592][  0]LogPakFile: PakFile PrimaryIndexSize=183
[2022.04.30-21.59.04:592][  0]LogPakFile: PakFile PathHashIndexSize=101
[2022.04.30-21.59.04:593][  0]LogPakFile: PakFile FullDirectoryIndexSize=140
[2022.04.30-21.59.04:593][  0]LogShaderLibrary: Display: ShaderCodeLibraryPakFileMountedCallback: PakFile 'E:/EpicGames/UE_4.27/FeaturePacks/TP_Rolling.upack' (chunk index -1, root 'root:/') mounted
[2022.04.30-21.59.04:593][  0]LogShaderLibrary: Display: ShaderCodeLibraryPakFileMountedCallback: pending pak file info (ChunkID:-1 Root:root:/ File:E:/EpicGames/UE_4.27/FeaturePacks/TP_Rolling.upack)
[2022.04.30-21.59.04:593][  0]LogPakFile: OnPakFileMounted2Time == 0.000273
[2022.04.30-21.59.04:594][  0]LogPakFile: PakFile PrimaryIndexSize=185
[2022.04.30-21.59.04:594][  0]LogPakFile: PakFile PathHashIndexSize=101
[2022.04.30-21.59.04:594][  0]LogPakFile: PakFile FullDirectoryIndexSize=144
[2022.04.30-21.59.04:594][  0]LogShaderLibrary: Display: ShaderCodeLibraryPakFileMountedCallback: PakFile 'E:/EpicGames/UE_4.27/FeaturePacks/TP_RollingBP.upack' (chunk index -1, root 'root:/') mounted
[2022.04.30-21.59.04:594][  0]LogShaderLibrary: Display: ShaderCodeLibraryPakFileMountedCallback: pending pak file info (ChunkID:-1 Root:root:/ File:E:/EpicGames/UE_4.27/FeaturePacks/TP_RollingBP.upack)
[2022.04.30-21.59.04:595][  0]LogPakFile: OnPakFileMounted2Time == 0.000230
[2022.04.30-21.59.04:596][  0]LogPakFile: PakFile PrimaryIndexSize=188
[2022.04.30-21.59.04:596][  0]LogPakFile: PakFile PathHashIndexSize=101
[2022.04.30-21.59.04:596][  0]LogPakFile: PakFile FullDirectoryIndexSize=150
[2022.04.30-21.59.04:596][  0]LogShaderLibrary: Display: ShaderCodeLibraryPakFileMountedCallback: PakFile 'E:/EpicGames/UE_4.27/FeaturePacks/TP_SideScroller.upack' (chunk index -1, root 'root:/') mounted
[2022.04.30-21.59.04:596][  0]LogShaderLibrary: Display: ShaderCodeLibraryPakFileMountedCallback: pending pak file info (ChunkID:-1 Root:root:/ File:E:/EpicGames/UE_4.27/FeaturePacks/TP_SideScroller.upack)
[2022.04.30-21.59.04:596][  0]LogPakFile: OnPakFileMounted2Time == 0.000278
[2022.04.30-21.59.04:597][  0]LogPakFile: PakFile PrimaryIndexSize=190
[2022.04.30-21.59.04:597][  0]LogPakFile: PakFile PathHashIndexSize=101
[2022.04.30-21.59.04:597][  0]LogPakFile: PakFile FullDirectoryIndexSize=154
[2022.04.30-21.59.04:598][  0]LogShaderLibrary: Display: ShaderCodeLibraryPakFileMountedCallback: PakFile 'E:/EpicGames/UE_4.27/FeaturePacks/TP_SideScrollerBP.upack' (chunk index -1, root 'root:/') mounted
[2022.04.30-21.59.04:598][  0]LogShaderLibrary: Display: ShaderCodeLibraryPakFileMountedCallback: pending pak file info (ChunkID:-1 Root:root:/ File:E:/EpicGames/UE_4.27/FeaturePacks/TP_SideScrollerBP.upack)
[2022.04.30-21.59.04:598][  0]LogPakFile: OnPakFileMounted2Time == 0.000281
[2022.04.30-21.59.04:599][  0]LogPakFile: PakFile PrimaryIndexSize=187
[2022.04.30-21.59.04:599][  0]LogPakFile: PakFile PathHashIndexSize=101
[2022.04.30-21.59.04:599][  0]LogPakFile: PakFile FullDirectoryIndexSize=148
[2022.04.30-21.59.04:599][  0]LogShaderLibrary: Display: ShaderCodeLibraryPakFileMountedCallback: PakFile 'E:/EpicGames/UE_4.27/FeaturePacks/TP_ThirdPerson.upack' (chunk index -1, root 'root:/') mounted
[2022.04.30-21.59.04:599][  0]LogShaderLibrary: Display: ShaderCodeLibraryPakFileMountedCallback: pending pak file info (ChunkID:-1 Root:root:/ File:E:/EpicGames/UE_4.27/FeaturePacks/TP_ThirdPerson.upack)
[2022.04.30-21.59.04:600][  0]LogPakFile: OnPakFileMounted2Time == 0.000271
[2022.04.30-21.59.04:601][  0]LogPakFile: PakFile PrimaryIndexSize=189
[2022.04.30-21.59.04:601][  0]LogPakFile: PakFile PathHashIndexSize=101
[2022.04.30-21.59.04:601][  0]LogPakFile: PakFile FullDirectoryIndexSize=152
[2022.04.30-21.59.04:601][  0]LogShaderLibrary: Display: ShaderCodeLibraryPakFileMountedCallback: PakFile 'E:/EpicGames/UE_4.27/FeaturePacks/TP_ThirdPersonBP.upack' (chunk index -1, root 'root:/') mounted
[2022.04.30-21.59.04:601][  0]LogShaderLibrary: Display: ShaderCodeLibraryPakFileMountedCallback: pending pak file info (ChunkID:-1 Root:root:/ File:E:/EpicGames/UE_4.27/FeaturePacks/TP_ThirdPersonBP.upack)
[2022.04.30-21.59.04:601][  0]LogPakFile: OnPakFileMounted2Time == 0.000314
[2022.04.30-21.59.04:603][  0]LogPakFile: PakFile PrimaryIndexSize=183
[2022.04.30-21.59.04:603][  0]LogPakFile: PakFile PathHashIndexSize=101
[2022.04.30-21.59.04:603][  0]LogPakFile: PakFile FullDirectoryIndexSize=140
[2022.04.30-21.59.04:603][  0]LogShaderLibrary: Display: ShaderCodeLibraryPakFileMountedCallback: PakFile 'E:/EpicGames/UE_4.27/FeaturePacks/TP_TopDown.upack' (chunk index -1, root 'root:/') mounted
[2022.04.30-21.59.04:603][  0]LogShaderLibrary: Display: ShaderCodeLibraryPakFileMountedCallback: pending pak file info (ChunkID:-1 Root:root:/ File:E:/EpicGames/UE_4.27/FeaturePacks/TP_TopDown.upack)
[2022.04.30-21.59.04:603][  0]LogPakFile: OnPakFileMounted2Time == 0.000262
[2022.04.30-21.59.04:605][  0]LogPakFile: PakFile PrimaryIndexSize=185
[2022.04.30-21.59.04:605][  0]LogPakFile: PakFile PathHashIndexSize=101
[2022.04.30-21.59.04:605][  0]LogPakFile: PakFile FullDirectoryIndexSize=144
[2022.04.30-21.59.04:605][  0]LogShaderLibrary: Display: ShaderCodeLibraryPakFileMountedCallback: PakFile 'E:/EpicGames/UE_4.27/FeaturePacks/TP_TopDownBP.upack' (chunk index -1, root 'root:/') mounted
[2022.04.30-21.59.04:605][  0]LogShaderLibrary: Display: ShaderCodeLibraryPakFileMountedCallback: pending pak file info (ChunkID:-1 Root:root:/ File:E:/EpicGames/UE_4.27/FeaturePacks/TP_TopDownBP.upack)
[2022.04.30-21.59.04:605][  0]LogPakFile: OnPakFileMounted2Time == 0.000309
[2022.04.30-21.59.04:606][  0]LogPakFile: PakFile PrimaryIndexSize=185
[2022.04.30-21.59.04:606][  0]LogPakFile: PakFile PathHashIndexSize=101
[2022.04.30-21.59.04:607][  0]LogPakFile: PakFile FullDirectoryIndexSize=144
[2022.04.30-21.59.04:607][  0]LogShaderLibrary: Display: ShaderCodeLibraryPakFileMountedCallback: PakFile 'E:/EpicGames/UE_4.27/FeaturePacks/TP_TwinStick.upack' (chunk index -1, root 'root:/') mounted
[2022.04.30-21.59.04:607][  0]LogShaderLibrary: Display: ShaderCodeLibraryPakFileMountedCallback: pending pak file info (ChunkID:-1 Root:root:/ File:E:/EpicGames/UE_4.27/FeaturePacks/TP_TwinStick.upack)
[2022.04.30-21.59.04:607][  0]LogPakFile: OnPakFileMounted2Time == 0.000252
[2022.04.30-21.59.04:608][  0]LogPakFile: PakFile PrimaryIndexSize=187
[2022.04.30-21.59.04:608][  0]LogPakFile: PakFile PathHashIndexSize=101
[2022.04.30-21.59.04:608][  0]LogPakFile: PakFile FullDirectoryIndexSize=148
[2022.04.30-21.59.04:608][  0]LogShaderLibrary: Display: ShaderCodeLibraryPakFileMountedCallback: PakFile 'E:/EpicGames/UE_4.27/FeaturePacks/TP_TwinStickBP.upack' (chunk index -1, root 'root:/') mounted
[2022.04.30-21.59.04:609][  0]LogShaderLibrary: Display: ShaderCodeLibraryPakFileMountedCallback: pending pak file info (ChunkID:-1 Root:root:/ File:E:/EpicGames/UE_4.27/FeaturePacks/TP_TwinStickBP.upack)
[2022.04.30-21.59.04:609][  0]LogPakFile: OnPakFileMounted2Time == 0.000266
[2022.04.30-21.59.04:610][  0]LogPakFile: PakFile PrimaryIndexSize=183
[2022.04.30-21.59.04:610][  0]LogPakFile: PakFile PathHashIndexSize=101
[2022.04.30-21.59.04:610][  0]LogPakFile: PakFile FullDirectoryIndexSize=140
[2022.04.30-21.59.04:610][  0]LogShaderLibrary: Display: ShaderCodeLibraryPakFileMountedCallback: PakFile 'E:/EpicGames/UE_4.27/FeaturePacks/TP_Vehicle.upack' (chunk index -1, root 'root:/') mounted
[2022.04.30-21.59.04:610][  0]LogShaderLibrary: Display: ShaderCodeLibraryPakFileMountedCallback: pending pak file info (ChunkID:-1 Root:root:/ File:E:/EpicGames/UE_4.27/FeaturePacks/TP_Vehicle.upack)
[2022.04.30-21.59.04:610][  0]LogPakFile: OnPakFileMounted2Time == 0.000202
[2022.04.30-21.59.04:611][  0]LogPakFile: PakFile PrimaryIndexSize=186
[2022.04.30-21.59.04:611][  0]LogPakFile: PakFile PathHashIndexSize=101
[2022.04.30-21.59.04:612][  0]LogPakFile: PakFile FullDirectoryIndexSize=146
[2022.04.30-21.59.04:612][  0]LogShaderLibrary: Display: ShaderCodeLibraryPakFileMountedCallback: PakFile 'E:/EpicGames/UE_4.27/FeaturePacks/TP_VehicleAdv.upack' (chunk index -1, root 'root:/') mounted
[2022.04.30-21.59.04:612][  0]LogShaderLibrary: Display: ShaderCodeLibraryPakFileMountedCallback: pending pak file info (ChunkID:-1 Root:root:/ File:E:/EpicGames/UE_4.27/FeaturePacks/TP_VehicleAdv.upack)
[2022.04.30-21.59.04:612][  0]LogPakFile: OnPakFileMounted2Time == 0.000215
[2022.04.30-21.59.04:613][  0]LogPakFile: PakFile PrimaryIndexSize=188
[2022.04.30-21.59.04:613][  0]LogPakFile: PakFile PathHashIndexSize=101
[2022.04.30-21.59.04:613][  0]LogPakFile: PakFile FullDirectoryIndexSize=150
[2022.04.30-21.59.04:613][  0]LogShaderLibrary: Display: ShaderCodeLibraryPakFileMountedCallback: PakFile 'E:/EpicGames/UE_4.27/FeaturePacks/TP_VehicleAdvBP.upack' (chunk index -1, root 'root:/') mounted
[2022.04.30-21.59.04:613][  0]LogShaderLibrary: Display: ShaderCodeLibraryPakFileMountedCallback: pending pak file info (ChunkID:-1 Root:root:/ File:E:/EpicGames/UE_4.27/FeaturePacks/TP_VehicleAdvBP.upack)
[2022.04.30-21.59.04:614][  0]LogPakFile: OnPakFileMounted2Time == 0.000352
[2022.04.30-21.59.04:615][  0]LogPakFile: PakFile PrimaryIndexSize=185
[2022.04.30-21.59.04:615][  0]LogPakFile: PakFile PathHashIndexSize=101
[2022.04.30-21.59.04:615][  0]LogPakFile: PakFile FullDirectoryIndexSize=144
[2022.04.30-21.59.04:615][  0]LogShaderLibrary: Display: ShaderCodeLibraryPakFileMountedCallback: PakFile 'E:/EpicGames/UE_4.27/FeaturePacks/TP_VehicleBP.upack' (chunk index -1, root 'root:/') mounted
[2022.04.30-21.59.04:615][  0]LogShaderLibrary: Display: ShaderCodeLibraryPakFileMountedCallback: pending pak file info (ChunkID:-1 Root:root:/ File:E:/EpicGames/UE_4.27/FeaturePacks/TP_VehicleBP.upack)
[2022.04.30-21.59.04:615][  0]LogPakFile: OnPakFileMounted2Time == 0.000347
[2022.04.30-21.59.04:617][  0]LogPakFile: PakFile PrimaryIndexSize=192
[2022.04.30-21.59.04:617][  0]LogPakFile: PakFile PathHashIndexSize=101
[2022.04.30-21.59.04:617][  0]LogPakFile: PakFile FullDirectoryIndexSize=158
[2022.04.30-21.59.04:617][  0]LogShaderLibrary: Display: ShaderCodeLibraryPakFileMountedCallback: PakFile 'E:/EpicGames/UE_4.27/FeaturePacks/TP_VirtualRealityBP.upack' (chunk index -1, root 'root:/') mounted
[2022.04.30-21.59.04:617][  0]LogShaderLibrary: Display: ShaderCodeLibraryPakFileMountedCallback: pending pak file info (ChunkID:-1 Root:root:/ File:E:/EpicGames/UE_4.27/FeaturePacks/TP_VirtualRealityBP.upack)
[2022.04.30-21.59.04:617][  0]LogPakFile: OnPakFileMounted2Time == 0.000342
[2022.04.30-21.59.04:716][  0]LogNativeClassHierarchy: Verbose: Native class hierarchy updated for 'AddContentDialog' in 0.0003 seconds. Added 0 classes and 0 folders.
[2022.04.30-21.59.04:717][  0]LogNativeClassHierarchy: Verbose: Native class hierarchy updated for 'SceneOutliner' in 0.0003 seconds. Added 2 classes and 0 folders.
[2022.04.30-21.59.04:741][  0]LogSlate: Updating window title bar state: overlay mode, drag disabled, window buttons hidden, title bar hidden
[2022.04.30-21.59.04:749][  0]LogSlate: Updating window title bar state: overlay mode, drag disabled, window buttons hidden, title bar hidden
[2022.04.30-21.59.04:756][  0]LogSlate: Updating window title bar state: overlay mode, drag disabled, window buttons hidden, title bar hidden
[2022.04.30-21.59.04:763][  0]LogSlate: Updating window title bar state: overlay mode, drag disabled, window buttons hidden, title bar hidden
[2022.04.30-21.59.04:804][  0]LogSlate: Took 0.000416 seconds to synchronously load lazily loaded font '../../../Engine/Content/Slate/Fonts/Roboto-Regular.ttf' (155K)
[2022.04.30-21.59.04:805][  0]LogSlate: Took 0.000355 seconds to synchronously load lazily loaded font '../../../Engine/Content/Editor/Slate/Fonts/FontAwesome.ttf' (139K)
[2022.04.30-21.59.04:810][  0]LogSlate: Took 0.000473 seconds to synchronously load lazily loaded font '../../../Engine/Content/Slate/Fonts/Roboto-Bold.ttf' (160K)
[2022.04.30-21.59.04:813][  0]LogSlate: Took 0.000273 seconds to synchronously load lazily loaded font '../../../Engine/Content/Slate/Fonts/DroidSansMono.ttf' (77K)
[2022.04.30-21.59.04:976][  0]LogRenderer: Reallocating scene render targets to support 1380x460 Format 10 NumSamples 1 (Frame:1).
[2022.04.30-21.59.05:355][  0]LogNativeClassHierarchy: Verbose: Native class hierarchy updated for 'HierarchicalLODOutliner' in 0.0003 seconds. Added 0 classes and 0 folders.
[2022.04.30-21.59.05:356][  0]LogLoad: (Engine Initialization) Total time: 10.15 seconds
[2022.04.30-21.59.05:356][  0]LogLoad: (Engine Initialization) Total Blueprint compile time: 0.00 seconds
[2022.04.30-21.59.05:397][  0]LogAssetRegistry: Asset discovery search completed in 5.6113 seconds
[2022.04.30-21.59.05:403][  0]LogCollectionManager: Fixed up redirectors for 0 collections in 0.000003 seconds (updated 0 objects)
[2022.04.30-21.59.05:404][  0]LogContentStreaming: Texture pool size now 3000 MB
[2022.04.30-21.59.07:389][ 21]LogPython: Display: Generating Python API stub file...
[2022.04.30-21.59.07:391][ 21]LogPython: Display:   ...generating Python API: glue code
[2022.04.30-21.59.07:653][ 21]LogPython: Display:   ...generating Python API: additional code
[2022.04.30-21.59.07:763][ 21]LogPython: Display:   ...generated: E:/EpicGames/NewFeatures/Intermediate/PythonStub/unreal.py
[2022.04.30-21.59.17:287][952]LogTemp: Warning: Win_Type: Move_Chairs_editor
